Log file open, 03/31/15 00:20:31
LogInit:Display: Running engine for game: ProjectT34mal2hoch3
LogInit: Version: 4.7.3-2479750+++depot+UE4-Releases+4.7
LogInit: API Version: 2455222
LogInit: Compiled (64-bit): Mar 15 2015 23:20:45
LogInit: Compiled with Visual C++: 18.00.21005.01
LogInit: Build Configuration: Development
LogInit: Branch Name: ++depot+UE4-Releases+4.7
LogInit: Command line: 
LogInit: Base directory: C:/Program Files/Epic Games/4.7/Engine/Binaries/Win64/
LogInit: Rocket: 1
[2015.03.30-22.20.31:604][  0]LogTaskGraph: Started task graph with 3 named threads and 4 total threads.
[2015.03.30-22.20.31:710][  0]LogOnline:Warning: No default platform service specified for OnlineSubsystem
[2015.03.30-22.20.31:754][  0]LogInit: Presizing for 0 objects not considered by GC, pre-allocating 0 bytes.
[2015.03.30-22.20.31:775][  0]LogInit: Object subsystem initialized
[2015.03.30-22.20.31:780][  0]LogConsoleResponse:Warning: Skipping Unknown console variable: 'TranslucentSortAxis = (X=0.000000,Y=-1.000000,Z=0.000000)'
[2015.03.30-22.20.31:780][  0]LogConsoleResponse:Warning:   Found in ini file 'C:/Users/Tim/Documents/Unreal Projects/Versuch1/ProjectT34mal2hoch3/Saved/Config/Windows/Engine.ini', in section '[/Script/Engine.RendererSettings]'
[2015.03.30-22.20.31:780][  0]LogConsoleResponse:Warning: Skipping Unknown console variable: 'UIScaleRule = ShortestSide'
[2015.03.30-22.20.31:780][  0]LogConsoleResponse:Warning:   Found in ini file 'C:/Users/Tim/Documents/Unreal Projects/Versuch1/ProjectT34mal2hoch3/Saved/Config/Windows/Engine.ini', in section '[/Script/Engine.RendererSettings]'
[2015.03.30-22.20.31:780][  0]LogConsoleResponse:Warning: Skipping Unknown console variable: 'UIScaleCurve = (EditorCurveData=(Keys=),ExternalCurve=None)'
[2015.03.30-22.20.31:780][  0]LogConsoleResponse:Warning:   Found in ini file 'C:/Users/Tim/Documents/Unreal Projects/Versuch1/ProjectT34mal2hoch3/Saved/Config/Windows/Engine.ini', in section '[/Script/Engine.RendererSettings]'
[2015.03.30-22.20.31:781][  0]LogInit: Selected Device Profile: [Windows]
[2015.03.30-22.20.31:781][  0]LogInit: Applying CVar settings loaded from the selected device profile: [Windows]
[2015.03.30-22.20.31:800][  0]LogInit: Computer: TIM-PC
[2015.03.30-22.20.31:800][  0]LogInit: User: Tim
[2015.03.30-22.20.31:800][  0]LogInit: CPU Page size=4096, Cores=2
[2015.03.30-22.20.31:800][  0]LogInit: High frequency timer resolution =3.118437 MHz
[2015.03.30-22.20.31:801][  0]LogMemory: Memory total: Physical=9.9GB (10GB approx) Virtual=8192.0GB
[2015.03.30-22.20.31:801][  0]LogMemory: Platform Memory Stats for Windows
[2015.03.30-22.20.31:801][  0]LogMemory: Process Physical Memory: 46.90 MB used, 46.90 MB peak
[2015.03.30-22.20.31:801][  0]LogMemory: Process Virtual Memory: 23.07 MB used, 23.07 MB peak
[2015.03.30-22.20.31:801][  0]LogMemory: Physical Memory: 3961.90 MB used, 10167.08 MB total
[2015.03.30-22.20.31:801][  0]LogMemory: Virtual Memory: 276.61 MB used, 8388608.00 MB total
[2015.03.30-22.20.31:961][  0]LogD3D11RHI: Found D3D11 adapter 0: NVIDIA GeForce GTX 770 (Feature Level 11_0)
[2015.03.30-22.20.31:961][  0]LogD3D11RHI: Adapter has 4027MB of dedicated video memory, 0MB of dedicated system memory, and 4827MB of shared system memory, 1 output[s]
[2015.03.30-22.20.31:961][  0]LogD3D11RHI: Chosen D3D11 Adapter Id = 0
[2015.03.30-22.20.31:983][  0]LogRHI: Texture pool is 1361 MB (70% of 1945 MB)
[2015.03.30-22.20.32:002][  0]LogD3D11RHI: Async texture creation enabled
[2015.03.30-22.20.32:180][  0]LogTextLocalizationManager: The requested culture ('de_DE') has no localization data; falling back to 'en' for localization and internationalization data.
[2015.03.30-22.20.32:351][  0]LogTextLocalizationManager:Warning: Loading localization resources contain conflicting entries for (Namespace:UICommands, Key:Save_ToolTip):
Resource: (C:/Program Files/Epic Games/4.7/Engine/Content/Localization/Editor/en/Editor.locres) Hash: (-29098895) String: (Saves the current level to disk)
Resource: (C:/Program Files/Epic Games/4.7/Engine/Content/Localization/Engine/en/Engine.locres) Hash: (-1280300587) String: (Save selected data to vlog file)
[2015.03.30-22.20.32:351][  0]LogTextLocalizationManager:Warning: Loading localization resources contain conflicting entries for (Namespace:ContentBrowser, Key:ImportAssetToolTip):
Resource: (C:/Program Files/Epic Games/4.7/Engine/Content/Localization/Editor/en/Editor.locres) Hash: (-630476809) String: (Import to {0}...)
Resource: (C:/Program Files/Epic Games/4.7/Engine/Content/Localization/Editor/en/Editor.locres) Hash: (1271782899) String: (Imports an asset from file to this folder.)
[2015.03.30-22.20.32:566][  0]LogContentStreaming: Texture pool size is 0.000000MB
[2015.03.30-22.20.37:842][  0]LogTargetPlatformManager:Display: Building Assets For Windows
[2015.03.30-22.20.39:147][  0]LogTargetPlatformManager:Display: Building Assets For Windows
[2015.03.30-22.20.39:303][  0]LogDerivedDataCache:Display: Max Cache Size: 512 MB
[2015.03.30-22.20.39:421][  0]LogDerivedDataCache: Loaded boot cache 0.12s 39MB C:/Users/Tim/AppData/Local/UnrealEngine/4.7/DerivedDataCache/Boot.ddc.
[2015.03.30-22.20.39:421][  0]LogDerivedDataCache:Display: Loaded Boot cache: C:/Users/Tim/AppData/Local/UnrealEngine/4.7/DerivedDataCache/Boot.ddc
[2015.03.30-22.20.39:422][  0]LogDerivedDataCache: FDerivedDataBackendGraph:  Pak pak cache file ../../../../../../Users/Tim/Documents/Unreal Projects/Versuch1/ProjectT34mal2hoch3/DerivedDataCache/DDC.ddp not found, will not use a pak cache.
[2015.03.30-22.20.39:422][  0]LogDerivedDataCache: Unable to find inner node Pak for hierarchical cache Hierarchy.
[2015.03.30-22.20.39:629][  0]LogDerivedDataCache:Display: Pak cache opened for reading ../../../Engine/DerivedDataCache/Compressed.ddp.
[2015.03.30-22.20.39:642][  0]LogDerivedDataCache: Using Local data cache path C:/Users/Tim/AppData/Local/UnrealEngine/Common/DerivedDataCache: Writable
[2015.03.30-22.20.40:443][  0]LogMeshUtilities: No automatic mesh reduction module available
[2015.03.30-22.20.40:443][  0]LogMeshUtilities: No automatic mesh merging module available
[2015.03.30-22.20.41:385][  0]LogInit: WinSock: version 1.1 (2.2), MaxSocks=32767, MaxUdp=65467
[2015.03.30-22.20.41:610][  0]LogSlate:Warning: Failed to load font data from '../../../Engine/Content/Slate/Fonts/Roboto-Italic.ttf'
[2015.03.30-22.20.43:554][  0]UdpMessaging: Initializing bridge on interface 0.0.0.0:0 to multicast group 230.0.0.1:6666.
[2015.03.30-22.20.44:059][  0]SourceControl: Info Source control is disabled
[2015.03.30-22.20.44:059][  0]SourceControl: Info Source control is disabled
[2015.03.30-22.20.44:059][  0]SourceControl: Info Source control is disabled
[2015.03.30-22.20.44:059][  0]LogSourceControl: RunCommandInternalRaw: 'git version'
[2015.03.30-22.20.44:059][  0]LogSourceControl: RunCommandInternalRaw: ExecProcess ReturnCode=2 OutResults=''
[2015.03.30-22.20.44:095][  0]SourceControl: Info Source control is disabled
[2015.03.30-22.20.44:671][  0]LogObj: 24231 objects as part of root set at end of initial load.
[2015.03.30-22.20.44:671][  0]LogUObjectAllocator: 5136440 out of 0 bytes used by permanent object pool.
[2015.03.30-22.20.44:877][  0]LogEngine: Initializing Engine...
[2015.03.30-22.20.48:224][  0]LogInit: XAudio2 using 'Lautsprecher/Kopfhörer (Realtek High Definition Audio)' : 2 channels at 48 kHz using 16 bits per sample (channel mask 0x3)
[2015.03.30-22.20.48:251][  0]LogInit: FAudioDevice initialized.
[2015.03.30-22.20.48:386][  0]LogAIModule: Creating AISystem for world NewWorld
[2015.03.30-22.20.48:444][  0]LogDerivedDataCache: Saved boot cache 0.06s 39MB C:/Users/Tim/AppData/Local/UnrealEngine/4.7/DerivedDataCache/Boot.ddc.
[2015.03.30-22.20.48:464][  0]LogInit: Texture streaming: Enabled
[2015.03.30-22.20.48:731][  0]LogAnalytics: Creating configured Analytics provider AnalyticsET
[2015.03.30-22.20.48:731][  0]LogAnalytics: ET APIKey = Rocket.Release. APIServer = http://et2.epicgames.com/ET2/. AppVersion = 4.7.3-2479750+++depot+UE4-Releases+4.7
[2015.03.30-22.20.48:731][  0]LogAnalytics: ET APIKey = Rocket.Release. DataRouterUploadURL = https://datarouter-public-service-gamedev.ol.epicgames.net/datarouter/api/v1/public/data. AppVersion = 4.7.3-2479750+++depot+UE4-Releases+4.7
[2015.03.30-22.20.48:731][  0]LogAnalytics: SetUserId c5fd52a24d6850d1c633029fc9284b73|9f6f6a0632e64490ab8dba32aeb92367|02faca1b-0e02-495b-954f-51d2c87ed7d6
[2015.03.30-22.20.48:731][  0]LogAnalytics: AnalyticsET::StartSession [Rocket.Release]
[2015.03.30-22.20.48:791][  0]LogInit: Transaction tracking system initialized
[2015.03.30-22.20.49:334][  0]BlueprintLog: New page: Editor Load
[2015.03.30-22.20.49:424][  0]LogAssetRegistry: FAssetRegistry took 0.0097 seconds to start up
[2015.03.30-22.20.49:426][  0]LogDirectoryWatcher:Warning: Failed to begin reading directory changes for ../../../Engine/Plugins/Experimental/CharacterAI/Content/. Error: 0
[2015.03.30-22.20.51:426][  0]LogTargetPlatformManager:Display: Building Assets For Windows
[2015.03.30-22.20.52:483][  0]LogTargetPlatformManager:Display: Building Assets For Windows
[2015.03.30-22.20.53:380][  0]LogLinker:Warning: Can't find file '/Game/FirstPersonBP/FirstPersonOverview'
[2015.03.30-22.20.53:381][  0]LogLinker:Warning: Can't find file '/Game/FirstPersonBP/FirstPersonOverview'
[2015.03.30-22.20.53:381][  0]LogUObjectGlobals:Warning: Failed to find object 'Class /Game/FirstPersonBP/FirstPersonOverview.FirstPersonOverview_C'
[2015.03.30-22.20.53:464][  0]LogSlate:Warning: Failed to load font data from '../../../Engine/Content/Editor/Slate/Fonts/Roboto-Regular.ttf'
[2015.03.30-22.20.53:466][  0]LogSlate:Warning: Failed to load font data from '../../../Engine/Content/Editor/Slate/Fonts/Roboto-Bold.ttf'
[2015.03.30-22.20.53:474][  0]LogConsoleResponse:Display: 
[2015.03.30-22.20.53:805][  0]LogCook:Display: Done creating registry. It took  0.00s.
[2015.03.30-22.20.54:353][  0]SourceControl: Info Source control is disabled
[2015.03.30-22.20.54:353][  0]Cmd: MAP LOAD FILE="../../../../../../Users/Tim/Documents/Unreal Projects/Versuch1/ProjectT34mal2hoch3/Content/FirstPersonBP/Maps/FirstPersonExampleMap.umap" TEMPLATE=0 SHOWPROGRESS=1 FEATURELEVEL=3
[2015.03.30-22.20.54:355][  0]LightingResults: New page: Lighting Build
[2015.03.30-22.20.54:389][  0]MapCheck: New page: Map Check
[2015.03.30-22.20.54:389][  0]LightingResults: New page: Lighting Build
[2015.03.30-22.20.54:420][  0]LogParticles: Destroying 0 GPU particle simulations for FXSystem 0x0000000003F3E520
[2015.03.30-22.20.54:438][  0]LogLinker:Warning: Asset '../../../Engine/Content/EngineMeshes/Humanoid.uasset' has been saved with empty engine version. The asset will be loaded but may be incompatible.
[2015.03.30-22.20.58:210][  0]LogEditorServer: Finished looking for orphan Actors (0.000 secs)
[2015.03.30-22.20.59:910][  0]LogAIModule: Creating AISystem for world FirstPersonExampleMap
[2015.03.30-22.20.59:912][  0]Cmd: MAP CHECKDEP
[2015.03.30-22.20.59:912][  0]MapCheck: New page: FirstPersonExampleMap - Mar 31, 2015, 2:20:59 AM
[2015.03.30-22.21.00:208][  0]MapCheck: Info Map check complete: 0 Error(s), 0 Warning(s), took 295.495ms to complete.
[2015.03.30-22.21.00:209][  0]LogFileHelpers: Loading map 'FirstPersonExampleMap' took 5.854
[2015.03.30-22.21.00:497][  0]LogCollectionManager: Loaded 0 collections in 0.003365 seconds
[2015.03.30-22.21.00:528][  0]LogContentBrowser: Native class hierarchy populated in 0.0298 seconds. Added 1696 classes and 261 folders.
[2015.03.30-22.21.00:620][  0]LogContentBrowser: Native class hierarchy updated for 'SceneOutliner' in 0.0073 seconds. Added 1 classes and 2 folders.
[2015.03.30-22.21.00:752][  0]LogCrashTracker: Crashtracker disabled due to settings.
[2015.03.30-22.21.00:754][  0]LogSlate:Warning: Failed to load font data from 'Veranda'
[2015.03.30-22.21.00:764][  0]LogUObjectGlobals:Warning: Failed to find object 'Class None.'
[2015.03.30-22.21.00:811][  0]LogLoad: Full Startup: 32.51 seconds (BP compile: 1.78 seconds)
[2015.03.30-22.21.00:849][  0]LogContentBrowser:Verbose: The content browser source was changed by the sources view to '/Game/FirstPersonBP'
[2015.03.30-22.21.01:170][  0]LogRenderer:Warning: Reallocating scene render targets to support 1208x576 (Frame:2).
[2015.03.30-22.21.02:047][  8]LogAssetRegistry: Asset discovery search completed in 12.6278 seconds
[2015.03.30-22.21.15:390][365]LogPlayLevel: PIE:  No blueprints needed recompiling
[2015.03.30-22.21.15:390][365]PIE: New page: PIE session: FirstPersonExampleMap (Mar 31, 2015, 2:21:15 AM)
[2015.03.30-22.21.15:439][365]LogPlayLevel: PIE: StaticDuplicateObject took: (0.046287s)
[2015.03.30-22.21.15:441][365]LogPlayLevel: PIE: World Init took: (0.001397s)
[2015.03.30-22.21.15:441][365]LogPlayLevel: PIE: Created PIE world by copying editor world from /Game/FirstPersonBP/Maps/FirstPersonExampleMap.FirstPersonExampleMap to /Game/FirstPersonBP/Maps/UEDPIE_0_FirstPersonExampleMap.FirstPersonExampleMap (0.048178s)
[2015.03.30-22.21.15:824][365]LogWorld: Game class is 'FirstPersonGameMode_C'
[2015.03.30-22.21.15:829][365]LogAIModule: Creating AISystem for world FirstPersonExampleMap
[2015.03.30-22.21.15:856][365]LogWorld: Bringing World /Game/FirstPersonBP/Maps/UEDPIE_0_FirstPersonExampleMap.FirstPersonExampleMap up for play (max tick rate 0) at 2015.03.31-00.21.15
[2015.03.30-22.21.15:860][365]LogWorld: Bringing up level for play took: 0.030037
[2015.03.30-22.21.15:864][365]PIE: Info Play in editor start time for /Game/FirstPersonBP/Maps/UEDPIE_0_FirstPersonExampleMap 0.107
[2015.03.30-22.21.27:781][695]LogParticles: Destroying 0 GPU particle simulations for FXSystem 0x000000003CDEFF60
[2015.03.30-22.21.31:997][749]Cmd: MAP LOAD FILE="../../../Engine/Content/Maps/Templates/Template_Default.umap" TEMPLATE=1 SHOWPROGRESS=1 FEATURELEVEL=3
[2015.03.30-22.21.32:155][749]LightingResults: New page: Lighting Build
[2015.03.30-22.21.32:286][749]LoadErrors: New page: Loading map: Template_Default.umap
[2015.03.30-22.21.32:290][749]MapCheck: New page: Map Check
[2015.03.30-22.21.32:290][749]LightingResults: New page: Lighting Build
[2015.03.30-22.21.32:328][749]LogParticles: Destroying 0 GPU particle simulations for FXSystem 0x000000000D3CD760
[2015.03.30-22.21.32:712][749]LogEditorServer: Finished looking for orphan Actors (0.000 secs)
[2015.03.30-22.21.32:719][749]LogAIModule: Creating AISystem for world Untitled_1
[2015.03.30-22.21.32:795][749]Cmd: MAP CHECKDEP
[2015.03.30-22.21.32:795][749]MapCheck: New page: Untitled_1 - Mar 31, 2015, 2:21:32 AM
[2015.03.30-22.21.33:131][749]MapCheck: Info Map check complete: 0 Error(s), 0 Warning(s), took 335.558ms to complete.
[2015.03.30-22.21.33:131][749]LogFileHelpers: Loading map 'Template_Default' took 1.138
[2015.03.30-22.21.36:519][837]LogEditorViewport: Clicking on Actor (LMB): StaticMeshActor (Floor)
[2015.03.30-22.21.50:492][186]LogEditorViewport: Clicking on Actor (LMB): BP_Sky_Sphere_C (Sky Sphere)
[2015.03.30-22.22.16:707][776]Cmd: BRUSH ADD SELECTNEWBRUSH
[2015.03.30-22.22.25:951][990]LogEditor: Converted: Box Brush to Box Brush
[2015.03.30-22.22.25:955][990]EditorErrors: New page: Actor Reattachment
[2015.03.30-22.22.31:180][123]Cmd: DELETE
[2015.03.30-22.22.31:180][123]Cmd: ACTOR DELETE
[2015.03.30-22.22.31:182][123]LogEditorActor: Deleted Actor: TriggerVolume
[2015.03.30-22.22.31:232][123]LogEditorActor: Deleted 1 Actors (0.051 secs)
[2015.03.30-22.23.16:760][ 13]LogContentBrowser:Verbose: The content browser source was changed by the sources view to '/Game/FirstPersonBP'
[2015.03.30-22.23.21:670][ 68]LogRenderer:Warning: Reallocating scene render targets to support 1208x904 (Frame:3149).
[2015.03.30-22.25.02:096][562]LogParticles: Destroying 0 GPU particle simulations for FXSystem 0x000000000B463C40
[2015.03.30-22.25.19:388][980]Cmd: BRUSH ADD SELECTNEWBRUSH
[2015.03.30-22.25.42:983][529]LogEditorViewport: Clicking on Actor (LMB): StaticMeshActor (Floor)
[2015.03.30-22.25.52:991][756]LogEditorViewport: Clicking on Actor (LMB): StaticMeshActor (Floor)
[2015.03.30-22.26.03:947][  4]LogEditorViewport: Clicking on Component (LMB): StaticMeshComponent (StaticMeshComponent0)
[2015.03.30-22.26.04:607][ 19]LogEditorViewport: Clicking on Actor (LMB): StaticMeshActor (Cube)
[2015.03.30-22.26.34:691][660]LogRenderer:Warning: Reallocating scene render targets to support 1432x928 (Frame:9159).
[2015.03.30-22.27.15:159][493]LogContentBrowser:Verbose: The content browser source was changed by the sources view to '/Game/FirstPersonBP/Blueprints'
[2015.03.30-22.27.31:090][644]LogContentBrowser:Verbose: The content browser source was changed by the sources view to '/Game/FirstPersonBP/Blueprints'
[2015.03.30-22.27.41:048][869]LogActorComponent: UnregisterComponent: (/Engine/Transient.ProjectileMovementComponent_40__A6522401) Not registered. Aborting.
[2015.03.30-22.27.41:051][869]LogActorComponent: UnregisterComponent: (/Engine/Transient.CharMoveComp) Not registered. Aborting.
[2015.03.30-22.27.41:133][869]LogParticles: Destroying 0 GPU particle simulations for FXSystem 0x000000000F6BD4E0
[2015.03.30-22.27.41:159][869]LogParticles: Destroying 0 GPU particle simulations for FXSystem 0x000000000F6EA700
[2015.03.30-22.27.42:576][869]LogObjectTools:Warning: ForceReplaceReferences replaced references for a transient object 'BlueprintComponentNodeSpawner_100' or package '/Engine/Transient'.
[2015.03.30-22.27.42:577][869]LogObjectTools:Warning: ForceReplaceReferences replaced references for a transient object 'DEADCLASS_NewBlueprint_C_0' or package '/Engine/Transient'.
[2015.03.30-22.27.42:577][869]LogObjectTools:Warning: ForceReplaceReferences replaced references for a transient object 'DEADCLASS_NewBlueprint_C_1' or package '/Engine/Transient'.
[2015.03.30-22.27.42:577][869]LogObjectTools:Warning: ForceReplaceReferences replaced references for a transient object 'REINST_SKEL_NewBlueprint_C_108' or package '/Engine/Transient'.
[2015.03.30-22.27.42:577][869]LogObjectTools:Warning: ForceReplaceReferences replaced references for a transient object 'REINST_NewBlueprint_C_107' or package '/Engine/Transient'.
[2015.03.30-22.27.53:669][ 64]LogContentBrowser:Verbose: The content browser source was changed by the sources view to '/Game/FirstPersonBP/Blueprints'
[2015.03.30-22.28.30:717][994]LogActorComponent: UnregisterComponent: (/Engine/Transient.ProjectileMovementComponent_40__A6522401) Not registered. Aborting.
[2015.03.30-22.28.30:717][994]LogActorComponent: UnregisterComponent: (/Engine/Transient.CharMoveComp) Not registered. Aborting.
[2015.03.30-22.28.30:782][994]LogParticles: Destroying 0 GPU particle simulations for FXSystem 0x000000004E19B6A0
[2015.03.30-22.28.44:367][265]LogActorComponent: UnregisterComponent: (/Engine/Transient.ProjectileMovementComponent_40__A6522401) Not registered. Aborting.
[2015.03.30-22.28.44:367][265]LogActorComponent: UnregisterComponent: (/Engine/Transient.CharMoveComp) Not registered. Aborting.
[2015.03.30-22.28.48:431][279]LogActorComponent: UnregisterComponent: (/Engine/Transient.ProjectileMovementComponent_40__A6522401) Not registered. Aborting.
[2015.03.30-22.28.48:431][279]LogActorComponent: UnregisterComponent: (/Engine/Transient.CharMoveComp) Not registered. Aborting.
[2015.03.30-22.28.50:821][280]Cmd: QUIT_EDITOR
[2015.03.30-22.28.51:791][280]LogExit: Preparing to exit.
[2015.03.30-22.28.52:359][280]LogExit: Editor shut down
[2015.03.30-22.28.52:359][280]LogExit: Transaction tracking system shut down
[2015.03.30-22.28.52:371][280]LogParticles: Destroying 0 GPU particle simulations for FXSystem 0x000000000CE14EA0
[2015.03.30-22.28.52:371][280]LogParticles: Destroying 0 GPU particle simulations for FXSystem 0x000000000CE14F40
[2015.03.30-22.28.52:372][280]LogParticles: Destroying 0 GPU particle simulations for FXSystem 0x000000000DFA6200
[2015.03.30-22.28.52:372][280]LogParticles: Destroying 0 GPU particle simulations for FXSystem 0x000000003CDEE520
[2015.03.30-22.28.52:509][280]LogParticles: Destroying 0 GPU particle simulations for FXSystem 0x0000000041987EC0
[2015.03.30-22.28.52:509][280]LogExit: Object subsystem successfully closed.
[2015.03.30-22.28.52:687][280]LogModuleManager: Shutting down and abandoning module StaticMeshEditor (179)
[2015.03.30-22.28.52:688][280]LogModuleManager: Shutting down and abandoning module NewLevelDialog (178)
[2015.03.30-22.28.52:688][280]LogModuleManager: Shutting down and abandoning module CrashTracker (177)
[2015.03.30-22.28.52:688][280]LogModuleManager: Shutting down and abandoning module SuperSearch (176)
[2015.03.30-22.28.52:688][280]LogModuleManager: Shutting down and abandoning module SceneOutliner (175)
[2015.03.30-22.28.52:688][280]LogModuleManager: Shutting down and abandoning module EditorWidgets (174)
[2015.03.30-22.28.52:688][280]LogModuleManager: Shutting down and abandoning module CollectionManager (173)
[2015.03.30-22.28.52:688][280]LogModuleManager: Shutting down and abandoning module StatsViewer (172)
[2015.03.30-22.28.52:688][280]LogModuleManager: Shutting down and abandoning module FoliageEdit (171)
[2015.03.30-22.28.52:688][280]LogModuleManager: Shutting down and abandoning module LandscapeEditor (170)
[2015.03.30-22.28.52:688][280]LogModuleManager: Shutting down and abandoning module MeshPaint (169)
[2015.03.30-22.28.52:688][280]LogModuleManager: Shutting down and abandoning module ActorPickerMode (168)
[2015.03.30-22.28.52:688][280]LogModuleManager: Shutting down and abandoning module GeometryMode (167)
[2015.03.30-22.28.52:688][280]LogModuleManager: Shutting down and abandoning module TextureAlignMode (166)
[2015.03.30-22.28.52:688][280]LogModuleManager: Shutting down and abandoning module BspMode (165)
[2015.03.30-22.28.52:688][280]LogModuleManager: Shutting down and abandoning module PlacementMode (164)
[2015.03.30-22.28.52:688][280]LogModuleManager: Shutting down and abandoning module AutomationWorker (163)
[2015.03.30-22.28.52:688][280]LogModuleManager: Shutting down and abandoning module CharacterAI (162)
[2015.03.30-22.28.52:688][280]LogModuleManager: Shutting down and abandoning module SmartSnapping (161)
[2015.03.30-22.28.52:688][280]LogModuleManager: Shutting down and abandoning module ViewportSnapping (160)
[2015.03.30-22.28.52:689][280]LogModuleManager: Shutting down and abandoning module LogVisualizer (159)
[2015.03.30-22.28.52:689][280]LogModuleManager: Shutting down and abandoning module GameProjectGeneration (158)
[2015.03.30-22.28.52:689][280]LogModuleManager: Shutting down and abandoning module IntroTutorials (157)
[2015.03.30-22.28.52:689][280]LogModuleManager: Shutting down and abandoning module EditorLiveStreaming (156)
[2015.03.30-22.28.52:689][280]LogModuleManager: Shutting down and abandoning module HardwareTargeting (155)
[2015.03.30-22.28.52:689][280]LogModuleManager: Shutting down and abandoning module DeviceProfileEditor (154)
[2015.03.30-22.28.52:689][280]LogModuleManager: Shutting down and abandoning module UndoHistory (153)
[2015.03.30-22.28.52:689][280]LogModuleManager: Shutting down and abandoning module GameplayTagsEditor (152)
[2015.03.30-22.28.52:689][280]LogModuleManager: Shutting down and abandoning module UserFeedback (151)
[2015.03.30-22.28.52:689][280]LogModuleManager: Shutting down and abandoning module XmlParser (150)
[2015.03.30-22.28.52:689][280]LogModuleManager: Shutting down and abandoning module Blutility (149)
[2015.03.30-22.28.52:689][280]LogModuleManager: Shutting down and abandoning module IOSPlatformEditor (148)
[2015.03.30-22.28.52:689][280]LogModuleManager: Shutting down and abandoning module IOSRuntimeSettings (147)
[2015.03.30-22.28.52:689][280]LogModuleManager: Shutting down and abandoning module AndroidDeviceDetection (146)
[2015.03.30-22.28.53:450][280]LogModuleManager: Shutting down and abandoning module AndroidPlatformEditor (145)
[2015.03.30-22.28.53:450][280]LogModuleManager: Shutting down and abandoning module AndroidRuntimeSettings (144)
[2015.03.30-22.28.53:450][280]LogModuleManager: Shutting down and abandoning module ProjectTargetPlatformEditor (143)
[2015.03.30-22.28.53:450][280]LogModuleManager: Shutting down and abandoning module ProjectSettingsViewer (142)
[2015.03.30-22.28.53:450][280]LogModuleManager: Shutting down and abandoning module InputBindingEditor (141)
[2015.03.30-22.28.53:450][280]LogModuleManager: Shutting down and abandoning module EditorSettingsViewer (140)
[2015.03.30-22.28.53:450][280]LogModuleManager: Shutting down and abandoning module SettingsEditor (139)
[2015.03.30-22.28.53:450][280]LogModuleManager: Shutting down and abandoning module ProjectLauncher (138)
[2015.03.30-22.28.53:450][280]LogModuleManager: Shutting down and abandoning module SessionFrontend (137)
[2015.03.30-22.28.53:450][280]LogModuleManager: Shutting down and abandoning module ProfilerClient (136)
[2015.03.30-22.28.53:450][280]LogModuleManager: Shutting down and abandoning module TargetDeviceServices (135)
[2015.03.30-22.28.53:451][280]LogModuleManager: Shutting down and abandoning module DeviceManager (134)
[2015.03.30-22.28.53:451][280]LogModuleManager: Shutting down and abandoning module AutomationController (133)
[2015.03.30-22.28.53:451][280]LogModuleManager: Shutting down and abandoning module AutomationWindow (132)
[2015.03.30-22.28.53:451][280]LogModuleManager: Shutting down and abandoning module Layers (131)
[2015.03.30-22.28.53:451][280]LogModuleManager: Shutting down and abandoning module ComponentVisualizers (130)
[2015.03.30-22.28.53:451][280]LogModuleManager: Shutting down and abandoning module DetailCustomizations (129)
[2015.03.30-22.28.53:451][280]LogModuleManager: Shutting down and abandoning module PackagesDialog (128)
[2015.03.30-22.28.53:452][280]LogModuleManager: Shutting down and abandoning module AssetRegistry (127)
[2015.03.30-22.28.53:653][280]LogModuleManager: Shutting down and abandoning module Persona (126)
[2015.03.30-22.28.53:653][280]LogModuleManager: Shutting down and abandoning module SlateReflector (125)
[2015.03.30-22.28.53:653][280]LogModuleManager: Shutting down and abandoning module LevelEditor (124)
[2015.03.30-22.28.53:655][280]LogModuleManager: Shutting down and abandoning module Kismet (123)
[2015.03.30-22.28.53:655][280]LogModuleManager: Shutting down and abandoning module GraphEditor (122)
[2015.03.30-22.28.53:655][280]LogModuleManager: Shutting down and abandoning module ClassViewer (121)
[2015.03.30-22.28.53:655][280]LogModuleManager: Shutting down and abandoning module Toolbox (120)
[2015.03.30-22.28.53:655][280]LogModuleManager: Shutting down and abandoning module ModuleUI (119)
[2015.03.30-22.28.53:655][280]LogModuleManager: Shutting down and abandoning module MovieSceneTools (118)
[2015.03.30-22.28.53:655][280]LogModuleManager: Shutting down and abandoning module OutputLog (117)
[2015.03.30-22.28.53:655][280]LogModuleManager: Shutting down and abandoning module GammaUI (116)
[2015.03.30-22.28.53:655][280]LogModuleManager: Shutting down and abandoning module Documentation (115)
[2015.03.30-22.28.53:655][280]LogModuleManager: Shutting down and abandoning module GameLiveStreaming (114)
[2015.03.30-22.28.53:655][280]LogModuleManager: Shutting down and abandoning module StreamingPauseRendering (113)
[2015.03.30-22.28.53:655][280]LogModuleManager: Shutting down and abandoning module HTTP (112)
[2015.03.30-22.28.53:656][280]LogModuleManager: Shutting down and abandoning module AnalyticsET (111)
[2015.03.30-22.28.53:656][280]LogModuleManager: Shutting down and abandoning module Analytics (110)
[2015.03.30-22.28.53:656][280]LogModuleManager: Shutting down and abandoning module AITestSuite (109)
[2015.03.30-22.28.53:656][280]LogModuleManager: Shutting down and abandoning module GameplayDebugger (108)
[2015.03.30-22.28.53:656][280]LogModuleManager: Shutting down and abandoning module AIModule (107)
[2015.03.30-22.28.53:656][280]LogModuleManager: Shutting down and abandoning module ProfilerService (106)
[2015.03.30-22.28.53:787][280]LogModuleManager: Shutting down and abandoning module TaskGraph (105)
[2015.03.30-22.28.53:788][280]LogModuleManager: Shutting down and abandoning module SlateRemote (104)
[2015.03.30-22.28.53:788][280]LogModuleManager: Shutting down and abandoning module ScriptEditorPlugin (103)
[2015.03.30-22.28.53:788][280]LogModuleManager: Shutting down and abandoning module CustomMeshComponent (102)
[2015.03.30-22.28.53:788][280]LogModuleManager: Shutting down and abandoning module CableComponent (101)
[2015.03.30-22.28.53:788][280]LogModuleManager: Shutting down and abandoning module MessagingDebugger (100)
[2015.03.30-22.28.53:788][280]LogModuleManager: Shutting down and abandoning module MediaPlayerEditor (99)
[2015.03.30-22.28.53:788][280]LogModuleManager: Shutting down and abandoning module SpeedTreeImporter (98)
[2015.03.30-22.28.53:788][280]LogModuleManager: Shutting down and abandoning module PluginsEditor (97)
[2015.03.30-22.28.53:788][280]LogModuleManager: Shutting down and abandoning module MainFrame (96)
[2015.03.30-22.28.53:788][280]LogModuleManager: Shutting down and abandoning module EpicSurvey (95)
[2015.03.30-22.28.53:788][280]LogModuleManager: Shutting down and abandoning module DesktopPlatform (94)
[2015.03.30-22.28.53:788][280]LogModuleManager: Shutting down and abandoning module DirectoryWatcher (93)
[2015.03.30-22.28.53:789][280]LogModuleManager: Shutting down and abandoning module HotReload (92)
[2015.03.30-22.28.53:789][280]LogModuleManager: Shutting down and abandoning module VisualStudioSourceCodeAccess (91)
[2015.03.30-22.28.53:789][280]LogModuleManager: Shutting down and abandoning module UObjectPlugin (90)
[2015.03.30-22.28.53:789][280]LogModuleManager: Shutting down and abandoning module SubversionSourceControl (89)
[2015.03.30-22.28.53:789][280]LogModuleManager: Shutting down and abandoning module PerforceSourceControl (88)
[2015.03.30-22.28.53:789][280]LogModuleManager: Shutting down and abandoning module SourceControl (87)
[2015.03.30-22.28.53:789][280]LogModuleManager: Shutting down and abandoning module GitSourceControl (86)
[2015.03.30-22.28.53:789][280]LogModuleManager: Shutting down and abandoning module BlankPlugin (85)
[2015.03.30-22.28.53:789][280]LogModuleManager: Shutting down and abandoning module PaperTiledImporter (84)
[2015.03.30-22.28.53:789][280]LogModuleManager: Shutting down and abandoning module PaperJsonImporter (83)
[2015.03.30-22.28.53:789][280]LogModuleManager: Shutting down and abandoning module ContentBrowser (82)
[2015.03.30-22.28.53:790][280]LogModuleManager: Shutting down and abandoning module Paper2DEditor (81)
[2015.03.30-22.28.53:790][280]LogModuleManager: Shutting down and abandoning module ScriptPlugin (80)
[2015.03.30-22.28.53:790][280]LogModuleManager: Shutting down and abandoning module UdpMessaging (79)
[2015.03.30-22.28.53:890][280]LogModuleManager: Shutting down and abandoning module Paper2D (78)
[2015.03.30-22.28.53:890][280]LogModuleManager: Shutting down and abandoning module WindowsMoviePlayer (77)
[2015.03.30-22.28.53:893][280]LogModuleManager: Shutting down and abandoning module Media (76)
[2015.03.30-22.28.53:893][280]LogModuleManager: Shutting down and abandoning module WmfMedia (75)
[2015.03.30-22.28.53:945][280]LogModuleManager: Shutting down and abandoning module OnlineBlueprintSupport (74)
[2015.03.30-22.28.53:945][280]LogModuleManager: Shutting down and abandoning module PropertyEditor (73)
[2015.03.30-22.28.53:945][280]LogModuleManager: Shutting down and abandoning module BehaviorTreeEditor (72)
[2015.03.30-22.28.53:945][280]LogModuleManager: Shutting down and abandoning module FunctionalTesting (71)
[2015.03.30-22.28.53:945][280]LogModuleManager: Shutting down and abandoning module CollisionAnalyzer (70)
[2015.03.30-22.28.53:945][280]LogModuleManager: Shutting down and abandoning module WorkspaceMenuStructure (69)
[2015.03.30-22.28.53:945][280]LogModuleManager: Shutting down and abandoning module MessageLog (68)
[2015.03.30-22.28.53:945][280]LogModuleManager: Shutting down and abandoning module Sequencer (67)
[2015.03.30-22.28.53:945][280]LogModuleManager: Shutting down and abandoning module AssetTools (66)
[2015.03.30-22.28.53:945][280]LogModuleManager: Shutting down and abandoning module UMGEditor (65)
[2015.03.30-22.28.53:945][280]LogModuleManager: Shutting down and abandoning module UMG (64)
[2015.03.30-22.28.53:945][280]LogModuleManager: Shutting down and abandoning module Slate (63)
[2015.03.30-22.28.53:945][280]LogModuleManager: Shutting down and abandoning module EditorStyle (62)
[2015.03.30-22.28.53:962][280]LogModuleManager: Shutting down and abandoning module SessionServices (61)
[2015.03.30-22.28.53:962][280]LogModuleManager: Shutting down and abandoning module SourceCodeAccess (60)
[2015.03.30-22.28.53:962][280]LogModuleManager: Shutting down and abandoning module HeadMountedDisplay (59)
[2015.03.30-22.28.53:962][280]LogModuleManager: Shutting down and abandoning module XAudio2 (58)
[2015.03.30-22.28.53:962][280]LogModuleManager: Shutting down and abandoning module Networking (56)
[2015.03.30-22.28.53:962][280]LogModuleManager: Shutting down and abandoning module Core (55)
[2015.03.30-22.28.53:962][280]LogModuleManager: Shutting down and abandoning module KismetCompiler (54)
[2015.03.30-22.28.53:962][280]LogModuleManager: Shutting down and abandoning module PhysXFormats (53)
[2015.03.30-22.28.53:962][280]LogModuleManager: Shutting down and abandoning module MeshUtilities (52)
[2015.03.30-22.28.53:962][280]LogModuleManager: Shutting down and abandoning module DerivedDataCache (51)
[2015.03.30-22.28.54:023][280]LogDerivedDataCache: Shutdown
[2015.03.30-22.28.54:027][280]LogModuleManager: Shutting down and abandoning module ShaderFormatOpenGL (50)
[2015.03.30-22.28.54:027][280]LogModuleManager: Shutting down and abandoning module ShaderFormatD3D (49)
[2015.03.30-22.28.54:027][280]LogModuleManager: Shutting down and abandoning module MetalShaderFormat (48)
[2015.03.30-22.28.54:027][280]LogModuleManager: Shutting down and abandoning module TextureFormatUncompressed (47)
[2015.03.30-22.28.54:027][280]LogModuleManager: Shutting down and abandoning module TextureFormatPVR (46)
[2015.03.30-22.28.54:027][280]LogModuleManager: Shutting down and abandoning module TextureFormatIntelISPCTexComp (45)
[2015.03.30-22.28.54:027][280]LogModuleManager: Shutting down and abandoning module TextureFormatDXT (44)
[2015.03.30-22.28.54:027][280]LogModuleManager: Shutting down and abandoning module ImageWrapper (43)
[2015.03.30-22.28.54:027][280]LogModuleManager: Shutting down and abandoning module TextureFormatASTC (42)
[2015.03.30-22.28.54:031][280]LogModuleManager: Shutting down and abandoning module TextureFormatAndroid (41)
[2015.03.30-22.28.54:031][280]LogModuleManager: Shutting down and abandoning module AudioFormatOpus (40)
[2015.03.30-22.28.54:036][280]LogModuleManager: Shutting down and abandoning module AudioFormatOgg (39)
[2015.03.30-22.28.54:036][280]LogModuleManager: Shutting down and abandoning module AudioFormatADPCM (38)
[2015.03.30-22.28.54:036][280]LogModuleManager: Shutting down and abandoning module LinuxTargetPlatform (37)
[2015.03.30-22.28.54:036][280]LogModuleManager: Shutting down and abandoning module LinuxServerTargetPlatform (36)
[2015.03.30-22.28.54:036][280]LogModuleManager: Shutting down and abandoning module LinuxNoEditorTargetPlatform (35)
[2015.03.30-22.28.54:036][280]LogModuleManager: Shutting down and abandoning module Messaging (34)
[2015.03.30-22.28.54:036][280]LogModuleManager: Shutting down and abandoning module IOSTargetPlatform (33)
[2015.03.30-22.28.54:036][280]LogModuleManager: Shutting down and abandoning module HTML5TargetPlatform (32)
[2015.03.30-22.28.54:036][280]LogModuleManager: Shutting down and abandoning module Android_PVRTCTargetPlatform (31)
[2015.03.30-22.28.54:036][280]LogModuleManager: Shutting down and abandoning module Android_ETC2TargetPlatform (30)
[2015.03.30-22.28.54:036][280]LogModuleManager: Shutting down and abandoning module Android_ETC1TargetPlatform (29)
[2015.03.30-22.28.54:036][280]LogModuleManager: Shutting down and abandoning module Android_ES31TargetPlatform (28)
[2015.03.30-22.28.54:036][280]LogModuleManager: Shutting down and abandoning module Android_DXTTargetPlatform (27)
[2015.03.30-22.28.54:036][280]LogModuleManager: Shutting down and abandoning module Android_ATCTargetPlatform (26)
[2015.03.30-22.28.54:036][280]LogModuleManager: Shutting down and abandoning module AndroidTargetPlatform (25)
[2015.03.30-22.28.54:036][280]LogModuleManager: Shutting down and abandoning module WindowsTargetPlatform (24)
[2015.03.30-22.28.54:036][280]LogModuleManager: Shutting down and abandoning module WindowsServerTargetPlatform (23)
[2015.03.30-22.28.54:036][280]LogModuleManager: Shutting down and abandoning module WindowsNoEditorTargetPlatform (22)
[2015.03.30-22.28.54:037][280]LogModuleManager: Shutting down and abandoning module WindowsClientTargetPlatform (21)
[2015.03.30-22.28.54:037][280]LogModuleManager: Shutting down and abandoning module TargetPlatform (20)
[2015.03.30-22.28.54:037][280]LogModuleManager: Shutting down and abandoning module InputCore (19)
[2015.03.30-22.28.54:037][280]LogModuleManager: Shutting down and abandoning module Settings (18)
[2015.03.30-22.28.54:037][280]LogModuleManager: Shutting down and abandoning module OnlineSubsystem (16)
[2015.03.30-22.28.54:037][280]LogModuleManager: Shutting down and abandoning module OculusRift (15)
[2015.03.30-22.28.54:037][280]LogModuleManager: Shutting down and abandoning module ExampleDeviceProfileSelector (14)
[2015.03.30-22.28.54:037][280]LogModuleManager: Shutting down and abandoning module TextureCompressor (13)
[2015.03.30-22.28.54:037][280]LogModuleManager: Shutting down and abandoning module ShaderCore (12)
[2015.03.30-22.28.54:037][280]LogModuleManager: Shutting down and abandoning module Landscape (11)
[2015.03.30-22.28.54:037][280]LogModuleManager: Shutting down and abandoning module SlateRHIRenderer (10)
[2015.03.30-22.28.54:074][280]LogModuleManager: Shutting down and abandoning module OpenGLDrv (9)
[2015.03.30-22.28.54:074][280]LogModuleManager: Shutting down and abandoning module D3D11RHI (8)
[2015.03.30-22.28.54:074][280]LogModuleManager: Shutting down and abandoning module Renderer (7)
[2015.03.30-22.28.54:074][280]LogModuleManager: Shutting down and abandoning module Engine (6)
[2015.03.30-22.28.54:074][280]LogModuleManager: Shutting down and abandoning module CoreUObject (5)
[2015.03.30-22.28.54:074][280]LogModuleManager: Shutting down and abandoning module NetworkFile (4)
[2015.03.30-22.28.54:074][280]LogModuleManager: Shutting down and abandoning module StreamingFile (3)
[2015.03.30-22.28.54:074][280]LogModuleManager: Shutting down and abandoning module SandboxFile (2)
[2015.03.30-22.28.54:074][280]LogModuleManager: Shutting down and abandoning module PakFile (1)
[2015.03.30-22.28.54:075][280]LogExit: Exiting.
[2015.03.30-22.28.54:191][280]Log file closed, 03/31/15 00:28:54
