Log file open, 04/02/15 16:43:34
LogInit:Display: Running engine for game: ProjectT34mal2hoch3
LogInit: Version: 4.7.3-2479750+++depot+UE4-Releases+4.7
LogInit: API Version: 2455222
LogInit: Compiled (64-bit): Mar 15 2015 23:20:45
LogInit: Compiled with Visual C++: 18.00.21005.01
LogInit: Build Configuration: Development
LogInit: Branch Name: ++depot+UE4-Releases+4.7
LogInit: Command line:  
LogInit: Base directory: C:/Program Files/Epic Games/4.7/Engine/Binaries/Win64/
LogInit: Rocket: 1
[2015.04.02-14.43.34:847][  0]LogTaskGraph: Started task graph with 3 named threads and 6 total threads.
[2015.04.02-14.43.34:903][  0]LogOnline:Warning: No default platform service specified for OnlineSubsystem
[2015.04.02-14.43.35:151][  0]LogInit: Presizing for 0 objects not considered by GC, pre-allocating 0 bytes.
[2015.04.02-14.43.35:166][  0]LogInit: Object subsystem initialized
[2015.04.02-14.43.35:222][  0]LogConsoleResponse:Warning: Skipping Unknown console variable: 'TranslucentSortAxis = (X=0.000000,Y=-1.000000,Z=0.000000)'
[2015.04.02-14.43.35:222][  0]LogConsoleResponse:Warning:   Found in ini file 'C:/Users/Phil/Documents/GitHub/Versuch1/ProjectT34mal2hoch3/Saved/Config/Windows/Engine.ini', in section '[/Script/Engine.RendererSettings]'
[2015.04.02-14.43.35:222][  0]LogConsoleResponse:Warning: Skipping Unknown console variable: 'UIScaleRule = ShortestSide'
[2015.04.02-14.43.35:222][  0]LogConsoleResponse:Warning:   Found in ini file 'C:/Users/Phil/Documents/GitHub/Versuch1/ProjectT34mal2hoch3/Saved/Config/Windows/Engine.ini', in section '[/Script/Engine.RendererSettings]'
[2015.04.02-14.43.35:222][  0]LogConsoleResponse:Warning: Skipping Unknown console variable: 'UIScaleCurve = (EditorCurveData=(Keys=),ExternalCurve=None)'
[2015.04.02-14.43.35:222][  0]LogConsoleResponse:Warning:   Found in ini file 'C:/Users/Phil/Documents/GitHub/Versuch1/ProjectT34mal2hoch3/Saved/Config/Windows/Engine.ini', in section '[/Script/Engine.RendererSettings]'
[2015.04.02-14.43.35:223][  0]LogInit: Selected Device Profile: [Windows]
[2015.04.02-14.43.35:223][  0]LogInit: Applying CVar settings loaded from the selected device profile: [Windows]
[2015.04.02-14.43.35:309][  0]LogInit: Computer: CHRYSTAL
[2015.04.02-14.43.35:309][  0]LogInit: User: Phil
[2015.04.02-14.43.35:309][  0]LogInit: CPU Page size=4096, Cores=4
[2015.04.02-14.43.35:309][  0]LogInit: High frequency timer resolution =3.312788 MHz
[2015.04.02-14.43.35:309][  0]LogMemory: Memory total: Physical=7.7GB (8GB approx) Virtual=8192.0GB
[2015.04.02-14.43.35:309][  0]LogMemory: Platform Memory Stats for Windows
[2015.04.02-14.43.35:309][  0]LogMemory: Process Physical Memory: 46.34 MB used, 46.34 MB peak
[2015.04.02-14.43.35:309][  0]LogMemory: Process Virtual Memory: 24.52 MB used, 24.52 MB peak
[2015.04.02-14.43.35:309][  0]LogMemory: Physical Memory: 2640.95 MB used, 7917.24 MB total
[2015.04.02-14.43.35:309][  0]LogMemory: Virtual Memory: 288.21 MB used, 8388608.00 MB total
[2015.04.02-14.43.35:527][  0]LogD3D11RHI: Found D3D11 adapter 0: NVIDIA GeForce GTX 670 (Feature Level 11_0)
[2015.04.02-14.43.35:527][  0]LogD3D11RHI: Adapter has 1986MB of dedicated video memory, 0MB of dedicated system memory, and 2048MB of shared system memory, 2 output[s]
[2015.04.02-14.43.35:615][  0]LogD3D11RHI: Found D3D11 adapter 1: Intel(R) HD Graphics (Feature Level 10_0)
[2015.04.02-14.43.35:615][  0]LogD3D11RHI: Adapter has 256MB of dedicated video memory, 0MB of dedicated system memory, and 1504MB of shared system memory, 1 output[s]
[2015.04.02-14.43.35:765][  0]LogD3D11RHI: Found D3D11 adapter 2: Microsoft Basic Render Driver (Feature Level 11_0)
[2015.04.02-14.43.35:765][  0]LogD3D11RHI: Adapter has 0MB of dedicated video memory, 0MB of dedicated system memory, and 256MB of shared system memory, 0 output[s]
[2015.04.02-14.43.35:765][  0]LogD3D11RHI: Chosen D3D11 Adapter Id = 0
[2015.04.02-14.43.35:786][  0]LogRHI: Texture pool is 1361 MB (70% of 1945 MB)
[2015.04.02-14.43.35:798][  0]LogD3D11RHI: Async texture creation enabled
[2015.04.02-14.43.37:005][  0]LogTextLocalizationManager: The requested culture ('en_US') has no localization data; parent culture's ('en') localization data will be used.
[2015.04.02-14.43.37:460][  0]LogTextLocalizationManager:Warning: Loading localization resources contain conflicting entries for (Namespace:UICommands, Key:Save_ToolTip):
Resource: (C:/Program Files/Epic Games/4.7/Engine/Content/Localization/Editor/en/Editor.locres) Hash: (-29098895) String: (Saves the current level to disk)
Resource: (C:/Program Files/Epic Games/4.7/Engine/Content/Localization/Engine/en/Engine.locres) Hash: (-1280300587) String: (Save selected data to vlog file)
[2015.04.02-14.43.37:460][  0]LogTextLocalizationManager:Warning: Loading localization resources contain conflicting entries for (Namespace:ContentBrowser, Key:ImportAssetToolTip):
Resource: (C:/Program Files/Epic Games/4.7/Engine/Content/Localization/Editor/en/Editor.locres) Hash: (-630476809) String: (Import to {0}...)
Resource: (C:/Program Files/Epic Games/4.7/Engine/Content/Localization/Editor/en/Editor.locres) Hash: (1271782899) String: (Imports an asset from file to this folder.)
[2015.04.02-14.43.37:658][  0]LogContentStreaming: Texture pool size is 0.000000MB
[2015.04.02-14.43.44:763][  0]LogTargetPlatformManager:Display: Building Assets For Windows
[2015.04.02-14.43.45:779][  0]LogTargetPlatformManager:Display: Building Assets For Windows
[2015.04.02-14.43.45:920][  0]LogDerivedDataCache:Display: Max Cache Size: 512 MB
[2015.04.02-14.43.46:477][  0]LogDerivedDataCache: Loaded boot cache 0.53s 39MB C:/Users/Phil/AppData/Local/UnrealEngine/4.7/DerivedDataCache/Boot.ddc.
[2015.04.02-14.43.46:477][  0]LogDerivedDataCache:Display: Loaded Boot cache: C:/Users/Phil/AppData/Local/UnrealEngine/4.7/DerivedDataCache/Boot.ddc
[2015.04.02-14.43.46:477][  0]LogDerivedDataCache: FDerivedDataBackendGraph:  Pak pak cache file ../../../../../../Users/Phil/Documents/GitHub/Versuch1/ProjectT34mal2hoch3/DerivedDataCache/DDC.ddp not found, will not use a pak cache.
[2015.04.02-14.43.46:477][  0]LogDerivedDataCache: Unable to find inner node Pak for hierarchical cache Hierarchy.
[2015.04.02-14.43.46:619][  0]LogDerivedDataCache:Display: Pak cache opened for reading ../../../Engine/DerivedDataCache/Compressed.ddp.
[2015.04.02-14.43.46:654][  0]LogDerivedDataCache: Using Local data cache path C:/Users/Phil/AppData/Local/UnrealEngine/Common/DerivedDataCache: Writable
[2015.04.02-14.43.52:893][  0]LogMeshUtilities: No automatic mesh reduction module available
[2015.04.02-14.43.52:893][  0]LogMeshUtilities: No automatic mesh merging module available
[2015.04.02-14.43.57:366][  0]LogInit: WinSock: version 1.1 (2.2), MaxSocks=32767, MaxUdp=65467
[2015.04.02-14.43.58:120][  0]LogSlate:Warning: Failed to load font data from '../../../Engine/Content/Slate/Fonts/Roboto-Italic.ttf'
[2015.04.02-14.44.29:936][  0]LogWmfMedia: Failed to load mf.dll
[2015.04.02-14.44.29:936][  0]LogWmfMedia: Failed to load required Windows Media Foundation libraries
[2015.04.02-14.44.29:965][  0]LogWindowsMoviePlayer:Warning: Could not load mf.dll
[2015.04.02-14.44.29:996][  0]LogWindowsMoviePlayer:Warning: Could not load mfplay.dll
[2015.04.02-14.44.30:630][  0]UdpMessaging: Initializing bridge on interface 0.0.0.0:0 to multicast group 230.0.0.1:6666.
[2015.04.02-14.44.33:947][  0]SourceControl: Info Source control is disabled
[2015.04.02-14.44.34:003][  0]SourceControl: Info Source control is disabled
[2015.04.02-14.44.34:003][  0]SourceControl: Info Source control is disabled
[2015.04.02-14.44.34:003][  0]LogSourceControl: RunCommandInternalRaw: 'git version'
[2015.04.02-14.44.34:003][  0]LogSourceControl: RunCommandInternalRaw: ExecProcess ReturnCode=2 OutResults=''
[2015.04.02-14.44.34:027][  0]SourceControl: Info Source control is disabled
[2015.04.02-14.44.35:128][  0]LogObj: 24231 objects as part of root set at end of initial load.
[2015.04.02-14.44.35:128][  0]LogUObjectAllocator: 5136440 out of 0 bytes used by permanent object pool.
[2015.04.02-14.44.35:831][  0]LogEngine: Initializing Engine...
[2015.04.02-14.44.38:612][  0]LogInit: XAudio2 using 'H/K AVR (High Definition Audio Device)' : 6 channels at 48 kHz using 32 bits per sample (channel mask 0x3f)
[2015.04.02-14.44.38:684][  0]LogInit: FAudioDevice initialized.
[2015.04.02-14.44.40:116][  0]LogAIModule: Creating AISystem for world NewWorld
[2015.04.02-14.44.40:382][  0]LogDerivedDataCache: Saved boot cache 0.04s 39MB C:/Users/Phil/AppData/Local/UnrealEngine/4.7/DerivedDataCache/Boot.ddc.
[2015.04.02-14.44.40:411][  0]LogInit: Texture streaming: Enabled
[2015.04.02-14.44.42:858][  0]LogAnalytics: Creating configured Analytics provider AnalyticsET
[2015.04.02-14.44.42:858][  0]LogAnalytics: ET APIKey = Rocket.Release. APIServer = http://et2.epicgames.com/ET2/. AppVersion = 4.7.3-2479750+++depot+UE4-Releases+4.7
[2015.04.02-14.44.42:858][  0]LogAnalytics: ET APIKey = Rocket.Release. DataRouterUploadURL = https://datarouter-public-service-gamedev.ol.epicgames.net/datarouter/api/v1/public/data. AppVersion = 4.7.3-2479750+++depot+UE4-Releases+4.7
[2015.04.02-14.44.42:858][  0]LogAnalytics: SetUserId 5209201d4658a140bcbb239930df374e|9c4b8e9e14584ce7a983e67074ace873|1b9e10b4-eb58-489a-9118-da70eac816a0
[2015.04.02-14.44.43:028][  0]LogAnalytics: AnalyticsET::StartSession [Rocket.Release]
[2015.04.02-14.44.44:024][  0]LogInit: Transaction tracking system initialized
[2015.04.02-14.44.51:930][  0]BlueprintLog: New page: Editor Load
[2015.04.02-14.44.52:822][  0]LogAssetRegistry: FAssetRegistry took 0.3045 seconds to start up
[2015.04.02-14.44.52:823][  0]LogDirectoryWatcher:Warning: Failed to begin reading directory changes for ../../../Engine/Plugins/Experimental/CharacterAI/Content/. Error: 0
[2015.04.02-14.45.00:216][  0]LogTargetPlatformManager:Display: Building Assets For Windows
[2015.04.02-14.45.00:826][  0]LogTargetPlatformManager:Display: Building Assets For Windows
[2015.04.02-14.45.04:956][  0]LogLinker:Warning: Asset '../../../Engine/Content/Tutorial/Mobile/SettingUpAndroidTutorial.uasset' has been saved with empty engine version. The asset will be loaded but may be incompatible.
[2015.04.02-14.45.06:936][  0]LogSlate:Warning: Failed to load font data from '../../../Engine/Content/Editor/Slate/Fonts/Roboto-Regular.ttf'
[2015.04.02-14.45.06:954][  0]LogSlate:Warning: Failed to load font data from '../../../Engine/Content/Editor/Slate/Fonts/Roboto-Bold.ttf'
[2015.04.02-14.45.07:369][  0]LogConsoleResponse:Display: 
[2015.04.02-14.45.13:718][  0]LogCook:Display: Done creating registry. It took  0.00s.
[2015.04.02-14.45.21:112][  0]SourceControl: Info Source control is disabled
[2015.04.02-14.45.21:421][  0]Cmd: MAP LOAD FILE="../../../../../../Users/Phil/Documents/GitHub/Versuch1/ProjectT34mal2hoch3/Content/FirstPersonBP/Maps/FirstPersonExampleMap.umap" TEMPLATE=0 SHOWPROGRESS=1 FEATURELEVEL=3
[2015.04.02-14.45.21:610][  0]LightingResults: New page: Lighting Build
[2015.04.02-14.45.23:157][  0]MapCheck: New page: Map Check
[2015.04.02-14.45.23:157][  0]LightingResults: New page: Lighting Build
[2015.04.02-14.45.24:962][  0]LogParticles: Destroying 0 GPU particle simulations for FXSystem 0x000000B1CF9B2980
[2015.04.02-14.45.26:454][  0]LogLinker:Warning: Asset '../../../Engine/Content/EngineMeshes/Humanoid.uasset' has been saved with empty engine version. The asset will be loaded but may be incompatible.
[2015.04.02-14.45.37:965][  0]LogTexture:Display: Building textures: Amboss2UV (AutoDXT)
[2015.04.02-14.45.39:354][  0]LogMaterial: Missing cached shader map for material AmbossHMaterial, compiling. 
[2015.04.02-14.45.49:399][  0]LogEditorServer: Finished looking for orphan Actors (0.000 secs)
[2015.04.02-14.45.53:838][  0]LogAIModule: Creating AISystem for world FirstPersonExampleMap
[2015.04.02-14.45.53:921][  0]Cmd: MAP CHECKDEP
[2015.04.02-14.45.53:930][  0]MapCheck: New page: FirstPersonExampleMap - Apr 2, 2015, 6:45:53 PM
[2015.04.02-14.45.54:085][  0]MapCheck: Info Map check complete: 0 Error(s), 0 Warning(s), took 163.086ms to complete.
[2015.04.02-14.45.54:118][  0]LogFileHelpers: Loading map 'FirstPersonExampleMap' took 32.811
[2015.04.02-14.45.55:717][  0]LogCollectionManager: Loaded 0 collections in 0.001824 seconds
[2015.04.02-14.45.55:736][  0]LogContentBrowser: Native class hierarchy populated in 0.0182 seconds. Added 1696 classes and 261 folders.
[2015.04.02-14.45.55:962][  0]LogContentBrowser: Native class hierarchy updated for 'SceneOutliner' in 0.0034 seconds. Added 1 classes and 2 folders.
[2015.04.02-14.45.59:845][  0]LogCrashTracker: Crashtracker disabled due to settings.
[2015.04.02-14.46.00:232][  0]LogSlate:Warning: Failed to load font data from 'Veranda'
[2015.04.02-14.46.01:088][  0]LogUObjectGlobals:Warning: Failed to find object 'Class None.'
[2015.04.02-14.46.01:218][  0]LogLoad: Full Startup: 150.26 seconds (BP compile: 4.32 seconds)
[2015.04.02-14.46.04:402][  0]LogRenderer:Warning: Reallocating scene render targets to support 32x32 (Frame:2).
[2015.04.02-14.46.05:878][  0]LogRenderer:Warning: Reallocating scene render targets to support 1208x576 (Frame:3).
[2015.04.02-14.46.06:006][  1]LogContentBrowser:Verbose: The content browser source was changed by the sources view to '/Game/Objects'
[2015.04.02-14.46.07:338][  5]LogAssetRegistry: Asset discovery search completed in 74.8199 seconds
[2015.04.02-14.46.17:838][ 33]LogEditorViewport: Clicking on Actor (LMB): StaticMeshActor (Amboss)
[2015.04.02-14.46.29:295][ 86]LogContentBrowser: Native class hierarchy updated for 'TextureEditor' in 0.0041 seconds. Added 1 classes and 2 folders.
[2015.04.02-14.46.33:272][510]LogEditorViewport: Clicking on Actor (LMB): StaticMeshActor (Amboss)
[2015.04.02-14.46.33:388][511]LogEditorViewport: Clicking on Component (LMB): StaticMeshComponent (StaticMeshComponent0)
[2015.04.02-14.46.33:954][573]LogEditorViewport: Clicking on Component (context menu): StaticMeshComponent (StaticMeshComponent0)
[2015.04.02-14.46.34:119][574]LogEditorViewport: Clicking on Component (context menu): StaticMeshComponent (StaticMeshComponent0)
[2015.04.02-14.46.35:944][722]LogRenderer:Warning: Reallocating scene render targets to support 1432x928 (Frame:1379).
[2015.04.02-14.47.01:030][680]LogMaterial: Missing cached shader map for material AmbossHMaterial, compiling. 
[2015.04.02-14.47.01:173][680]LogActorComponent: UnregisterComponent: (/Engine/Transient.SkeletalMeshComponent_0) Not registered. Aborting.
[2015.04.02-14.47.01:376][680]LogActorComponent: UnregisterComponent: (/Engine/Transient.SkeletalMeshComponent_0) Not registered. Aborting.
[2015.04.02-14.47.01:377][680]LogActorComponent: RegisterComponentWithWorld: (/Engine/Transient.MaterialEditorMeshComponent_0) Already registered. Aborting.
[2015.04.02-14.47.01:377][680]LogActorComponent: UnregisterComponent: (/Engine/Transient.SkeletalMeshComponent_0) Not registered. Aborting.
[2015.04.02-14.47.01:377][680]LogActorComponent: RegisterComponentWithWorld: (/Engine/Transient.MaterialEditorMeshComponent_0) Already registered. Aborting.
[2015.04.02-14.47.01:400][680]LogMaterial: Missing cached shader map for material AmbossHMaterial, compiling. 
[2015.04.02-14.47.01:407][680]LogMaterial: 0.000070 seconds spent updating 1 materials, 1 interfaces, 0 instances, 0 with static permutations.
[2015.04.02-14.47.01:433][680]LogMaterial: Missing cached shader map for material FMatExpressionPreview MaterialExpressionTextureSample_0, compiling. 
[2015.04.02-14.47.02:197][683]MaterialEditorStats: Info Base pass shader with only dynamic lighting: 29 instructions
[2015.04.02-14.47.02:197][683]MaterialEditorStats: Info Vertex shader: 33 instructions
[2015.04.02-14.47.02:197][683]MaterialEditorStats: Info Texture samplers: 1/16
[2015.04.02-14.47.08:945][451]LogMaterial: Missing cached shader map for material AmbossHMaterial, compiling. 
[2015.04.02-14.47.08:950][451]LogMaterial: 0.000113 seconds spent updating 1 materials, 1 interfaces, 0 instances, 0 with static permutations.
[2015.04.02-14.47.08:975][451]LogMaterial: Missing cached shader map for material FMatExpressionPreview MaterialExpressionTextureSample_0, compiling. 
[2015.04.02-14.47.09:557][513]MaterialEditorStats: Info Base pass shader with only dynamic lighting: 29 instructions
[2015.04.02-14.47.09:558][513]MaterialEditorStats: Info Vertex shader: 33 instructions
[2015.04.02-14.47.09:558][513]MaterialEditorStats: Info Texture samplers: 1/16
[2015.04.02-14.47.12:014][781]LogMaterial: Missing cached shader map for material AmbossHMaterial, compiling. 
[2015.04.02-14.47.12:019][781]LogMaterial: 0.000098 seconds spent updating 1 materials, 1 interfaces, 0 instances, 0 with static permutations.
[2015.04.02-14.47.12:047][781]LogMaterial: Missing cached shader map for material FMatExpressionPreview MaterialExpressionTextureSample_0, compiling. 
[2015.04.02-14.47.12:674][846]MaterialEditorStats: Info Base pass shader with only dynamic lighting: 29 instructions
[2015.04.02-14.47.12:674][846]MaterialEditorStats: Info Vertex shader: 33 instructions
[2015.04.02-14.47.12:674][846]MaterialEditorStats: Info Texture samplers: 1/16
[2015.04.02-14.47.16:002][229]LogMaterialEditor: Applying material AmbossHMaterial
[2015.04.02-14.47.17:405][229]LogMaterial: Missing cached shader map for material AmbossHMaterial, compiling. 
[2015.04.02-14.47.17:424][229]LogMaterial: 0.000098 seconds spent updating 1 materials, 1 interfaces, 0 instances, 0 with static permutations.
[2015.04.02-14.47.17:513][229]LogMaterial: Missing cached shader map for material AmbossHMaterial, compiling. 
[2015.04.02-14.47.17:548][229]LogMaterial: Missing cached shader map for material AmbossHMaterial, compiling. 
[2015.04.02-14.47.17:569][229]LogMaterial: 0.013415 seconds spent updating 1 materials, 1 interfaces, 0 instances, 0 with static permutations.
[2015.04.02-14.47.19:181][414]MaterialEditorStats: Info Base pass shader with only dynamic lighting: 57 instructions
[2015.04.02-14.47.19:181][414]MaterialEditorStats: Info Vertex shader: 33 instructions
[2015.04.02-14.47.19:181][414]MaterialEditorStats: Info Texture samplers: 4/16
[2015.04.02-14.47.23:738][914]LogMaterial: Missing cached shader map for material AmbossHMaterial, compiling. 
[2015.04.02-14.47.23:743][914]LogMaterial: 0.000079 seconds spent updating 1 materials, 1 interfaces, 0 instances, 0 with static permutations.
[2015.04.02-14.47.23:769][914]LogMaterial: Missing cached shader map for material FMatExpressionPreview MaterialExpressionTextureSample_0, compiling. 
[2015.04.02-14.47.24:331][967]MaterialEditorStats: Info Base pass shader with only dynamic lighting: 29 instructions
[2015.04.02-14.47.24:331][967]MaterialEditorStats: Info Vertex shader: 33 instructions
[2015.04.02-14.47.24:331][967]MaterialEditorStats: Info Texture samplers: 1/16
[2015.04.02-14.47.25:159][ 64]LogMaterialEditor: Applying material AmbossHMaterial
[2015.04.02-14.47.26:575][ 64]LogMaterial: Missing cached shader map for material AmbossHMaterial, compiling. 
[2015.04.02-14.47.26:593][ 64]LogMaterial: 0.000106 seconds spent updating 1 materials, 1 interfaces, 0 instances, 0 with static permutations.
[2015.04.02-14.47.26:656][ 64]LogMaterial: Missing cached shader map for material AmbossHMaterial, compiling. 
[2015.04.02-14.47.26:676][ 64]LogMaterial: Missing cached shader map for material AmbossHMaterial, compiling. 
[2015.04.02-14.47.26:686][ 64]LogMaterial: 0.002423 seconds spent updating 1 materials, 1 interfaces, 0 instances, 0 with static permutations.
[2015.04.02-14.47.28:391][264]MaterialEditorStats: Info Base pass shader with only dynamic lighting: 57 instructions
[2015.04.02-14.47.28:391][264]MaterialEditorStats: Info Vertex shader: 33 instructions
[2015.04.02-14.47.28:391][264]MaterialEditorStats: Info Texture samplers: 4/16
[2015.04.02-14.47.52:291][  6]LogMaterial: Missing cached shader map for material AmbossHMaterial, compiling. 
[2015.04.02-14.47.52:295][  6]LogMaterial: 0.000088 seconds spent updating 1 materials, 1 interfaces, 0 instances, 0 with static permutations.
[2015.04.02-14.47.52:338][  6]LogMaterial: Missing cached shader map for material AmbossHMaterial, compiling. 
[2015.04.02-14.47.52:343][  6]LogMaterial: 0.000054 seconds spent updating 1 materials, 1 interfaces, 0 instances, 0 with static permutations.
[2015.04.02-14.47.52:393][  6]LogMaterial: Missing cached shader map for material FMatExpressionPreview MaterialExpressionTextureSample_0, compiling. 
[2015.04.02-14.47.53:362][115]MaterialEditorStats: Info Base pass shader with only dynamic lighting: 29 instructions
[2015.04.02-14.47.53:362][115]MaterialEditorStats: Info Vertex shader: 33 instructions
[2015.04.02-14.47.53:362][115]MaterialEditorStats: Info Texture samplers: 1/16
[2015.04.02-14.47.58:283][687]LogMaterial: Missing cached shader map for material AmbossHMaterial, compiling. 
[2015.04.02-14.47.58:288][687]LogMaterial: 0.000085 seconds spent updating 1 materials, 1 interfaces, 0 instances, 0 with static permutations.
[2015.04.02-14.47.58:861][753]MaterialEditorStats: Info Base pass shader with only dynamic lighting: 30 instructions
[2015.04.02-14.47.58:861][753]MaterialEditorStats: Info Vertex shader: 33 instructions
[2015.04.02-14.47.58:861][753]MaterialEditorStats: Info Texture samplers: 1/16
[2015.04.02-14.48.01:322][ 41]LogMaterial: Missing cached shader map for material AmbossHMaterial, compiling. 
[2015.04.02-14.48.01:326][ 41]LogMaterial: 0.000073 seconds spent updating 1 materials, 1 interfaces, 0 instances, 0 with static permutations.
[2015.04.02-14.48.01:963][114]MaterialEditorStats: Info Base pass shader with only dynamic lighting: 30 instructions
[2015.04.02-14.48.01:963][114]MaterialEditorStats: Info Vertex shader: 33 instructions
[2015.04.02-14.48.01:963][114]MaterialEditorStats: Info Texture samplers: 1/16
[2015.04.02-14.48.03:488][289]LogMaterialEditor: Saving and Compiling material AmbossHMaterial
[2015.04.02-14.48.04:886][289]LogMaterial: Missing cached shader map for material AmbossHMaterial, compiling. 
[2015.04.02-14.48.04:905][289]LogMaterial: 0.000041 seconds spent updating 1 materials, 1 interfaces, 0 instances, 0 with static permutations.
[2015.04.02-14.48.04:968][289]LogMaterial: Missing cached shader map for material AmbossHMaterial, compiling. 
[2015.04.02-14.48.04:992][289]LogMaterial: Missing cached shader map for material AmbossHMaterial, compiling. 
[2015.04.02-14.48.05:003][289]LogMaterial: 0.002643 seconds spent updating 1 materials, 1 interfaces, 0 instances, 0 with static permutations.
[2015.04.02-14.48.06:784][289]LogSavePackage: Save=206.868652ms
[2015.04.02-14.48.06:784][289]LogSavePackage: Moving '../../../../../../Users/Phil/Documents/GitHub/Versuch1/ProjectT34mal2hoch3/Saved/AmbossHMaterial7452A0F547F49CD27F8C49AEC86AD911.tmp' to '../../../../../../Users/Phil/Documents/GitHub/Versuch1/ProjectT34mal2hoch3/Content/Objects/Textures/AmbossHMaterial.uasset'
[2015.04.02-14.48.06:807][289]MaterialEditorStats: Info Base pass shader with only dynamic lighting: 58 instructions
[2015.04.02-14.48.06:807][289]MaterialEditorStats: Info Vertex shader: 33 instructions
[2015.04.02-14.48.06:807][289]MaterialEditorStats: Info Texture samplers: 4/16
[2015.04.02-14.48.15:716][326]LogMaterial: Missing cached shader map for material AmbossHMaterial, compiling. 
[2015.04.02-14.48.15:721][326]LogMaterial: 0.000142 seconds spent updating 1 materials, 1 interfaces, 0 instances, 0 with static permutations.
[2015.04.02-14.48.15:746][326]LogMaterial: Missing cached shader map for material FMatExpressionPreview MaterialExpressionTextureSample_0, compiling. 
[2015.04.02-14.48.16:294][379]MaterialEditorStats: Info Base pass shader with only dynamic lighting: 30 instructions
[2015.04.02-14.48.16:294][379]MaterialEditorStats: Info Vertex shader: 33 instructions
[2015.04.02-14.48.16:294][379]MaterialEditorStats: Info Texture samplers: 1/16
[2015.04.02-14.51.38:505][549]LogFactory: FactoryCreateBinary: Texture with TextureFactory (0 0 C:\Users\Phil\Pictures\Textures\MetalBase0108_2_S_NRM.jpg)
[2015.04.02-14.51.40:846][549]0.018357 seconds to analyze Texture2D /Game/Objects/MetalBase0108_2_S_NRM.MetalBase0108_2_S_NRM

[2015.04.02-14.51.40:871][549]LogTexture:Display: Building textures: MetalBase0108_2_S_NRM (BC5)
[2015.04.02-14.51.40:966][549]LogContentBrowser:Verbose: The content browser source was changed by the sources view to 'None'
[2015.04.02-14.51.40:966][549]LogContentBrowser:Verbose: The content browser source was changed by the sources view to '/Game/Objects'
[2015.04.02-14.51.58:646][553]LogMaterial: Missing cached shader map for material AmbossHMaterial, compiling. 
[2015.04.02-14.51.58:651][553]LogMaterial: 0.000095 seconds spent updating 1 materials, 1 interfaces, 0 instances, 0 with static permutations.
[2015.04.02-14.51.58:651][553]LogMaterial: Missing cached shader map for material FMatExpressionPreview MaterialExpressionTextureSample_1, compiling. 
[2015.04.02-14.51.58:655][553]LogMaterial: Missing cached shader map for material AmbossHMaterial, compiling. 
[2015.04.02-14.51.58:660][553]LogMaterial: 0.000051 seconds spent updating 1 materials, 1 interfaces, 0 instances, 0 with static permutations.
[2015.04.02-14.51.58:684][553]LogMaterial: Missing cached shader map for material FMatExpressionPreview MaterialExpressionTextureSample_1, compiling. 
[2015.04.02-14.51.59:924][685]MaterialEditorStats: Info Base pass shader with only dynamic lighting: 45 instructions
[2015.04.02-14.51.59:924][685]MaterialEditorStats: Info Vertex shader: 33 instructions
[2015.04.02-14.51.59:924][685]MaterialEditorStats: Info Texture samplers: 2/16
[2015.04.02-14.52.04:144][184]LogContentBrowser:Verbose: The content browser source was changed by the sources view to 'None'
[2015.04.02-14.52.04:145][184]LogContentBrowser:Verbose: The content browser source was changed by the sources view to '/Game/Objects'
[2015.04.02-14.52.19:256][901]LogMaterial: Missing cached shader map for material AmbossHMaterial, compiling. 
[2015.04.02-14.52.19:261][901]LogMaterial: 0.000107 seconds spent updating 1 materials, 1 interfaces, 0 instances, 0 with static permutations.
[2015.04.02-14.52.19:309][901]LogMaterial: Missing cached shader map for material FMatExpressionPreview MaterialExpressionTextureSample_1, compiling. 
[2015.04.02-14.52.19:858][951]MaterialEditorStats: Info Base pass shader with only dynamic lighting: 45 instructions
[2015.04.02-14.52.19:858][951]MaterialEditorStats: Info Vertex shader: 33 instructions
[2015.04.02-14.52.19:858][951]MaterialEditorStats: Info Texture samplers: 1/16
[2015.04.02-14.52.24:821][530]LogActorComponent: UnregisterComponent: (/Engine/Transient.SkeletalMeshComponent_0) Not registered. Aborting.
[2015.04.02-14.52.24:821][530]LogActorComponent: RegisterComponentWithWorld: (/Engine/Transient.MaterialEditorMeshComponent_0) Already registered. Aborting.
[2015.04.02-14.52.28:988][ 27]LogActorComponent: UnregisterComponent: (/Engine/Transient.SkeletalMeshComponent_0) Not registered. Aborting.
[2015.04.02-14.52.28:988][ 27]LogActorComponent: RegisterComponentWithWorld: (/Engine/Transient.MaterialEditorMeshComponent_0) Already registered. Aborting.
[2015.04.02-14.52.36:779][957]LogActorComponent: UnregisterComponent: (/Engine/Transient.SkeletalMeshComponent_0) Not registered. Aborting.
[2015.04.02-14.52.36:779][957]LogActorComponent: RegisterComponentWithWorld: (/Engine/Transient.MaterialEditorMeshComponent_0) Already registered. Aborting.
[2015.04.02-14.52.44:007][659]LogActorComponent: UnregisterComponent: (/Engine/Transient.SkeletalMeshComponent_0) Not registered. Aborting.
[2015.04.02-14.52.44:007][659]LogActorComponent: RegisterComponentWithWorld: (/Engine/Transient.MaterialEditorMeshComponent_0) Already registered. Aborting.
[2015.04.02-14.52.49:149][263]LogMaterial: Missing cached shader map for material AmbossHMaterial, compiling. 
[2015.04.02-14.52.49:153][263]LogMaterial: 0.000039 seconds spent updating 1 materials, 1 interfaces, 0 instances, 0 with static permutations.
[2015.04.02-14.52.49:186][263]LogMaterial: Missing cached shader map for material FMatExpressionPreview MaterialExpressionTextureSample_1, compiling. 
[2015.04.02-14.52.50:181][371]MaterialEditorStats: Info Base pass shader with only dynamic lighting: 45 instructions
[2015.04.02-14.52.50:181][371]MaterialEditorStats: Info Vertex shader: 33 instructions
[2015.04.02-14.52.50:181][371]MaterialEditorStats: Info Texture samplers: 1/16
[2015.04.02-14.52.57:466][239]LogMaterialEditor: Saving and Compiling material AmbossHMaterial
[2015.04.02-14.52.58:879][239]LogMaterial: Missing cached shader map for material AmbossHMaterial, compiling. 
[2015.04.02-14.52.58:898][239]LogMaterial: 0.000095 seconds spent updating 1 materials, 1 interfaces, 0 instances, 0 with static permutations.
[2015.04.02-14.52.58:990][239]LogMaterial: Missing cached shader map for material AmbossHMaterial, compiling. 
[2015.04.02-14.52.59:009][239]LogMaterial: Missing cached shader map for material AmbossHMaterial, compiling. 
[2015.04.02-14.52.59:020][239]LogMaterial: 0.002533 seconds spent updating 1 materials, 1 interfaces, 0 instances, 0 with static permutations.
[2015.04.02-14.53.00:739][239]LogSavePackage: Save=150.264374ms
[2015.04.02-14.53.00:739][239]LogSavePackage: Moving '../../../../../../Users/Phil/Documents/GitHub/Versuch1/ProjectT34mal2hoch3/Saved/AmbossHMaterialBE3DFAA240B0D4072A2020A3BC08A3C1.tmp' to '../../../../../../Users/Phil/Documents/GitHub/Versuch1/ProjectT34mal2hoch3/Content/Objects/Textures/AmbossHMaterial.uasset'
[2015.04.02-14.53.00:758][239]MaterialEditorStats: Info Base pass shader with only dynamic lighting: 64 instructions
[2015.04.02-14.53.00:758][239]MaterialEditorStats: Info Vertex shader: 33 instructions
[2015.04.02-14.53.00:758][239]MaterialEditorStats: Info Texture samplers: 4/16
[2015.04.02-14.53.45:930][729]LogSavePackage: Save=2240.108643ms
[2015.04.02-14.53.45:930][729]LogSavePackage: Moving '../../../../../../Users/Phil/Documents/GitHub/Versuch1/ProjectT34mal2hoch3/Saved/FirstPersonExampleMapCCE3B7454DF4AFC02D14BC9005BAA731.tmp' to '../../../../../../Users/Phil/Documents/GitHub/Versuch1/ProjectT34mal2hoch3/Content/FirstPersonBP/Maps/FirstPersonExampleMap.umap'
[2015.04.02-14.54.00:857][234]LogContentBrowser:Verbose: The content browser source was changed by the sources view to '/Game/Objects/Textures'
[2015.04.02-14.55.04:571][528]LogParticles: Destroying 0 GPU particle simulations for FXSystem 0x000000B1E36B9C60
[2015.04.02-14.55.04:571][528]LogParticles: Destroying 0 GPU particle simulations for FXSystem 0x000000B18DF56E80
[2015.04.02-14.55.07:758][528]Cmd: OBJ SAVEPACKAGE PACKAGE="/Game/Objects/Amboss" FILE="../../../../../../Users/Phil/Documents/GitHub/Versuch1/ProjectT34mal2hoch3/Content/Objects/Amboss.uasset" SILENT=true
[2015.04.02-14.55.08:075][528]LogSavePackage: Save=308.422089ms
[2015.04.02-14.55.08:075][528]LogSavePackage: Moving '../../../../../../Users/Phil/Documents/GitHub/Versuch1/ProjectT34mal2hoch3/Saved/Amboss391194D94F668A7BA0349AA0D6FFCC2A.tmp' to '../../../../../../Users/Phil/Documents/GitHub/Versuch1/ProjectT34mal2hoch3/Content/Objects/Amboss.uasset'
[2015.04.02-14.55.09:786][528]LogSavePackage: Save=1670.527344ms
[2015.04.02-14.55.09:786][528]LogSavePackage: Moving '../../../../../../Users/Phil/Documents/GitHub/Versuch1/ProjectT34mal2hoch3/Saved/MetalBase0108_2_S_NRMA2B051B2473AC9CB86A40BB79FC9018F.tmp' to '../../../../../../Users/Phil/Documents/GitHub/Versuch1/ProjectT34mal2hoch3/Content/Objects/MetalBase0108_2_S_NRM.uasset'
[2015.04.02-14.55.10:493][529]Cmd: QUIT_EDITOR
[2015.04.02-14.55.11:014][529]LogExit: Preparing to exit.
[2015.04.02-14.55.12:961][529]LogExit: Editor shut down
[2015.04.02-14.55.12:962][529]LogExit: Transaction tracking system shut down
[2015.04.02-14.55.12:963][529]LogParticles: Destroying 0 GPU particle simulations for FXSystem 0x000000B1D7CF9260
[2015.04.02-14.55.12:963][529]LogParticles: Destroying 0 GPU particle simulations for FXSystem 0x000000B1D08BEDE0
[2015.04.02-14.55.12:963][529]LogParticles: Destroying 0 GPU particle simulations for FXSystem 0x000000B1D0757920
[2015.04.02-14.55.12:963][529]LogParticles: Destroying 0 GPU particle simulations for FXSystem 0x000000B1D0626840
[2015.04.02-14.55.12:963][529]LogParticles: Destroying 0 GPU particle simulations for FXSystem 0x000000B18DF55C60
[2015.04.02-14.55.13:875][529]LogExit: Object subsystem successfully closed.
[2015.04.02-14.55.14:339][529]LogModuleManager: Shutting down and abandoning module MaterialEditor (180)
[2015.04.02-14.55.14:340][529]LogModuleManager: Shutting down and abandoning module StaticMeshEditor (179)
[2015.04.02-14.55.14:340][529]LogModuleManager: Shutting down and abandoning module TextureEditor (178)
[2015.04.02-14.55.14:340][529]LogModuleManager: Shutting down and abandoning module CrashTracker (177)
[2015.04.02-14.55.14:340][529]LogModuleManager: Shutting down and abandoning module SuperSearch (176)
[2015.04.02-14.55.14:340][529]LogModuleManager: Shutting down and abandoning module SceneOutliner (175)
[2015.04.02-14.55.14:344][529]LogModuleManager: Shutting down and abandoning module EditorWidgets (174)
[2015.04.02-14.55.14:344][529]LogModuleManager: Shutting down and abandoning module CollectionManager (173)
[2015.04.02-14.55.14:344][529]LogModuleManager: Shutting down and abandoning module StatsViewer (172)
[2015.04.02-14.55.14:350][529]LogModuleManager: Shutting down and abandoning module FoliageEdit (171)
[2015.04.02-14.55.14:350][529]LogModuleManager: Shutting down and abandoning module LandscapeEditor (170)
[2015.04.02-14.55.14:358][529]LogModuleManager: Shutting down and abandoning module MeshPaint (169)
[2015.04.02-14.55.14:364][529]LogModuleManager: Shutting down and abandoning module ActorPickerMode (168)
[2015.04.02-14.55.14:364][529]LogModuleManager: Shutting down and abandoning module GeometryMode (167)
[2015.04.02-14.55.14:364][529]LogModuleManager: Shutting down and abandoning module TextureAlignMode (166)
[2015.04.02-14.55.14:364][529]LogModuleManager: Shutting down and abandoning module BspMode (165)
[2015.04.02-14.55.14:364][529]LogModuleManager: Shutting down and abandoning module PlacementMode (164)
[2015.04.02-14.55.14:364][529]LogModuleManager: Shutting down and abandoning module AutomationWorker (163)
[2015.04.02-14.55.14:364][529]LogModuleManager: Shutting down and abandoning module CharacterAI (162)
[2015.04.02-14.55.14:364][529]LogModuleManager: Shutting down and abandoning module SmartSnapping (161)
[2015.04.02-14.55.14:364][529]LogModuleManager: Shutting down and abandoning module ViewportSnapping (160)
[2015.04.02-14.55.14:364][529]LogModuleManager: Shutting down and abandoning module LogVisualizer (159)
[2015.04.02-14.55.14:368][529]LogModuleManager: Shutting down and abandoning module GameProjectGeneration (158)
[2015.04.02-14.55.14:368][529]LogModuleManager: Shutting down and abandoning module IntroTutorials (157)
[2015.04.02-14.55.14:385][529]LogModuleManager: Shutting down and abandoning module EditorLiveStreaming (156)
[2015.04.02-14.55.14:385][529]LogModuleManager: Shutting down and abandoning module HardwareTargeting (155)
[2015.04.02-14.55.14:385][529]LogModuleManager: Shutting down and abandoning module DeviceProfileEditor (154)
[2015.04.02-14.55.14:391][529]LogModuleManager: Shutting down and abandoning module UndoHistory (153)
[2015.04.02-14.55.14:391][529]LogModuleManager: Shutting down and abandoning module GameplayTagsEditor (152)
[2015.04.02-14.55.14:391][529]LogModuleManager: Shutting down and abandoning module UserFeedback (151)
[2015.04.02-14.55.14:391][529]LogModuleManager: Shutting down and abandoning module XmlParser (150)
[2015.04.02-14.55.14:391][529]LogModuleManager: Shutting down and abandoning module Blutility (149)
[2015.04.02-14.55.14:391][529]LogModuleManager: Shutting down and abandoning module IOSPlatformEditor (148)
[2015.04.02-14.55.14:391][529]LogModuleManager: Shutting down and abandoning module IOSRuntimeSettings (147)
[2015.04.02-14.55.14:391][529]LogModuleManager: Shutting down and abandoning module AndroidDeviceDetection (146)
[2015.04.02-14.55.14:916][529]LogModuleManager: Shutting down and abandoning module AndroidPlatformEditor (145)
[2015.04.02-14.55.14:916][529]LogModuleManager: Shutting down and abandoning module AndroidRuntimeSettings (144)
[2015.04.02-14.55.14:916][529]LogModuleManager: Shutting down and abandoning module ProjectTargetPlatformEditor (143)
[2015.04.02-14.55.14:916][529]LogModuleManager: Shutting down and abandoning module ProjectSettingsViewer (142)
[2015.04.02-14.55.14:936][529]LogModuleManager: Shutting down and abandoning module InputBindingEditor (141)
[2015.04.02-14.55.14:960][529]LogModuleManager: Shutting down and abandoning module EditorSettingsViewer (140)
[2015.04.02-14.55.14:961][529]LogModuleManager: Shutting down and abandoning module SettingsEditor (139)
[2015.04.02-14.55.14:961][529]LogModuleManager: Shutting down and abandoning module ProjectLauncher (138)
[2015.04.02-14.55.14:977][529]LogModuleManager: Shutting down and abandoning module SessionFrontend (137)
[2015.04.02-14.55.14:983][529]LogModuleManager: Shutting down and abandoning module ProfilerClient (136)
[2015.04.02-14.55.14:983][529]LogModuleManager: Shutting down and abandoning module TargetDeviceServices (135)
[2015.04.02-14.55.14:983][529]LogModuleManager: Shutting down and abandoning module DeviceManager (134)
[2015.04.02-14.55.15:000][529]LogModuleManager: Shutting down and abandoning module AutomationController (133)
[2015.04.02-14.55.15:000][529]LogModuleManager: Shutting down and abandoning module AutomationWindow (132)
[2015.04.02-14.55.15:013][529]LogModuleManager: Shutting down and abandoning module Layers (131)
[2015.04.02-14.55.15:036][529]LogModuleManager: Shutting down and abandoning module ComponentVisualizers (130)
[2015.04.02-14.55.15:036][529]LogModuleManager: Shutting down and abandoning module DetailCustomizations (129)
[2015.04.02-14.55.15:036][529]LogModuleManager: Shutting down and abandoning module PackagesDialog (128)
[2015.04.02-14.55.15:036][529]LogModuleManager: Shutting down and abandoning module AssetRegistry (127)
[2015.04.02-14.55.15:179][529]LogModuleManager: Shutting down and abandoning module Persona (126)
[2015.04.02-14.55.15:248][529]LogModuleManager: Shutting down and abandoning module SlateReflector (125)
[2015.04.02-14.55.15:262][529]LogModuleManager: Shutting down and abandoning module LevelEditor (124)
[2015.04.02-14.55.15:271][529]LogModuleManager: Shutting down and abandoning module Kismet (123)
[2015.04.02-14.55.15:280][529]LogModuleManager: Shutting down and abandoning module GraphEditor (122)
[2015.04.02-14.55.15:280][529]LogModuleManager: Shutting down and abandoning module ClassViewer (121)
[2015.04.02-14.55.15:280][529]LogModuleManager: Shutting down and abandoning module Toolbox (120)
[2015.04.02-14.55.15:280][529]LogModuleManager: Shutting down and abandoning module ModuleUI (119)
[2015.04.02-14.55.15:280][529]LogModuleManager: Shutting down and abandoning module MovieSceneTools (118)
[2015.04.02-14.55.15:288][529]LogModuleManager: Shutting down and abandoning module OutputLog (117)
[2015.04.02-14.55.15:288][529]LogModuleManager: Shutting down and abandoning module GammaUI (116)
[2015.04.02-14.55.15:288][529]LogModuleManager: Shutting down and abandoning module Documentation (115)
[2015.04.02-14.55.15:288][529]LogModuleManager: Shutting down and abandoning module GameLiveStreaming (114)
[2015.04.02-14.55.15:288][529]LogModuleManager: Shutting down and abandoning module StreamingPauseRendering (113)
[2015.04.02-14.55.15:288][529]LogModuleManager: Shutting down and abandoning module HTTP (112)
[2015.04.02-14.55.15:296][529]LogModuleManager: Shutting down and abandoning module AnalyticsET (111)
[2015.04.02-14.55.15:297][529]LogModuleManager: Shutting down and abandoning module Analytics (110)
[2015.04.02-14.55.15:297][529]LogModuleManager: Shutting down and abandoning module AITestSuite (109)
[2015.04.02-14.55.15:297][529]LogModuleManager: Shutting down and abandoning module GameplayDebugger (108)
[2015.04.02-14.55.15:297][529]LogModuleManager: Shutting down and abandoning module AIModule (107)
[2015.04.02-14.55.15:321][529]LogModuleManager: Shutting down and abandoning module ProfilerService (106)
[2015.04.02-14.55.15:441][529]LogModuleManager: Shutting down and abandoning module TaskGraph (105)
[2015.04.02-14.55.15:493][529]LogModuleManager: Shutting down and abandoning module SlateRemote (104)
[2015.04.02-14.55.15:494][529]LogModuleManager: Shutting down and abandoning module ScriptEditorPlugin (103)
[2015.04.02-14.55.15:494][529]LogModuleManager: Shutting down and abandoning module CustomMeshComponent (102)
[2015.04.02-14.55.15:494][529]LogModuleManager: Shutting down and abandoning module CableComponent (101)
[2015.04.02-14.55.15:494][529]LogModuleManager: Shutting down and abandoning module MessagingDebugger (100)
[2015.04.02-14.55.15:565][529]LogModuleManager: Shutting down and abandoning module MediaPlayerEditor (99)
[2015.04.02-14.55.15:571][529]LogModuleManager: Shutting down and abandoning module SpeedTreeImporter (98)
[2015.04.02-14.55.15:571][529]LogModuleManager: Shutting down and abandoning module PluginsEditor (97)
[2015.04.02-14.55.15:575][529]LogModuleManager: Shutting down and abandoning module MainFrame (96)
[2015.04.02-14.55.15:575][529]LogModuleManager: Shutting down and abandoning module EpicSurvey (95)
[2015.04.02-14.55.15:584][529]LogModuleManager: Shutting down and abandoning module DesktopPlatform (94)
[2015.04.02-14.55.15:589][529]LogModuleManager: Shutting down and abandoning module DirectoryWatcher (93)
[2015.04.02-14.55.15:590][529]LogModuleManager: Shutting down and abandoning module HotReload (92)
[2015.04.02-14.55.15:590][529]LogModuleManager: Shutting down and abandoning module VisualStudioSourceCodeAccess (91)
[2015.04.02-14.55.15:590][529]LogModuleManager: Shutting down and abandoning module UObjectPlugin (90)
[2015.04.02-14.55.15:590][529]LogModuleManager: Shutting down and abandoning module SubversionSourceControl (89)
[2015.04.02-14.55.15:593][529]LogModuleManager: Shutting down and abandoning module PerforceSourceControl (88)
[2015.04.02-14.55.15:603][529]LogModuleManager: Shutting down and abandoning module SourceControl (87)
[2015.04.02-14.55.15:607][529]LogModuleManager: Shutting down and abandoning module GitSourceControl (86)
[2015.04.02-14.55.15:607][529]LogModuleManager: Shutting down and abandoning module BlankPlugin (85)
[2015.04.02-14.55.15:607][529]LogModuleManager: Shutting down and abandoning module PaperTiledImporter (84)
[2015.04.02-14.55.15:607][529]LogModuleManager: Shutting down and abandoning module PaperJsonImporter (83)
[2015.04.02-14.55.15:607][529]LogModuleManager: Shutting down and abandoning module ContentBrowser (82)
[2015.04.02-14.55.15:608][529]LogModuleManager: Shutting down and abandoning module Paper2DEditor (81)
[2015.04.02-14.55.15:637][529]LogModuleManager: Shutting down and abandoning module ScriptPlugin (80)
[2015.04.02-14.55.15:641][529]LogModuleManager: Shutting down and abandoning module UdpMessaging (79)
[2015.04.02-14.55.15:742][529]LogModuleManager: Shutting down and abandoning module Paper2D (78)
[2015.04.02-14.55.15:782][529]LogModuleManager: Shutting down and abandoning module WindowsMoviePlayer (77)
[2015.04.02-14.55.15:782][529]LogModuleManager: Shutting down and abandoning module Media (76)
[2015.04.02-14.55.15:782][529]LogModuleManager: Shutting down and abandoning module WmfMedia (75)
[2015.04.02-14.55.15:782][529]LogModuleManager: Shutting down and abandoning module OnlineBlueprintSupport (74)
[2015.04.02-14.55.15:782][529]LogModuleManager: Shutting down and abandoning module PropertyEditor (73)
[2015.04.02-14.55.15:783][529]LogModuleManager: Shutting down and abandoning module BehaviorTreeEditor (72)
[2015.04.02-14.55.15:864][529]LogModuleManager: Shutting down and abandoning module FunctionalTesting (71)
[2015.04.02-14.55.15:864][529]LogModuleManager: Shutting down and abandoning module CollisionAnalyzer (70)
[2015.04.02-14.55.15:882][529]LogModuleManager: Shutting down and abandoning module WorkspaceMenuStructure (69)
[2015.04.02-14.55.15:882][529]LogModuleManager: Shutting down and abandoning module MessageLog (68)
[2015.04.02-14.55.15:882][529]LogModuleManager: Shutting down and abandoning module Sequencer (67)
[2015.04.02-14.55.15:895][529]LogModuleManager: Shutting down and abandoning module AssetTools (66)
[2015.04.02-14.55.15:906][529]LogModuleManager: Shutting down and abandoning module UMGEditor (65)
[2015.04.02-14.55.15:917][529]LogModuleManager: Shutting down and abandoning module UMG (64)
[2015.04.02-14.55.15:917][529]LogModuleManager: Shutting down and abandoning module Slate (63)
[2015.04.02-14.55.15:917][529]LogModuleManager: Shutting down and abandoning module EditorStyle (62)
[2015.04.02-14.55.15:922][529]LogModuleManager: Shutting down and abandoning module SessionServices (61)
[2015.04.02-14.55.15:922][529]LogModuleManager: Shutting down and abandoning module SourceCodeAccess (60)
[2015.04.02-14.55.15:922][529]LogModuleManager: Shutting down and abandoning module HeadMountedDisplay (59)
[2015.04.02-14.55.15:922][529]LogModuleManager: Shutting down and abandoning module XAudio2 (58)
[2015.04.02-14.55.15:922][529]LogModuleManager: Shutting down and abandoning module Networking (56)
[2015.04.02-14.55.15:922][529]LogModuleManager: Shutting down and abandoning module Core (55)
[2015.04.02-14.55.15:922][529]LogModuleManager: Shutting down and abandoning module KismetCompiler (54)
[2015.04.02-14.55.15:922][529]LogModuleManager: Shutting down and abandoning module PhysXFormats (53)
[2015.04.02-14.55.15:922][529]LogModuleManager: Shutting down and abandoning module MeshUtilities (52)
[2015.04.02-14.55.15:955][529]LogModuleManager: Shutting down and abandoning module DerivedDataCache (51)
[2015.04.02-14.55.15:968][529]LogDerivedDataCache: Shutdown
[2015.04.02-14.55.15:968][529]LogModuleManager: Shutting down and abandoning module ShaderFormatOpenGL (50)
[2015.04.02-14.55.15:968][529]LogModuleManager: Shutting down and abandoning module ShaderFormatD3D (49)
[2015.04.02-14.55.15:968][529]LogModuleManager: Shutting down and abandoning module MetalShaderFormat (48)
[2015.04.02-14.55.15:968][529]LogModuleManager: Shutting down and abandoning module TextureFormatUncompressed (47)
[2015.04.02-14.55.15:968][529]LogModuleManager: Shutting down and abandoning module TextureFormatPVR (46)
[2015.04.02-14.55.15:968][529]LogModuleManager: Shutting down and abandoning module TextureFormatIntelISPCTexComp (45)
[2015.04.02-14.55.15:968][529]LogModuleManager: Shutting down and abandoning module TextureFormatDXT (44)
[2015.04.02-14.55.15:968][529]LogModuleManager: Shutting down and abandoning module ImageWrapper (43)
[2015.04.02-14.55.15:968][529]LogModuleManager: Shutting down and abandoning module TextureFormatASTC (42)
[2015.04.02-14.55.15:968][529]LogModuleManager: Shutting down and abandoning module TextureFormatAndroid (41)
[2015.04.02-14.55.15:968][529]LogModuleManager: Shutting down and abandoning module AudioFormatOpus (40)
[2015.04.02-14.55.15:988][529]LogModuleManager: Shutting down and abandoning module AudioFormatOgg (39)
[2015.04.02-14.55.15:988][529]LogModuleManager: Shutting down and abandoning module AudioFormatADPCM (38)
[2015.04.02-14.55.15:988][529]LogModuleManager: Shutting down and abandoning module LinuxTargetPlatform (37)
[2015.04.02-14.55.15:988][529]LogModuleManager: Shutting down and abandoning module LinuxServerTargetPlatform (36)
[2015.04.02-14.55.15:988][529]LogModuleManager: Shutting down and abandoning module LinuxNoEditorTargetPlatform (35)
[2015.04.02-14.55.15:988][529]LogModuleManager: Shutting down and abandoning module Messaging (34)
[2015.04.02-14.55.15:988][529]LogModuleManager: Shutting down and abandoning module IOSTargetPlatform (33)
[2015.04.02-14.55.15:988][529]LogModuleManager: Shutting down and abandoning module HTML5TargetPlatform (32)
[2015.04.02-14.55.15:988][529]LogModuleManager: Shutting down and abandoning module Android_PVRTCTargetPlatform (31)
[2015.04.02-14.55.15:988][529]LogModuleManager: Shutting down and abandoning module Android_ETC2TargetPlatform (30)
[2015.04.02-14.55.15:988][529]LogModuleManager: Shutting down and abandoning module Android_ETC1TargetPlatform (29)
[2015.04.02-14.55.15:988][529]LogModuleManager: Shutting down and abandoning module Android_ES31TargetPlatform (28)
[2015.04.02-14.55.15:988][529]LogModuleManager: Shutting down and abandoning module Android_DXTTargetPlatform (27)
[2015.04.02-14.55.15:988][529]LogModuleManager: Shutting down and abandoning module Android_ATCTargetPlatform (26)
[2015.04.02-14.55.15:988][529]LogModuleManager: Shutting down and abandoning module AndroidTargetPlatform (25)
[2015.04.02-14.55.15:988][529]LogModuleManager: Shutting down and abandoning module WindowsTargetPlatform (24)
[2015.04.02-14.55.15:988][529]LogModuleManager: Shutting down and abandoning module WindowsServerTargetPlatform (23)
[2015.04.02-14.55.15:988][529]LogModuleManager: Shutting down and abandoning module WindowsNoEditorTargetPlatform (22)
[2015.04.02-14.55.15:988][529]LogModuleManager: Shutting down and abandoning module WindowsClientTargetPlatform (21)
[2015.04.02-14.55.15:988][529]LogModuleManager: Shutting down and abandoning module TargetPlatform (20)
[2015.04.02-14.55.15:988][529]LogModuleManager: Shutting down and abandoning module InputCore (19)
[2015.04.02-14.55.15:988][529]LogModuleManager: Shutting down and abandoning module Settings (18)
[2015.04.02-14.55.15:989][529]LogModuleManager: Shutting down and abandoning module OnlineSubsystem (16)
[2015.04.02-14.55.15:989][529]LogModuleManager: Shutting down and abandoning module OculusRift (15)
[2015.04.02-14.55.15:989][529]LogModuleManager: Shutting down and abandoning module ExampleDeviceProfileSelector (14)
[2015.04.02-14.55.15:989][529]LogModuleManager: Shutting down and abandoning module TextureCompressor (13)
[2015.04.02-14.55.15:989][529]LogModuleManager: Shutting down and abandoning module ShaderCore (12)
[2015.04.02-14.55.15:989][529]LogModuleManager: Shutting down and abandoning module Landscape (11)
[2015.04.02-14.55.15:989][529]LogModuleManager: Shutting down and abandoning module SlateRHIRenderer (10)
[2015.04.02-14.55.16:055][529]LogModuleManager: Shutting down and abandoning module OpenGLDrv (9)
[2015.04.02-14.55.16:055][529]LogModuleManager: Shutting down and abandoning module D3D11RHI (8)
[2015.04.02-14.55.16:055][529]LogModuleManager: Shutting down and abandoning module Renderer (7)
[2015.04.02-14.55.16:055][529]LogModuleManager: Shutting down and abandoning module Engine (6)
[2015.04.02-14.55.16:055][529]LogModuleManager: Shutting down and abandoning module CoreUObject (5)
[2015.04.02-14.55.16:056][529]LogModuleManager: Shutting down and abandoning module NetworkFile (4)
[2015.04.02-14.55.16:056][529]LogModuleManager: Shutting down and abandoning module StreamingFile (3)
[2015.04.02-14.55.16:056][529]LogModuleManager: Shutting down and abandoning module SandboxFile (2)
[2015.04.02-14.55.16:056][529]LogModuleManager: Shutting down and abandoning module PakFile (1)
[2015.04.02-14.55.16:063][529]LogExit: Exiting.
[2015.04.02-14.55.16:068][529]Log file closed, 04/02/15 16:55:16
