Log file open, 04/28/15 21:27:04
LogInit:Display: Running engine for game: ProjectT34mal2hoch3
LogInit: Version: 4.7.6-2513093+++depot+UE4-Releases+4.7
LogInit: API Version: 2455222
LogInit: Compiled (64-bit): Apr 15 2015 12:09:54
LogInit: Compiled with Visual C++: 18.00.21005.01
LogInit: Build Configuration: Development
LogInit: Branch Name: ++depot+UE4-Releases+4.7
LogInit: Command line:  
LogInit: Base directory: C:/Program Files/Epic Games/4.7/Engine/Binaries/Win64/
LogInit: Rocket: 1
[2015.04.28-19.27.04:510][  0]LogTaskGraph: Started task graph with 3 named threads and 4 total threads.
[2015.04.28-19.27.04:560][  0]LogOnline:Warning: No default platform service specified for OnlineSubsystem
[2015.04.28-19.27.04:644][  0]LogInit: Presizing for 0 objects not considered by GC, pre-allocating 0 bytes.
[2015.04.28-19.27.04:664][  0]LogInit: Object subsystem initialized
[2015.04.28-19.27.04:666][  0]LogConsoleResponse:Warning: Skipping Unknown console variable: 'TranslucentSortAxis = (X=0.000000,Y=-1.000000,Z=0.000000)'
[2015.04.28-19.27.04:666][  0]LogConsoleResponse:Warning:   Found in ini file 'C:/Users/Tim/Documents/Unreal Projects/Versuch1/ProjectT34mal2hoch3/Saved/Config/Windows/Engine.ini', in section '[/Script/Engine.RendererSettings]'
[2015.04.28-19.27.04:666][  0]LogConsoleResponse:Warning: Skipping Unknown console variable: 'UIScaleRule = ShortestSide'
[2015.04.28-19.27.04:666][  0]LogConsoleResponse:Warning:   Found in ini file 'C:/Users/Tim/Documents/Unreal Projects/Versuch1/ProjectT34mal2hoch3/Saved/Config/Windows/Engine.ini', in section '[/Script/Engine.RendererSettings]'
[2015.04.28-19.27.04:667][  0]LogConsoleResponse:Warning: Skipping Unknown console variable: 'UIScaleCurve = (EditorCurveData=(Keys=),ExternalCurve=None)'
[2015.04.28-19.27.04:667][  0]LogConsoleResponse:Warning:   Found in ini file 'C:/Users/Tim/Documents/Unreal Projects/Versuch1/ProjectT34mal2hoch3/Saved/Config/Windows/Engine.ini', in section '[/Script/Engine.RendererSettings]'
[2015.04.28-19.27.04:667][  0]LogInit: Selected Device Profile: [Windows]
[2015.04.28-19.27.04:667][  0]LogInit: Applying CVar settings loaded from the selected device profile: [Windows]
[2015.04.28-19.27.04:679][  0]LogInit: Computer: TIM-PC
[2015.04.28-19.27.04:679][  0]LogInit: User: Tim
[2015.04.28-19.27.04:679][  0]LogInit: CPU Page size=4096, Cores=2
[2015.04.28-19.27.04:679][  0]LogInit: High frequency timer resolution =3.117197 MHz
[2015.04.28-19.27.04:679][  0]LogMemory: Memory total: Physical=9.9GB (10GB approx) Virtual=8192.0GB
[2015.04.28-19.27.04:680][  0]LogMemory: Platform Memory Stats for Windows
[2015.04.28-19.27.04:680][  0]LogMemory: Process Physical Memory: 46.93 MB used, 46.93 MB peak
[2015.04.28-19.27.04:680][  0]LogMemory: Process Virtual Memory: 23.08 MB used, 23.08 MB peak
[2015.04.28-19.27.04:680][  0]LogMemory: Physical Memory: 5209.75 MB used, 10167.08 MB total
[2015.04.28-19.27.04:680][  0]LogMemory: Virtual Memory: 276.89 MB used, 8388608.00 MB total
[2015.04.28-19.27.04:821][  0]LogD3D11RHI: Found D3D11 adapter 0: NVIDIA GeForce GTX 770 (Feature Level 11_0)
[2015.04.28-19.27.04:821][  0]LogD3D11RHI: Adapter has 4027MB of dedicated video memory, 0MB of dedicated system memory, and 4827MB of shared system memory, 1 output[s]
[2015.04.28-19.27.04:822][  0]LogD3D11RHI: Chosen D3D11 Adapter Id = 0
[2015.04.28-19.27.04:831][  0]LogRHI: Texture pool is 1361 MB (70% of 1945 MB)
[2015.04.28-19.27.04:851][  0]LogD3D11RHI: Async texture creation enabled
[2015.04.28-19.27.05:158][  0]LogTextLocalizationManager: The requested culture ('de_DE') has no localization data; falling back to 'en' for localization and internationalization data.
[2015.04.28-19.27.05:332][  0]LogTextLocalizationManager:Warning: Loading localization resources contain conflicting entries for (Namespace:UICommands, Key:Save_ToolTip):
Resource: (C:/Program Files/Epic Games/4.7/Engine/Content/Localization/Editor/en/Editor.locres) Hash: (-29098895) String: (Saves the current level to disk)
Resource: (C:/Program Files/Epic Games/4.7/Engine/Content/Localization/Engine/en/Engine.locres) Hash: (-1280300587) String: (Save selected data to vlog file)
[2015.04.28-19.27.05:336][  0]LogTextLocalizationManager:Warning: Loading localization resources contain conflicting entries for (Namespace:ContentBrowser, Key:ImportAssetToolTip):
Resource: (C:/Program Files/Epic Games/4.7/Engine/Content/Localization/Editor/en/Editor.locres) Hash: (-630476809) String: (Import to {0}...)
Resource: (C:/Program Files/Epic Games/4.7/Engine/Content/Localization/Editor/en/Editor.locres) Hash: (1271782899) String: (Imports an asset from file to this folder.)
[2015.04.28-19.27.05:516][  0]LogContentStreaming: Texture pool size is 0.000000MB
[2015.04.28-19.27.10:020][  0]LogTargetPlatformManager:Display: Building Assets For Windows
[2015.04.28-19.27.11:434][  0]LogTargetPlatformManager:Display: Building Assets For Windows
[2015.04.28-19.27.11:600][  0]LogDerivedDataCache:Display: Max Cache Size: 512 MB
[2015.04.28-19.27.11:694][  0]LogDerivedDataCache: Loaded boot cache 0.09s 39MB C:/Users/Tim/AppData/Local/UnrealEngine/4.7/DerivedDataCache/Boot.ddc.
[2015.04.28-19.27.11:694][  0]LogDerivedDataCache:Display: Loaded Boot cache: C:/Users/Tim/AppData/Local/UnrealEngine/4.7/DerivedDataCache/Boot.ddc
[2015.04.28-19.27.11:694][  0]LogDerivedDataCache: FDerivedDataBackendGraph:  Pak pak cache file ../../../../../../Users/Tim/Documents/Unreal Projects/Versuch1/ProjectT34mal2hoch3/DerivedDataCache/DDC.ddp not found, will not use a pak cache.
[2015.04.28-19.27.11:694][  0]LogDerivedDataCache: Unable to find inner node Pak for hierarchical cache Hierarchy.
[2015.04.28-19.27.11:887][  0]LogDerivedDataCache:Display: Pak cache opened for reading ../../../Engine/DerivedDataCache/Compressed.ddp.
[2015.04.28-19.27.11:899][  0]LogDerivedDataCache: Using Local data cache path C:/Users/Tim/AppData/Local/UnrealEngine/Common/DerivedDataCache: Writable
[2015.04.28-19.27.12:529][  0]LogMeshUtilities: No automatic mesh reduction module available
[2015.04.28-19.27.12:529][  0]LogMeshUtilities: No automatic mesh merging module available
[2015.04.28-19.27.13:243][  0]LogInit: WinSock: version 1.1 (2.2), MaxSocks=32767, MaxUdp=65467
[2015.04.28-19.27.13:470][  0]LogSlate:Warning: Failed to load font data from '../../../Engine/Content/Slate/Fonts/Roboto-Italic.ttf'
[2015.04.28-19.27.15:473][  0]UdpMessaging: Initializing bridge on interface 0.0.0.0:0 to multicast group 230.0.0.1:6666.
[2015.04.28-19.27.16:060][  0]SourceControl: Info Source control is disabled
[2015.04.28-19.27.16:060][  0]SourceControl: Info Source control is disabled
[2015.04.28-19.27.16:060][  0]SourceControl: Info Source control is disabled
[2015.04.28-19.27.16:060][  0]LogSourceControl: RunCommandInternalRaw: 'git version'
[2015.04.28-19.27.16:060][  0]LogSourceControl: RunCommandInternalRaw: ExecProcess ReturnCode=2 OutResults=''
[2015.04.28-19.27.16:083][  0]SourceControl: Info Source control is disabled
[2015.04.28-19.27.16:708][  0]LogObj: 24232 objects as part of root set at end of initial load.
[2015.04.28-19.27.16:708][  0]LogUObjectAllocator: 5137168 out of 0 bytes used by permanent object pool.
[2015.04.28-19.27.16:904][  0]LogEngine: Initializing Engine...
[2015.04.28-19.27.19:221][  0]LogInit: XAudio2 using 'Lautsprecher/Kopfhörer (Realtek High Definition Audio)' : 2 channels at 48 kHz using 16 bits per sample (channel mask 0x3)
[2015.04.28-19.27.19:263][  0]LogInit: FAudioDevice initialized.
[2015.04.28-19.27.19:387][  0]LogAIModule: Creating AISystem for world NewWorld
[2015.04.28-19.27.19:431][  0]LogDerivedDataCache: Saved boot cache 0.04s 39MB C:/Users/Tim/AppData/Local/UnrealEngine/4.7/DerivedDataCache/Boot.ddc.
[2015.04.28-19.27.19:447][  0]LogInit: Texture streaming: Enabled
[2015.04.28-19.27.19:748][  0]LogAnalytics: Creating configured Analytics provider AnalyticsET
[2015.04.28-19.27.19:748][  0]LogAnalytics: ET APIKey = Rocket.Release. APIServer = http://et2.epicgames.com/ET2/. AppVersion = 4.7.6-2513093+++depot+UE4-Releases+4.7
[2015.04.28-19.27.19:748][  0]LogAnalytics: ET APIKey = Rocket.Release. DataRouterUploadURL = https://datarouter-public-service-gamedev.ol.epicgames.net/datarouter/api/v1/public/data. AppVersion = 4.7.6-2513093+++depot+UE4-Releases+4.7
[2015.04.28-19.27.19:748][  0]LogAnalytics: SetUserId c5fd52a24d6850d1c633029fc9284b73|9f6f6a0632e64490ab8dba32aeb92367|02faca1b-0e02-495b-954f-51d2c87ed7d6
[2015.04.28-19.27.19:748][  0]LogAnalytics: AnalyticsET::StartSession [Rocket.Release]
[2015.04.28-19.27.19:843][  0]LogInit: Transaction tracking system initialized
[2015.04.28-19.27.20:566][  0]BlueprintLog: New page: Editor Load
[2015.04.28-19.27.20:649][  0]LogAssetRegistry: FAssetRegistry took 0.0100 seconds to start up
[2015.04.28-19.27.20:650][  0]LogDirectoryWatcher:Warning: Failed to begin reading directory changes for ../../../Engine/Plugins/Experimental/CharacterAI/Content/. Error: 0
[2015.04.28-19.27.22:260][  0]LogTargetPlatformManager:Display: Building Assets For Windows
[2015.04.28-19.27.22:977][  0]LogTargetPlatformManager:Display: Building Assets For Windows
[2015.04.28-19.27.24:144][  0]LogSlate:Warning: Failed to load font data from '../../../Engine/Content/Editor/Slate/Fonts/Roboto-Regular.ttf'
[2015.04.28-19.27.24:145][  0]LogSlate:Warning: Failed to load font data from '../../../Engine/Content/Editor/Slate/Fonts/Roboto-Bold.ttf'
[2015.04.28-19.27.24:153][  0]LogConsoleResponse:Display: 
[2015.04.28-19.27.24:714][  0]LogCook:Display: Done creating registry. It took  0.00s.
[2015.04.28-19.27.25:459][  0]SourceControl: Info Source control is disabled
[2015.04.28-19.27.48:012][  0]Cmd: MAP LOAD FILE="../../../../../../Users/Tim/Documents/Unreal Projects/Versuch1/ProjectT34mal2hoch3/Content/FirstPersonBP/Maps/FirstPersonExampleMap.umap" TEMPLATE=0 SHOWPROGRESS=1 FEATURELEVEL=3
[2015.04.28-19.27.48:013][  0]LightingResults: New page: Lighting Build
[2015.04.28-19.27.48:099][  0]MapCheck: New page: Map Check
[2015.04.28-19.27.48:099][  0]LightingResults: New page: Lighting Build
[2015.04.28-19.27.48:155][  0]LogParticles: Destroying 0 GPU particle simulations for FXSystem 0x000000000404A520
[2015.04.28-19.27.48:194][  0]LogLinker:Warning: Asset '../../../Engine/Content/EngineMeshes/Humanoid.uasset' has been saved with empty engine version. The asset will be loaded but may be incompatible.
[2015.04.28-19.27.52:586][  0]LogEditorServer: Finished looking for orphan Actors (0.000 secs)
[2015.04.28-19.27.54:430][  0]LogAIModule: Creating AISystem for world FirstPersonExampleMap
[2015.04.28-19.27.54:432][  0]Cmd: MAP CHECKDEP
[2015.04.28-19.27.54:433][  0]MapCheck: New page: FirstPersonExampleMap - Apr 28, 2015, 11:27:54 PM
[2015.04.28-19.27.54:801][  0]MapCheck: Info Map check complete: 0 Error(s), 0 Warning(s), took 368.358ms to complete.
[2015.04.28-19.27.54:801][  0]LogFileHelpers: Loading map 'FirstPersonExampleMap' took 6.789
[2015.04.28-19.27.55:071][  0]LogStats:Warning: MetaData mismatch. Did you assign a stat to two groups? New //STATGROUP_Threads//SplashScreenThread///Thread_3fcc_0///////STATCAT_Advanced//// old //STATGROUP_Threads//SplashScreenThread///Thread_43dc_0///////STATCAT_Advanced////
[2015.04.28-19.27.55:071][  0]LogCollectionManager: Loaded 0 collections in 0.003662 seconds
[2015.04.28-19.27.55:106][  0]LogContentBrowser: Native class hierarchy populated in 0.0343 seconds. Added 1696 classes and 261 folders.
[2015.04.28-19.27.55:228][  0]LogContentBrowser: Native class hierarchy updated for 'SceneOutliner' in 0.0099 seconds. Added 1 classes and 2 folders.
[2015.04.28-19.27.55:380][  0]LogCrashTracker: Crashtracker disabled due to settings.
[2015.04.28-19.27.55:382][  0]LogSlate:Warning: Failed to load font data from 'Veranda'
[2015.04.28-19.27.55:394][  0]LogUObjectGlobals:Warning: Failed to find object 'Class None.'
[2015.04.28-19.27.55:439][  0]LogLoad: Full Startup: 54.01 seconds (BP compile: 1.89 seconds)
[2015.04.28-19.27.55:473][  0]LogContentBrowser:Verbose: The content browser source was changed by the sources view to '/Game/Objects/Textures'
[2015.04.28-19.27.55:690][  0]LogRenderer:Warning: Reallocating scene render targets to support 32x32 (Frame:2).
[2015.04.28-19.27.55:913][  0]LogRenderer:Warning: Reallocating scene render targets to support 1208x576 (Frame:3).
[2015.04.28-19.27.56:389][  9]LogAssetRegistry: Asset discovery search completed in 35.7497 seconds
[2015.04.28-19.28.18:289][976]LogContentBrowser:Verbose: The content browser source was changed by the sources view to '/Game/Objects'
[2015.04.28-19.28.18:745][999]LogContentBrowser:Verbose: The content browser source was changed by the sources view to '/Game/FirstPersonBP'
[2015.04.28-19.28.20:290][ 93]LogContentBrowser:Verbose: The content browser source was changed by the sources view to '/Game/FirstPersonBP/Audio'
[2015.04.28-19.28.20:715][114]LogContentBrowser:Verbose: The content browser source was changed by the sources view to '/Game/FirstPersonBP/Blueprints'
[2015.04.28-19.28.21:517][152]LogContentBrowser:Verbose: The content browser source was changed by the sources view to '/Game/FirstPersonBP/HUD'
[2015.04.28-19.29.15:538][641]LogUObjectGlobals:Warning: Failed to find object 'Object None.'
[2015.04.28-19.29.15:538][641]LogUObjectGlobals:Warning: Failed to find object 'Object None.'
[2015.04.28-19.29.15:538][641]LogUObjectGlobals:Warning: Failed to find object 'Object None.'
[2015.04.28-19.29.15:538][641]LogUObjectGlobals:Warning: Failed to find object 'Object None.'
[2015.04.28-19.29.15:539][641]LogUObjectGlobals:Warning: Failed to find object 'Object None.'
[2015.04.28-19.29.15:540][641]LogProperty:Warning: ObjectProperty /Script/Engine.EdGraphPin:LinkedTo.LinkedTo: unresolved reference to 'EdGraphPin'K2Node_DynamicCast_450.EdGraphPin_20384''
[2015.04.28-19.29.15:548][641]LogProperty:Warning: ObjectProperty /Script/Engine.EdGraphPin:LinkedTo.LinkedTo: unresolved reference to 'EdGraphPin'K2Node_VariableGet_1459.EdGraphPin_20400''
[2015.04.28-19.29.15:548][641]LogProperty:Warning: ObjectProperty /Script/Engine.EdGraphPin:LinkedTo.LinkedTo: unresolved reference to 'EdGraphPin'K2Node_VariableGet_1460.EdGraphPin_20406''
[2015.04.28-19.29.15:550][641]LogUObjectHash:Warning: Ambiguous search, could be K2Node_FunctionResult /Game/FirstPersonBP/HUD/HUDbars.HUDbars:EdGraph_121.K2Node_FunctionResult_0 or K2Node_FunctionResult /Game/FirstPersonBP/HUD/HUDbars.HUDbars:EdGraph_117.K2Node_FunctionResult_0
[2015.04.28-19.29.15:550][641]LogUObjectHash:Warning: Ambiguous search, could be K2Node_FunctionResult /Game/FirstPersonBP/HUD/HUDbars.HUDbars:EdGraph_121.K2Node_FunctionResult_0 or K2Node_FunctionResult /Game/FirstPersonBP/HUD/HUDbars.HUDbars:EdGraph_113.K2Node_FunctionResult_0
[2015.04.28-19.29.15:550][641]LogUObjectHash:Warning: Ambiguous search, could be K2Node_FunctionResult /Game/FirstPersonBP/HUD/HUDbars.HUDbars:EdGraph_121.K2Node_FunctionResult_0 or K2Node_FunctionResult /Game/FirstPersonBP/HUD/HUDbars.HUDbars:EdGraph_109.K2Node_FunctionResult_0
[2015.04.28-19.29.15:550][641]LogUObjectHash:Warning: Ambiguous search, could be K2Node_FunctionResult /Game/FirstPersonBP/HUD/HUDbars.HUDbars:EdGraph_121.K2Node_FunctionResult_0 or K2Node_FunctionResult /Game/FirstPersonBP/HUD/HUDbars.HUDbars:EdGraph_105.K2Node_FunctionResult_0
[2015.04.28-19.29.15:550][641]LogUObjectHash:Warning: Ambiguous search, could be K2Node_FunctionResult /Game/FirstPersonBP/HUD/HUDbars.HUDbars:EdGraph_121.K2Node_FunctionResult_0 or K2Node_FunctionResult /Game/FirstPersonBP/HUD/HUDbars.HUDbars:EdGraph_101.K2Node_FunctionResult_0
[2015.04.28-19.29.15:550][641]LogUObjectHash:Warning: Ambiguous search, could be K2Node_FunctionResult /Game/FirstPersonBP/HUD/HUDbars.HUDbars:EdGraph_121.K2Node_FunctionResult_0 or K2Node_FunctionResult /Game/FirstPersonBP/HUD/HUDbars.HUDbars:EdGraph_97.K2Node_FunctionResult_0
[2015.04.28-19.29.15:550][641]LogUObjectHash:Warning: Ambiguous search, could be K2Node_FunctionResult /Game/FirstPersonBP/HUD/HUDbars.HUDbars:EdGraph_121.K2Node_FunctionResult_0 or K2Node_FunctionResult /Game/FirstPersonBP/HUD/HUDbars.HUDbars:Get_Healthbar_Percent.K2Node_FunctionResult_0
[2015.04.28-19.29.15:550][641]LogProperty:Warning: ObjectProperty /Script/Engine.EdGraphPin:LinkedTo.LinkedTo: unresolved reference to 'EdGraphPin'K2Node_FunctionResult_0.EdGraphPin_16455''
[2015.04.28-19.29.15:550][641]LogProperty:Warning: ObjectProperty /Script/Engine.EdGraphPin:LinkedTo.LinkedTo: unresolved reference to 'EdGraphPin'K2Node_FunctionEntry_130.EdGraphPin_16454''
[2015.04.28-19.29.15:554][641]LogProperty:Warning: ObjectProperty /Script/Engine.EdGraphPin:LinkedTo.LinkedTo: unresolved reference to 'EdGraphPin'K2Node_CallFunction_2863.EdGraphPin_19238''
[2015.04.28-19.29.15:557][641]LogProperty:Warning: ObjectProperty /Script/Engine.EdGraphPin:LinkedTo.LinkedTo: unresolved reference to 'EdGraphPin'K2Node_CallFunction_2863.EdGraphPin_19239''
[2015.04.28-19.29.15:563][641]LogUObjectHash:Warning: Ambiguous search, could be K2Node_FunctionResult /Game/FirstPersonBP/HUD/HUDbars.HUDbars:EdGraph_121.K2Node_FunctionResult_0 or K2Node_FunctionResult /Game/FirstPersonBP/HUD/HUDbars.HUDbars:EdGraph_117.K2Node_FunctionResult_0
[2015.04.28-19.29.15:563][641]LogUObjectHash:Warning: Ambiguous search, could be K2Node_FunctionResult /Game/FirstPersonBP/HUD/HUDbars.HUDbars:EdGraph_121.K2Node_FunctionResult_0 or K2Node_FunctionResult /Game/FirstPersonBP/HUD/HUDbars.HUDbars:EdGraph_113.K2Node_FunctionResult_0
[2015.04.28-19.29.15:563][641]LogUObjectHash:Warning: Ambiguous search, could be K2Node_FunctionResult /Game/FirstPersonBP/HUD/HUDbars.HUDbars:EdGraph_121.K2Node_FunctionResult_0 or K2Node_FunctionResult /Game/FirstPersonBP/HUD/HUDbars.HUDbars:EdGraph_109.K2Node_FunctionResult_0
[2015.04.28-19.29.15:563][641]LogUObjectHash:Warning: Ambiguous search, could be K2Node_FunctionResult /Game/FirstPersonBP/HUD/HUDbars.HUDbars:EdGraph_121.K2Node_FunctionResult_0 or K2Node_FunctionResult /Game/FirstPersonBP/HUD/HUDbars.HUDbars:EdGraph_105.K2Node_FunctionResult_0
[2015.04.28-19.29.15:564][641]LogUObjectHash:Warning: Ambiguous search, could be K2Node_FunctionResult /Game/FirstPersonBP/HUD/HUDbars.HUDbars:EdGraph_121.K2Node_FunctionResult_0 or K2Node_FunctionResult /Game/FirstPersonBP/HUD/HUDbars.HUDbars:EdGraph_101.K2Node_FunctionResult_0
[2015.04.28-19.29.15:564][641]LogUObjectHash:Warning: Ambiguous search, could be K2Node_FunctionResult /Game/FirstPersonBP/HUD/HUDbars.HUDbars:EdGraph_121.K2Node_FunctionResult_0 or K2Node_FunctionResult /Game/FirstPersonBP/HUD/HUDbars.HUDbars:EdGraph_97.K2Node_FunctionResult_0
[2015.04.28-19.29.15:564][641]LogUObjectHash:Warning: Ambiguous search, could be K2Node_FunctionResult /Game/FirstPersonBP/HUD/HUDbars.HUDbars:EdGraph_121.K2Node_FunctionResult_0 or K2Node_FunctionResult /Game/FirstPersonBP/HUD/HUDbars.HUDbars:Get_Healthbar_Percent.K2Node_FunctionResult_0
[2015.04.28-19.29.15:564][641]LogProperty:Warning: ObjectProperty /Script/Engine.EdGraphPin:LinkedTo.LinkedTo: unresolved reference to 'EdGraphPin'K2Node_FunctionResult_0.EdGraphPin_16456''
[2015.04.28-19.29.34:360][ 82]LogUObjectGlobals:Warning: Failed to find object 'Object None.'
[2015.04.28-19.29.34:360][ 82]LogUObjectGlobals:Warning: Failed to find object 'Object None.'
[2015.04.28-19.29.34:364][ 82]LogUObjectHash:Warning: Ambiguous search, could be K2Node_DynamicCast /Game/FirstPersonBP/HUD/HUDbars.HUDbars:Get_Magicbar_Percent.K2Node_DynamicCast_450 or K2Node_DynamicCast /Game/FirstPersonBP/HUD/HUDbars.HUDbars:Get_Staminabar_Percent.K2Node_DynamicCast_450
[2015.04.28-19.29.34:370][ 82]LogUObjectHash:Warning: Ambiguous search, could be K2Node_FunctionEntry /Game/FirstPersonBP/HUD/HUDbars.HUDbars:EdGraph_122.K2Node_FunctionEntry_147 or K2Node_FunctionEntry /Game/FirstPersonBP/HUD/HUDbars.HUDbars:EdGraph_118.K2Node_FunctionEntry_147
[2015.04.28-19.29.34:370][ 82]LogUObjectHash:Warning: Ambiguous search, could be K2Node_FunctionEntry /Game/FirstPersonBP/HUD/HUDbars.HUDbars:EdGraph_122.K2Node_FunctionEntry_147 or K2Node_FunctionEntry /Game/FirstPersonBP/HUD/HUDbars.HUDbars:EdGraph_114.K2Node_FunctionEntry_147
[2015.04.28-19.29.34:370][ 82]LogUObjectHash:Warning: Ambiguous search, could be K2Node_FunctionEntry /Game/FirstPersonBP/HUD/HUDbars.HUDbars:EdGraph_122.K2Node_FunctionEntry_147 or K2Node_FunctionEntry /Game/FirstPersonBP/HUD/HUDbars.HUDbars:EdGraph_110.K2Node_FunctionEntry_147
[2015.04.28-19.29.34:370][ 82]LogUObjectHash:Warning: Ambiguous search, could be K2Node_FunctionEntry /Game/FirstPersonBP/HUD/HUDbars.HUDbars:EdGraph_122.K2Node_FunctionEntry_147 or K2Node_FunctionEntry /Game/FirstPersonBP/HUD/HUDbars.HUDbars:EdGraph_106.K2Node_FunctionEntry_147
[2015.04.28-19.29.34:370][ 82]LogUObjectHash:Warning: Ambiguous search, could be K2Node_FunctionEntry /Game/FirstPersonBP/HUD/HUDbars.HUDbars:EdGraph_122.K2Node_FunctionEntry_147 or K2Node_FunctionEntry /Game/FirstPersonBP/HUD/HUDbars.HUDbars:EdGraph_102.K2Node_FunctionEntry_147
[2015.04.28-19.29.34:370][ 82]LogUObjectHash:Warning: Ambiguous search, could be K2Node_FunctionEntry /Game/FirstPersonBP/HUD/HUDbars.HUDbars:EdGraph_122.K2Node_FunctionEntry_147 or K2Node_FunctionEntry /Game/FirstPersonBP/HUD/HUDbars.HUDbars:EdGraph_98.K2Node_FunctionEntry_147
[2015.04.28-19.29.34:370][ 82]LogUObjectHash:Warning: Ambiguous search, could be K2Node_FunctionEntry /Game/FirstPersonBP/HUD/HUDbars.HUDbars:EdGraph_122.K2Node_FunctionEntry_147 or K2Node_FunctionEntry /Game/FirstPersonBP/HUD/HUDbars.HUDbars:Get_Staminabar_Percent.K2Node_FunctionEntry_147
[2015.04.28-19.29.34:371][ 82]LogUObjectHash:Warning: Ambiguous search, could be K2Node_FunctionResult /Game/FirstPersonBP/HUD/HUDbars.HUDbars:EdGraph_122.K2Node_FunctionResult_1 or K2Node_FunctionResult /Game/FirstPersonBP/HUD/HUDbars.HUDbars:EdGraph_118.K2Node_FunctionResult_1
[2015.04.28-19.29.34:371][ 82]LogUObjectHash:Warning: Ambiguous search, could be K2Node_FunctionResult /Game/FirstPersonBP/HUD/HUDbars.HUDbars:EdGraph_122.K2Node_FunctionResult_1 or K2Node_FunctionResult /Game/FirstPersonBP/HUD/HUDbars.HUDbars:EdGraph_114.K2Node_FunctionResult_1
[2015.04.28-19.29.34:371][ 82]LogUObjectHash:Warning: Ambiguous search, could be K2Node_FunctionResult /Game/FirstPersonBP/HUD/HUDbars.HUDbars:EdGraph_122.K2Node_FunctionResult_1 or K2Node_FunctionResult /Game/FirstPersonBP/HUD/HUDbars.HUDbars:EdGraph_110.K2Node_FunctionResult_1
[2015.04.28-19.29.34:371][ 82]LogUObjectHash:Warning: Ambiguous search, could be K2Node_FunctionResult /Game/FirstPersonBP/HUD/HUDbars.HUDbars:EdGraph_122.K2Node_FunctionResult_1 or K2Node_FunctionResult /Game/FirstPersonBP/HUD/HUDbars.HUDbars:EdGraph_106.K2Node_FunctionResult_1
[2015.04.28-19.29.34:371][ 82]LogUObjectHash:Warning: Ambiguous search, could be K2Node_FunctionResult /Game/FirstPersonBP/HUD/HUDbars.HUDbars:EdGraph_122.K2Node_FunctionResult_1 or K2Node_FunctionResult /Game/FirstPersonBP/HUD/HUDbars.HUDbars:EdGraph_102.K2Node_FunctionResult_1
[2015.04.28-19.29.34:371][ 82]LogUObjectHash:Warning: Ambiguous search, could be K2Node_FunctionResult /Game/FirstPersonBP/HUD/HUDbars.HUDbars:EdGraph_122.K2Node_FunctionResult_1 or K2Node_FunctionResult /Game/FirstPersonBP/HUD/HUDbars.HUDbars:EdGraph_98.K2Node_FunctionResult_1
[2015.04.28-19.29.34:372][ 82]LogUObjectHash:Warning: Ambiguous search, could be K2Node_FunctionResult /Game/FirstPersonBP/HUD/HUDbars.HUDbars:EdGraph_122.K2Node_FunctionResult_1 or K2Node_FunctionResult /Game/FirstPersonBP/HUD/HUDbars.HUDbars:Get_Staminabar_Percent.K2Node_FunctionResult_1
[2015.04.28-19.29.41:558][696]LogUObjectGlobals:Warning: Failed to find object 'Object None.'
[2015.04.28-19.29.41:558][696]LogUObjectGlobals:Warning: Failed to find object 'Object None.'
[2015.04.28-19.29.41:561][696]LogUObjectHash:Warning: Ambiguous search, could be K2Node_DynamicCast /Game/FirstPersonBP/HUD/HUDbars.HUDbars:Get_Healthbar_Percent.K2Node_DynamicCast_450 or K2Node_DynamicCast /Game/FirstPersonBP/HUD/HUDbars.HUDbars:Get_Magicbar_Percent.K2Node_DynamicCast_450
[2015.04.28-19.29.41:561][696]LogUObjectHash:Warning: Ambiguous search, could be K2Node_DynamicCast /Game/FirstPersonBP/HUD/HUDbars.HUDbars:Get_Healthbar_Percent.K2Node_DynamicCast_450 or K2Node_DynamicCast /Game/FirstPersonBP/HUD/HUDbars.HUDbars:Get_Staminabar_Percent.K2Node_DynamicCast_450
[2015.04.28-19.29.41:566][696]LogUObjectHash:Warning: Ambiguous search, could be K2Node_FunctionEntry /Game/FirstPersonBP/HUD/HUDbars.HUDbars:EdGraph_122.K2Node_FunctionEntry_147 or K2Node_FunctionEntry /Game/FirstPersonBP/HUD/HUDbars.HUDbars:EdGraph_118.K2Node_FunctionEntry_147
[2015.04.28-19.29.41:566][696]LogUObjectHash:Warning: Ambiguous search, could be K2Node_FunctionEntry /Game/FirstPersonBP/HUD/HUDbars.HUDbars:EdGraph_122.K2Node_FunctionEntry_147 or K2Node_FunctionEntry /Game/FirstPersonBP/HUD/HUDbars.HUDbars:EdGraph_114.K2Node_FunctionEntry_147
[2015.04.28-19.29.41:567][696]LogUObjectHash:Warning: Ambiguous search, could be K2Node_FunctionEntry /Game/FirstPersonBP/HUD/HUDbars.HUDbars:EdGraph_122.K2Node_FunctionEntry_147 or K2Node_FunctionEntry /Game/FirstPersonBP/HUD/HUDbars.HUDbars:EdGraph_110.K2Node_FunctionEntry_147
[2015.04.28-19.29.41:567][696]LogUObjectHash:Warning: Ambiguous search, could be K2Node_FunctionEntry /Game/FirstPersonBP/HUD/HUDbars.HUDbars:EdGraph_122.K2Node_FunctionEntry_147 or K2Node_FunctionEntry /Game/FirstPersonBP/HUD/HUDbars.HUDbars:EdGraph_106.K2Node_FunctionEntry_147
[2015.04.28-19.29.41:567][696]LogUObjectHash:Warning: Ambiguous search, could be K2Node_FunctionEntry /Game/FirstPersonBP/HUD/HUDbars.HUDbars:EdGraph_122.K2Node_FunctionEntry_147 or K2Node_FunctionEntry /Game/FirstPersonBP/HUD/HUDbars.HUDbars:EdGraph_102.K2Node_FunctionEntry_147
[2015.04.28-19.29.41:567][696]LogUObjectHash:Warning: Ambiguous search, could be K2Node_FunctionEntry /Game/FirstPersonBP/HUD/HUDbars.HUDbars:EdGraph_122.K2Node_FunctionEntry_147 or K2Node_FunctionEntry /Game/FirstPersonBP/HUD/HUDbars.HUDbars:EdGraph_98.K2Node_FunctionEntry_147
[2015.04.28-19.29.41:567][696]LogUObjectHash:Warning: Ambiguous search, could be K2Node_FunctionEntry /Game/FirstPersonBP/HUD/HUDbars.HUDbars:EdGraph_122.K2Node_FunctionEntry_147 or K2Node_FunctionEntry /Game/FirstPersonBP/HUD/HUDbars.HUDbars:Get_Staminabar_Percent.K2Node_FunctionEntry_147
[2015.04.28-19.29.41:567][696]LogUObjectHash:Warning: Ambiguous search, could be K2Node_FunctionResult /Game/FirstPersonBP/HUD/HUDbars.HUDbars:EdGraph_122.K2Node_FunctionResult_1 or K2Node_FunctionResult /Game/FirstPersonBP/HUD/HUDbars.HUDbars:EdGraph_118.K2Node_FunctionResult_1
[2015.04.28-19.29.41:567][696]LogUObjectHash:Warning: Ambiguous search, could be K2Node_FunctionResult /Game/FirstPersonBP/HUD/HUDbars.HUDbars:EdGraph_122.K2Node_FunctionResult_1 or K2Node_FunctionResult /Game/FirstPersonBP/HUD/HUDbars.HUDbars:EdGraph_114.K2Node_FunctionResult_1
[2015.04.28-19.29.41:567][696]LogUObjectHash:Warning: Ambiguous search, could be K2Node_FunctionResult /Game/FirstPersonBP/HUD/HUDbars.HUDbars:EdGraph_122.K2Node_FunctionResult_1 or K2Node_FunctionResult /Game/FirstPersonBP/HUD/HUDbars.HUDbars:EdGraph_110.K2Node_FunctionResult_1
[2015.04.28-19.29.41:567][696]LogUObjectHash:Warning: Ambiguous search, could be K2Node_FunctionResult /Game/FirstPersonBP/HUD/HUDbars.HUDbars:EdGraph_122.K2Node_FunctionResult_1 or K2Node_FunctionResult /Game/FirstPersonBP/HUD/HUDbars.HUDbars:EdGraph_106.K2Node_FunctionResult_1
[2015.04.28-19.29.41:567][696]LogUObjectHash:Warning: Ambiguous search, could be K2Node_FunctionResult /Game/FirstPersonBP/HUD/HUDbars.HUDbars:EdGraph_122.K2Node_FunctionResult_1 or K2Node_FunctionResult /Game/FirstPersonBP/HUD/HUDbars.HUDbars:EdGraph_102.K2Node_FunctionResult_1
[2015.04.28-19.29.41:567][696]LogUObjectHash:Warning: Ambiguous search, could be K2Node_FunctionResult /Game/FirstPersonBP/HUD/HUDbars.HUDbars:EdGraph_122.K2Node_FunctionResult_1 or K2Node_FunctionResult /Game/FirstPersonBP/HUD/HUDbars.HUDbars:EdGraph_98.K2Node_FunctionResult_1
[2015.04.28-19.29.41:567][696]LogUObjectHash:Warning: Ambiguous search, could be K2Node_FunctionResult /Game/FirstPersonBP/HUD/HUDbars.HUDbars:EdGraph_122.K2Node_FunctionResult_1 or K2Node_FunctionResult /Game/FirstPersonBP/HUD/HUDbars.HUDbars:Get_Staminabar_Percent.K2Node_FunctionResult_1
[2015.04.28-19.29.58:731][958]BlueprintLog: New page: Compile HUDbars
[2015.04.28-19.29.58:872][958]LogActorComponent: UnregisterComponent: (/Engine/Transient.ProjectileMovementComponent_40__A6522401) Not registered. Aborting.
[2015.04.28-19.29.58:872][958]LogActorComponent: Unregi