Log file open, 04/01/15 20:10:01
LogInit:Display: Running engine for game: ProjectT34mal2hoch3
LogInit: Version: 4.7.3-2479750+++depot+UE4-Releases+4.7
LogInit: API Version: 2455222
LogInit: Compiled (64-bit): Mar 15 2015 23:20:45
LogInit: Compiled with Visual C++: 18.00.21005.01
LogInit: Build Configuration: Development
LogInit: Branch Name: ++depot+UE4-Releases+4.7
LogInit: Command line:  
LogInit: Base directory: C:/Program Files/Epic Games/4.7/Engine/Binaries/Win64/
LogInit: Rocket: 1
[2015.04.01-18.10.01:670][  0]LogTaskGraph: Started task graph with 3 named threads and 6 total threads.
[2015.04.01-18.10.01:726][  0]LogOnline:Warning: No default platform service specified for OnlineSubsystem
[2015.04.01-18.10.01:746][  0]LogInit: Presizing for 0 objects not considered by GC, pre-allocating 0 bytes.
[2015.04.01-18.10.01:756][  0]LogInit: Object subsystem initialized
[2015.04.01-18.10.01:757][  0]LogConsoleResponse:Warning: Skipping Unknown console variable: 'TranslucentSortAxis = (X=0.000000,Y=-1.000000,Z=0.000000)'
[2015.04.01-18.10.01:757][  0]LogConsoleResponse:Warning:   Found in ini file 'C:/Users/Phil/Documents/GitHub/Versuch1/ProjectT34mal2hoch3/Saved/Config/Windows/Engine.ini', in section '[/Script/Engine.RendererSettings]'
[2015.04.01-18.10.01:758][  0]LogConsoleResponse:Warning: Skipping Unknown console variable: 'UIScaleRule = ShortestSide'
[2015.04.01-18.10.01:758][  0]LogConsoleResponse:Warning:   Found in ini file 'C:/Users/Phil/Documents/GitHub/Versuch1/ProjectT34mal2hoch3/Saved/Config/Windows/Engine.ini', in section '[/Script/Engine.RendererSettings]'
[2015.04.01-18.10.01:758][  0]LogConsoleResponse:Warning: Skipping Unknown console variable: 'UIScaleCurve = (EditorCurveData=(Keys=),ExternalCurve=None)'
[2015.04.01-18.10.01:758][  0]LogConsoleResponse:Warning:   Found in ini file 'C:/Users/Phil/Documents/GitHub/Versuch1/ProjectT34mal2hoch3/Saved/Config/Windows/Engine.ini', in section '[/Script/Engine.RendererSettings]'
[2015.04.01-18.10.01:758][  0]LogInit: Selected Device Profile: [Windows]
[2015.04.01-18.10.01:758][  0]LogInit: Applying CVar settings loaded from the selected device profile: [Windows]
[2015.04.01-18.10.01:783][  0]LogInit: Computer: CHRYSTAL
[2015.04.01-18.10.01:783][  0]LogInit: User: Phil
[2015.04.01-18.10.01:783][  0]LogInit: CPU Page size=4096, Cores=4
[2015.04.01-18.10.01:783][  0]LogInit: High frequency timer resolution =3.312796 MHz
[2015.04.01-18.10.01:783][  0]LogMemory: Memory total: Physical=7.7GB (8GB approx) Virtual=8192.0GB
[2015.04.01-18.10.01:784][  0]LogMemory: Platform Memory Stats for Windows
[2015.04.01-18.10.01:784][  0]LogMemory: Process Physical Memory: 46.36 MB used, 46.36 MB peak
[2015.04.01-18.10.01:784][  0]LogMemory: Process Virtual Memory: 24.58 MB used, 24.59 MB peak
[2015.04.01-18.10.01:784][  0]LogMemory: Physical Memory: 4302.39 MB used, 7917.24 MB total
[2015.04.01-18.10.01:784][  0]LogMemory: Virtual Memory: 288.21 MB used, 8388608.00 MB total
[2015.04.01-18.10.01:810][  0]LogD3D11RHI: Found D3D11 adapter 0: NVIDIA GeForce GTX 670 (Feature Level 11_0)
[2015.04.01-18.10.01:810][  0]LogD3D11RHI: Adapter has 1986MB of dedicated video memory, 0MB of dedicated system memory, and 2048MB of shared system memory, 2 output[s]
[2015.04.01-18.10.01:812][  0]LogD3D11RHI: Found D3D11 adapter 1: Intel(R) HD Graphics (Feature Level 10_0)
[2015.04.01-18.10.01:812][  0]LogD3D11RHI: Adapter has 256MB of dedicated video memory, 0MB of dedicated system memory, and 1504MB of shared system memory, 1 output[s]
[2015.04.01-18.10.01:813][  0]LogD3D11RHI: Found D3D11 adapter 2: Microsoft Basic Render Driver (Feature Level 11_0)
[2015.04.01-18.10.01:813][  0]LogD3D11RHI: Adapter has 0MB of dedicated video memory, 0MB of dedicated system memory, and 256MB of shared system memory, 0 output[s]
[2015.04.01-18.10.01:813][  0]LogD3D11RHI: Chosen D3D11 Adapter Id = 0
[2015.04.01-18.10.01:819][  0]LogRHI: Texture pool is 1361 MB (70% of 1945 MB)
[2015.04.01-18.10.01:831][  0]LogD3D11RHI: Async texture creation enabled
[2015.04.01-18.10.01:891][  0]LogTextLocalizationManager: The requested culture ('en_US') has no localization data; parent culture's ('en') localization data will be used.
[2015.04.01-18.10.01:950][  0]LogTextLocalizationManager:Warning: Loading localization resources contain conflicting entries for (Namespace:UICommands, Key:Save_ToolTip):
Resource: (C:/Program Files/Epic Games/4.7/Engine/Content/Localization/Editor/en/Editor.locres) Hash: (-29098895) String: (Saves the current level to disk)
Resource: (C:/Program Files/Epic Games/4.7/Engine/Content/Localization/Engine/en/Engine.locres) Hash: (-1280300587) String: (Save selected data to vlog file)
[2015.04.01-18.10.01:950][  0]LogTextLocalizationManager:Warning: Loading localization resources contain conflicting entries for (Namespace:ContentBrowser, Key:ImportAssetToolTip):
Resource: (C:/Program Files/Epic Games/4.7/Engine/Content/Localization/Editor/en/Editor.locres) Hash: (-630476809) String: (Import to {0}...)
Resource: (C:/Program Files/Epic Games/4.7/Engine/Content/Localization/Editor/en/Editor.locres) Hash: (1271782899) String: (Imports an asset from file to this folder.)
[2015.04.01-18.10.02:026][  0]LogContentStreaming: Texture pool size is 0.000000MB
[2015.04.01-18.10.04:460][  0]LogTargetPlatformManager:Display: Building Assets For Windows
[2015.04.01-18.10.05:069][  0]LogTargetPlatformManager:Display: Building Assets For Windows
[2015.04.01-18.10.05:135][  0]LogDerivedDataCache:Display: Max Cache Size: 512 MB
[2015.04.01-18.10.05:470][  0]LogDerivedDataCache: Loaded boot cache 0.34s 39MB C:/Users/Phil/AppData/Local/UnrealEngine/4.7/DerivedDataCache/Boot.ddc.
[2015.04.01-18.10.05:470][  0]LogDerivedDataCache:Display: Loaded Boot cache: C:/Users/Phil/AppData/Local/UnrealEngine/4.7/DerivedDataCache/Boot.ddc
[2015.04.01-18.10.05:470][  0]LogDerivedDataCache: FDerivedDataBackendGraph:  Pak pak cache file ../../../../../../Users/Phil/Documents/GitHub/Versuch1/ProjectT34mal2hoch3/DerivedDataCache/DDC.ddp not found, will not use a pak cache.
[2015.04.01-18.10.05:470][  0]LogDerivedDataCache: Unable to find inner node Pak for hierarchical cache Hierarchy.
[2015.04.01-18.10.05:584][  0]LogDerivedDataCache:Display: Pak cache opened for reading ../../../Engine/DerivedDataCache/Compressed.ddp.
[2015.04.01-18.10.05:596][  0]LogDerivedDataCache: Using Local data cache path C:/Users/Phil/AppData/Local/UnrealEngine/Common/DerivedDataCache: Writable
[2015.04.01-18.10.05:919][  0]LogMeshUtilities: No automatic mesh reduction module available
[2015.04.01-18.10.05:919][  0]LogMeshUtilities: No automatic mesh merging module available
[2015.04.01-18.10.06:377][  0]LogInit: WinSock: version 1.1 (2.2), MaxSocks=32767, MaxUdp=65467
[2015.04.01-18.10.06:481][  0]LogSlate:Warning: Failed to load font data from '../../../Engine/Content/Slate/Fonts/Roboto-Italic.ttf'
[2015.04.01-18.10.07:531][  0]LogWmfMedia: Failed to load mf.dll
[2015.04.01-18.10.07:531][  0]LogWmfMedia: Failed to load required Windows Media Foundation libraries
[2015.04.01-18.10.07:545][  0]LogWindowsMoviePlayer:Warning: Could not load mf.dll
[2015.04.01-18.10.07:546][  0]LogWindowsMoviePlayer:Warning: Could not load mfplay.dll
[2015.04.01-18.10.07:613][  0]UdpMessaging: Initializing bridge on interface 0.0.0.0:0 to multicast group 230.0.0.1:6666.
[2015.04.01-18.10.07:858][  0]SourceControl: Info Source control is disabled
[2015.04.01-18.10.07:858][  0]SourceControl: Info Source control is disabled
[2015.04.01-18.10.07:858][  0]SourceControl: Info Source control is disabled
[2015.04.01-18.10.07:858][  0]LogSourceControl: RunCommandInternalRaw: 'git version'
[2015.04.01-18.10.07:858][  0]LogSourceControl: RunCommandInternalRaw: ExecProcess ReturnCode=2 OutResults=''
[2015.04.01-18.10.07:868][  0]SourceControl: Info Source control is disabled
[2015.04.01-18.10.08:107][  0]LogObj: 24231 objects as part of root set at end of initial load.
[2015.04.01-18.10.08:107][  0]LogUObjectAllocator: 5136440 out of 0 bytes used by permanent object pool.
[2015.04.01-18.10.08:215][  0]LogEngine: Initializing Engine...
[2015.04.01-18.10.11:387][  0]LogInit: XAudio2 using 'H/K AVR (High Definition Audio Device)' : 6 channels at 48 kHz using 32 bits per sample (channel mask 0x3f)
[2015.04.01-18.10.11:393][  0]LogInit: FAudioDevice initialized.
[2015.04.01-18.10.11:435][  0]LogAIModule: Creating AISystem for world NewWorld
[2015.04.01-18.10.11:453][  0]LogDerivedDataCache: Saved boot cache 0.02s 39MB C:/Users/Phil/AppData/Local/UnrealEngine/4.7/DerivedDataCache/Boot.ddc.
[2015.04.01-18.10.11:458][  0]LogInit: Texture streaming: Enabled
[2015.04.01-18.10.11:563][  0]LogAnalytics: Creating configured Analytics provider AnalyticsET
[2015.04.01-18.10.11:563][  0]LogAnalytics: ET APIKey = Rocket.Release. APIServer = http://et2.epicgames.com/ET2/. AppVersion = 4.7.3-2479750+++depot+UE4-Releases+4.7
[2015.04.01-18.10.11:563][  0]LogAnalytics: ET APIKey = Rocket.Release. DataRouterUploadURL = https://datarouter-public-service-gamedev.ol.epicgames.net/datarouter/api/v1/public/data. AppVersion = 4.7.3-2479750+++depot+UE4-Releases+4.7
[2015.04.01-18.10.11:563][  0]LogAnalytics: SetUserId 5209201d4658a140bcbb239930df374e|9c4b8e9e14584ce7a983e67074ace873|1b9e10b4-eb58-489a-9118-da70eac816a0
[2015.04.01-18.10.11:563][  0]LogAnalytics: AnalyticsET::StartSession [Rocket.Release]
[2015.04.01-18.10.11:807][  0]LogInit: Transaction tracking system initialized
[2015.04.01-18.10.12:014][  0]BlueprintLog: New page: Editor Load
[2015.04.01-18.10.12:054][  0]LogAssetRegistry: FAssetRegistry took 0.0108 seconds to start up
[2015.04.01-18.10.12:054][  0]LogDirectoryWatcher:Warning: Failed to begin reading directory changes for ../../../Engine/Plugins/Experimental/CharacterAI/Content/. Error: 0
[2015.04.01-18.10.12:709][  0]LogTargetPlatformManager:Display: Building Assets For Windows
[2015.04.01-18.10.13:094][  0]LogTargetPlatformManager:Display: Building Assets For Windows
[2015.04.01-18.10.13:371][  0]LogLinker:Warning: Asset '../../../Engine/Content/Tutorial/Mobile/SettingUpAndroidTutorial.uasset' has been saved with empty engine version. The asset will be loaded but may be incompatible.
[2015.04.01-18.10.13:415][  0]LogSlate:Warning: Failed to load font data from '../../../Engine/Content/Editor/Slate/Fonts/Roboto-Regular.ttf'
[2015.04.01-18.10.13:415][  0]LogSlate:Warning: Failed to load font data from '../../../Engine/Content/Editor/Slate/Fonts/Roboto-Bold.ttf'
[2015.04.01-18.10.13:421][  0]LogConsoleResponse:Display: 
[2015.04.01-18.10.13:793][  0]LogCook:Display: Done creating registry. It took  0.00s.
[2015.04.01-18.10.13:974][  0]SourceControl: Info Source control is disabled
[2015.04.01-18.10.13:974][  0]Cmd: MAP LOAD FILE="../../../../../../Users/Phil/Documents/GitHub/Versuch1/ProjectT34mal2hoch3/Content/FirstPersonBP/Maps/FirstPersonExampleMap.umap" TEMPLATE=0 SHOWPROGRESS=1 FEATURELEVEL=3
[2015.04.01-18.10.14:004][  0]LightingResults: New page: Lighting Build
[2015.04.01-18.10.14:017][  0]MapCheck: New page: Map Check
[2015.04.01-18.10.14:017][  0]LightingResults: New page: Lighting Build
[2015.04.01-18.10.14:024][  0]LogParticles: Destroying 0 GPU particle simulations for FXSystem 0x000000E63887E980
[2015.04.01-18.10.14:112][  0]LogLinker:Warning: Asset '../../../Engine/Content/EngineMeshes/Humanoid.uasset' has been saved with empty engine version. The asset will be loaded but may be incompatible.
[2015.04.01-18.10.17:661][  0]LogTexture:Display: Building textures: AmbossUV (AutoDXT)
[2015.04.01-18.10.17:934][  0]LogMaterial: Missing cached shader map for material AmbossMaterial, compiling. 
[2015.04.01-18.10.18:456][  0]LogEditorServer: Finished looking for orphan Actors (0.000 secs)
[2015.04.01-18.10.21:267][  0]LogAIModule: Creating AISystem for world FirstPersonExampleMap
[2015.04.01-18.10.21:268][  0]Cmd: MAP CHECKDEP
[2015.04.01-18.10.21:268][  0]MapCheck: New page: FirstPersonExampleMap - Apr 1, 2015, 10:10:21 PM
[2015.04.01-18.10.21:386][  0]MapCheck: Info Map check complete: 0 Error(s), 0 Warning(s), took 117.748ms to complete.
[2015.04.01-18.10.21:386][  0]LogFileHelpers: Loading map 'FirstPersonExampleMap' took 7.411
[2015.04.01-18.10.21:537][  0]LogCollectionManager: Loaded 0 collections in 0.001614 seconds
[2015.04.01-18.10.21:549][  0]LogContentBrowser: Native class hierarchy populated in 0.0110 seconds. Added 1696 classes and 261 folders.
[2015.04.01-18.10.21:589][  0]LogContentBrowser: Native class hierarchy updated for 'SceneOutliner' in 0.0037 seconds. Added 1 classes and 2 folders.
[2015.04.01-18.10.21:671][  0]LogCrashTracker: Crashtracker disabled due to settings.
[2015.04.01-18.10.21:672][  0]LogSlate:Warning: Failed to load font data from 'Veranda'
[2015.04.01-18.10.21:681][  0]LogUObjectGlobals:Warning: Failed to find object 'Class None.'
[2015.04.01-18.10.21:708][  0]LogLoad: Full Startup: 22.13 seconds (BP compile: 1.13 seconds)
[2015.04.01-18.10.22:054][  0]LogContentBrowser:Verbose: The content browser source was changed by the sources view to '/Game/Objects'
[2015.04.01-18.10.22:184][  0]LogRenderer:Warning: Reallocating scene render targets to support 32x32 (Frame:2).
[2015.04.01-18.10.22:286][  0]LogRenderer:Warning: Reallocating scene render targets to support 1208x576 (Frame:5).
[2015.04.01-18.10.23:168][  3]LogAssetRegistry: Asset discovery search completed in 11.1254 seconds
[2015.04.01-18.10.35:466][ 33]LogEditorViewport: Clicking on Actor (LMB): StaticMeshActor (Amboss)
[2015.04.01-18.10.51:571][810]LogRenderer:Warning: Reallocating scene render targets to support 1432x928 (Frame:1879).
[2015.04.01-18.11.03:838][253]LogMaterial: Missing cached shader map for material AmbossMaterial, compiling. 
[2015.04.01-18.11.03:861][253]LogActorComponent: UnregisterComponent: (/Engine/Transient.SkeletalMeshComponent_0) Not registered. Aborting.
[2015.04.01-18.11.03:919][253]LogActorComponent: UnregisterComponent: (/Engine/Transient.SkeletalMeshComponent_0) Not registered. Aborting.
[2015.04.01-18.11.03:919][253]LogActorComponent: RegisterComponentWithWorld: (/Engine/Transient.MaterialEditorMeshComponent_0) Already registered. Aborting.
[2015.04.01-18.11.03:919][253]LogActorComponent: UnregisterComponent: (/Engine/Transient.SkeletalMeshComponent_0) Not registered. Aborting.
[2015.04.01-18.11.03:919][253]LogActorComponent: RegisterComponentWithWorld: (/Engine/Transient.MaterialEditorMeshComponent_0) Already registered. Aborting.
[2015.04.01-18.11.03:922][253]LogMaterial: Missing cached shader map for material AmbossMaterial, compiling. 
[2015.04.01-18.11.03:927][253]LogMaterial: 0.000075 seconds spent updating 1 materials, 1 interfaces, 0 instances, 0 with static permutations.
[2015.04.01-18.11.03:953][253]LogMaterial: Missing cached shader map for material FMatExpressionPreview MaterialExpressionTextureSample_0, compiling. 
[2015.04.01-18.11.04:972][322]MaterialEditorStats: Info Base pass shader with only dynamic lighting: 29 instructions
[2015.04.01-18.11.04:973][322]MaterialEditorStats: Info Vertex shader: 33 instructions
[2015.04.01-18.11.04:973][322]MaterialEditorStats: Info Texture samplers: 1/16
[2015.04.01-18.11.22:778][371]LogMaterial: Missing cached shader map for material AmbossMaterial, compiling. 
[2015.04.01-18.11.22:782][371]LogMaterial: 0.000082 seconds spent updating 1 materials, 1 interfaces, 0 instances, 0 with static permutations.
[2015.04.01-18.11.22:805][371]LogMaterial: Missing cached shader map for material FMatExpressionPreview MaterialExpressionTextureSample_0, compiling. 
[2015.04.01-18.11.23:364][425]MaterialEditorStats: Info Base pass shader with only dynamic lighting: 29 instructions
[2015.04.01-18.11.23:364][425]MaterialEditorStats: Info Vertex shader: 33 instructions
[2015.04.01-18.11.23:364][425]MaterialEditorStats: Info Texture samplers: 1/16
[2015.04.01-18.11.33:007][561]LogMaterial: Missing cached shader map for material AmbossMaterial, compiling. 
[2015.04.01-18.11.33:012][561]LogMaterial: 0.000117 seconds spent updating 1 materials, 1 interfaces, 0 instances, 0 with static permutations.
[2015.04.01-18.11.33:581][625]MaterialEditorStats: Info Base pass shader with only dynamic lighting: 29 instructions
[2015.04.01-18.11.33:581][625]MaterialEditorStats: Info Vertex shader: 33 instructions
[2015.04.01-18.11.33:581][625]MaterialEditorStats: Info Texture samplers: 1/16
[2015.04.01-18.11.36:258][934]LogMaterial: Missing cached shader map for material AmbossMaterial, compiling. 
[2015.04.01-18.11.36:262][934]LogMaterial: 0.000039 seconds spent updating 1 materials, 1 interfaces, 0 instances, 0 with static permutations.
[2015.04.01-18.11.36:290][934]LogMaterial: Missing cached shader map for material FMatExpressionPreview MaterialExpressionTextureSample_0, compiling. 
[2015.04.01-18.11.36:881][994]MaterialEditorStats: Info Base pass shader with only dynamic lighting: 29 instructions
[2015.04.01-18.11.36:881][994]MaterialEditorStats: Info Vertex shader: 33 instructions
[2015.04.01-18.11.36:881][994]MaterialEditorStats: Info Texture samplers: 1/16
[2015.04.01-18.11.45:973][ 66]LogMaterial: Missing cached shader map for material AmbossMaterial, compiling. 
[2015.04.01-18.11.45:978][ 66]LogMaterial: 0.000045 seconds spent updating 1 materials, 1 interfaces, 0 instances, 0 with static permutations.
[2015.04.01-18.11.46:547][132]MaterialEditorStats: Info Base pass shader with only dynamic lighting: 30 instructions
[2015.04.01-18.11.46:547][132]MaterialEditorStats: Info Vertex shader: 33 instructions
[2015.04.01-18.11.46:547][132]MaterialEditorStats: Info Texture samplers: 1/16
[2015.04.01-18.11.47:467][242]LogMaterial: Missing cached shader map for material AmbossMaterial, compiling. 
[2015.04.01-18.11.47:472][242]LogMaterial: 0.000060 seconds spent updating 1 materials, 1 interfaces, 0 instances, 0 with static permutations.
[2015.04.01-18.11.48:132][315]MaterialEditorStats: Info Base pass shader with only dynamic lighting: 30 instructions
[2015.04.01-18.11.48:132][315]MaterialEditorStats: Info Vertex shader: 33 instructions
[2015.04.01-18.11.48:132][315]MaterialEditorStats: Info Texture samplers: 1/16
[2015.04.01-18.11.52:729][861]LogMaterialEditor: Saving and Compiling material AmbossMaterial
[2015.04.01-18.11.54:144][861]LogMaterial: Missing cached shader map for material AmbossMaterial, compiling. 
[2015.04.01-18.11.54:163][861]LogMaterial: 0.000108 seconds spent updating 1 materials, 1 interfaces, 0 instances, 0 with static permutations.
[2015.04.01-18.11.54:243][861]LogMaterial: Missing cached shader map for material AmbossMaterial, compiling. 
[2015.04.01-18.11.54:281][861]LogMaterial: Missing cached shader map for material AmbossMaterial, compiling. 
[2015.04.01-18.11.54:291][861]LogMaterial: 0.002671 seconds spent updating 1 materials, 1 interfaces, 0 instances, 0 with static permutations.
[2015.04.01-18.11.56:011][861]LogSavePackage: Save=131.007462ms
[2015.04.01-18.11.56:011][861]LogSavePackage: Moving '../../../../../../Users/Phil/Documents/GitHub/Versuch1/ProjectT34mal2hoch3/Saved/AmbossMaterialB8C835094B74A12079DD3B8BB2E955B4.tmp' to '../../../../../../Users/Phil/Documents/GitHub/Versuch1/ProjectT34mal2hoch3/Content/Objects/Textures/AmbossMaterial.uasset'
[2015.04.01-18.11.56:037][861]MaterialEditorStats: Info Base pass shader with only dynamic lighting: 58 instructions
[2015.04.01-18.11.56:037][861]MaterialEditorStats: Info Vertex shader: 33 instructions
[2015.04.01-18.11.56:037][861]MaterialEditorStats: Info Texture samplers: 4/16
[2015.04.01-18.15.24:525][245]LogFactory: FactoryCreateBinary: Texture with TextureFactory (0 0 C:\Users\Phil\Downloads\MetalBase0108_2_S.jpg)
[2015.04.01-18.15.26:285][245]0.000019 seconds to analyze Texture2D /Game/Objects/MetalBase0108_2_S.MetalBase0108_2_S

[2015.04.01-18.15.26:286][245]LogTexture:Display: Building textures: MetalBase0108_2_S (AutoDXT)
[2015.04.01-18.15.26:793][245]LogContentBrowser:Verbose: The content browser source was changed by the sources view to 'None'
[2015.04.01-18.15.26:793][245]LogContentBrowser:Verbose: The content browser source was changed by the sources view to '/Game/Objects'
[2015.04.01-18.15.37:759][459]LogMaterial: Missing cached shader map for material AmbossMaterial, compiling. 
[2015.04.01-18.15.37:764][459]LogMaterial: 0.000101 seconds spent updating 1 materials, 1 interfaces, 0 instances, 0 with static permutations.
[2015.04.01-18.15.37:790][459]LogMaterial: Missing cached shader map for material FMatExpressionPreview MaterialExpressionTextureSample_0, compiling. 
[2015.04.01-18.15.39:485][651]MaterialEditorStats: Info Base pass shader with only dynamic lighting: 30 instructions
[2015.04.01-18.15.39:486][651]MaterialEditorStats: Info Vertex shader: 33 instructions
[2015.04.01-18.15.39:486][651]MaterialEditorStats: Info Texture samplers: 1/16
[2015.04.01-18.15.41:726][917]LogMaterialEditor: Applying material AmbossMaterial
[2015.04.01-18.15.43:119][917]LogMaterial: Missing cached shader map for material AmbossMaterial, compiling. 
[2015.04.01-18.15.43:138][917]LogMaterial: 0.000092 seconds spent updating 1 materials, 1 interfaces, 0 instances, 0 with static permutations.
[2015.04.01-18.15.43:212][917]LogMaterial: Missing cached shader map for material AmbossMaterial, compiling. 
[2015.04.01-18.15.43:235][917]LogMaterial: Missing cached shader map for material AmbossMaterial, compiling. 
[2015.04.01-18.15.43:245][917]LogMaterial: 0.002652 seconds spent updating 1 materials, 1 interfaces, 0 instances, 0 with static permutations.
[2015.04.01-18.15.45:064][106]MaterialEditorStats: Info Base pass shader with only dynamic lighting: 58 instructions
[2015.04.01-18.15.45:064][106]MaterialEditorStats: Info Vertex shader: 33 instructions
[2015.04.01-18.15.45:064][106]MaterialEditorStats: Info Texture samplers: 4/16
[2015.04.01-18.16.03:161][266]LogMaterialEditor: Saving and Compiling material AmbossMaterial
[2015.04.01-18.16.04:556][266]LogMaterial: Missing cached shader map for material AmbossMaterial, compiling. 
[2015.04.01-18.16.04:575][266]LogMaterial: 0.000073 seconds spent updating 1 materials, 1 interfaces, 0 instances, 0 with static permutations.
[2015.04.01-18.16.04:641][266]LogMaterial: Missing cached shader map for material AmbossMaterial, compiling. 
[2015.04.01-18.16.04:659][266]LogMaterial: Missing cached shader map for material AmbossMaterial, compiling. 
[2015.04.01-18.16.04:667][266]LogMaterial: 0.002173 seconds spent updating 1 materials, 1 interfaces, 0 instances, 0 with static permutations.
[2015.04.01-18.16.07:184][266]LogSavePackage: Save=172.575073ms
[2015.04.01-18.16.07:184][266]LogSavePackage: Moving '../../../../../../Users/Phil/Documents/GitHub/Versuch1/ProjectT34mal2hoch3/Saved/AmbossMaterial0D40F93943374B90310A7AB773E676E7.tmp' to '../../../../../../Users/Phil/Documents/GitHub/Versuch1/ProjectT34mal2hoch3/Content/Objects/Textures/AmbossMaterial.uasset'
[2015.04.01-18.16.52:896][889]LogSavePackage: Save=2002.744507ms
[2015.04.01-18.16.52:897][889]LogSavePackage: Moving '../../../../../../Users/Phil/Documents/GitHub/Versuch1/ProjectT34mal2hoch3/Saved/FirstPersonExampleMap1E63902E410F7CDFF117909379CC1148.tmp' to '../../../../../../Users/Phil/Documents/GitHub/Versuch1/ProjectT34mal2hoch3/Content/FirstPersonBP/Maps/FirstPersonExampleMap.umap'
[2015.04.01-18.16.57:391][ 10]Cmd: OBJ SAVEPACKAGE PACKAGE="/Game/Objects/MetalBase0108_2_S" FILE="../../../../../../Users/Phil/Documents/GitHub/Versuch1/ProjectT34mal2hoch3/Content/Objects/MetalBase0108_2_S.uasset" SILENT=true
[2015.04.01-18.16.58:259][ 10]LogSavePackage: Save=865.567627ms
[2015.04.01-18.16.58:259][ 10]LogSavePackage: Moving '../../../../../../Users/Phil/Documents/GitHub/Versuch1/ProjectT34mal2hoch3/Saved/MetalBase0108_2_SC2863EB9400B36A4F7C286B7B03C6330.tmp' to '../../../../../../Users/Phil/Documents/GitHub/Versuch1/ProjectT34mal2hoch3/Content/Objects/MetalBase0108_2_S.uasset'
[2015.04.01-18.16.58:811][ 11]Cmd: QUIT_EDITOR
[2015.04.01-18.16.59:041][ 11]LogExit: Preparing to exit.
[2015.04.01-18.16.59:943][ 11]LogExit: Editor shut down
[2015.04.01-18.16.59:944][ 11]LogExit: Transaction tracking system shut down
[2015.04.01-18.16.59:944][ 11]LogParticles: Destroying 0 GPU particle simulations for FXSystem 0x000000E640E15260
[2015.04.01-18.16.59:945][ 11]LogParticles: Destroying 0 GPU particle simulations for FXSystem 0x000000E647AF00E0
[2015.04.01-18.16.59:945][ 11]LogParticles: Destroying 0 GPU particle simulations for FXSystem 0x000000E674514E00
[2015.04.01-18.16.59:945][ 11]LogParticles: Destroying 0 GPU particle simulations for FXSystem 0x000000E671B632E0
[2015.04.01-18.16.59:945][ 11]LogParticles: Destroying 0 GPU particle simulations for FXSystem 0x000000E671B61080
[2015.04.01-18.16.59:951][ 11]LogParticles: Destroying 0 GPU particle simulations for FXSystem 0x000000E675925120
[2015.04.01-18.17.00:075][ 11]LogExit: Object subsystem successfully closed.
[2015.04.01-18.17.00:141][ 11]LogModuleManager: Shutting down and abandoning module MaterialEditor (179)
[2015.04.01-18.17.00:141][ 11]LogModuleManager: Shutting down and abandoning module StaticMeshEditor (178)
[2015.04.01-18.17.00:141][ 11]LogModuleManager: Shutting down and abandoning module CrashTracker (177)
[2015.04.01-18.17.00:141][ 11]LogModuleManager: Shutting down and abandoning module SuperSearch (176)
[2015.04.01-18.17.00:141][ 11]LogModuleManager: Shutting down and abandoning module SceneOutliner (175)
[2015.04.01-18.17.00:141][ 11]LogModuleManager: Shutting down and abandoning module EditorWidgets (174)
[2015.04.01-18.17.00:141][ 11]LogModuleManager: Shutting down and abandoning module CollectionManager (173)
[2015.04.01-18.17.00:141][ 11]LogModuleManager: Shutting down and abandoning module StatsViewer (172)
[2015.04.01-18.17.00:141][ 11]LogModuleManager: Shutting down and abandoning module FoliageEdit (171)
[2015.04.01-18.17.00:141][ 11]LogModuleManager: Shutting down and abandoning module LandscapeEditor (170)
[2015.04.01-18.17.00:141][ 11]LogModuleManager: Shutting down and abandoning module MeshPaint (169)
[2015.04.01-18.17.00:141][ 11]LogModuleManager: Shutting down and abandoning module ActorPickerMode (168)
[2015.04.01-18.17.00:141][ 11]LogModuleManager: Shutting down and abandoning module GeometryMode (167)
[2015.04.01-18.17.00:141][ 11]LogModuleManager: Shutting down and abandoning module TextureAlignMode (166)
[2015.04.01-18.17.00:141][ 11]LogModuleManager: Shutting down and abandoning module BspMode (165)
[2015.04.01-18.17.00:141][ 11]LogModuleManager: Shutting down and abandoning module PlacementMode (164)
[2015.04.01-18.17.00:141][ 11]LogModuleManager: Shutting down and abandoning module AutomationWorker (163)
[2015.04.01-18.17.00:141][ 11]LogModuleManager: Shutting down and abandoning module CharacterAI (162)
[2015.04.01-18.17.00:141][ 11]LogModuleManager: Shutting down and abandoning module SmartSnapping (161)
[2015.04.01-18.17.00:141][ 11]LogModuleManager: Shutting down and abandoning module ViewportSnapping (160)
[2015.04.01-18.17.00:141][ 11]LogModuleManager: Shutting down and abandoning module LogVisualizer (159)
[2015.04.01-18.17.00:141][ 11]LogModuleManager: Shutting down and abandoning module GameProjectGeneration (158)
[2015.04.01-18.17.00:141][ 11]LogModuleManager: Shutting down and abandoning module IntroTutorials (157)
[2015.04.01-18.17.00:141][ 11]LogModuleManager: Shutting down and abandoning module EditorLiveStreaming (156)
[2015.04.01-18.17.00:141][ 11]LogModuleManager: Shutting down and abandoning module HardwareTargeting (155)
[2015.04.01-18.17.00:141][ 11]LogModuleManager: Shutting down and abandoning module DeviceProfileEditor (154)
[2015.04.01-18.17.00:141][ 11]LogModuleManager: Shutting down and abandoning module UndoHistory (153)
[2015.04.01-18.17.00:141][ 11]LogModuleManager: Shutting down and abandoning module GameplayTagsEditor (152)
[2015.04.01-18.17.00:141][ 11]LogModuleManager: Shutting down and abandoning module UserFeedback (151)
[2015.04.01-18.17.00:141][ 11]LogModuleManager: Shutting down and abandoning module XmlParser (150)
[2015.04.01-18.17.00:141][ 11]LogModuleManager: Shutting down and abandoning module Blutility (149)
[2015.04.01-18.17.00:141][ 11]LogModuleManager: Shutting down and abandoning module IOSPlatformEditor (148)
[2015.04.01-18.17.00:141][ 11]LogModuleManager: Shutting down and abandoning module IOSRuntimeSettings (147)
[2015.04.01-18.17.00:141][ 11]LogModuleManager: Shutting down and abandoning module AndroidDeviceDetection (146)
[2015.04.01-18.17.00:460][ 11]LogModuleManager: Shutting down and abandoning module AndroidPlatformEditor (145)
[2015.04.01-18.17.00:460][ 11]LogModuleManager: Shutting down and abandoning module AndroidRuntimeSettings (144)
[2015.04.01-18.17.00:460][ 11]LogModuleManager: Shutting down and abandoning module ProjectTargetPlatformEditor (143)
[2015.04.01-18.17.00:460][ 11]LogModuleManager: Shutting down and abandoning module ProjectSettingsViewer (142)
[2015.04.01-18.17.00:460][ 11]LogModuleManager: Shutting down and abandoning module InputBindingEditor (141)
[2015.04.01-18.17.00:460][ 11]LogModuleManager: Shutting down and abandoning module EditorSettingsViewer (140)
[2015.04.01-18.17.00:460][ 11]LogModuleManager: Shutting down and abandoning module SettingsEditor (139)
[2015.04.01-18.17.00:460][ 11]LogModuleManager: Shutting down and abandoning module ProjectLauncher (138)
[2015.04.01-18.17.00:460][ 11]LogModuleManager: Shutting down and abandoning module SessionFrontend (137)
[2015.04.01-18.17.00:460][ 11]LogModuleManager: Shutting down and abandoning module ProfilerClient (136)
[2015.04.01-18.17.00:460][ 11]LogModuleManager: Shutting down and abandoning module TargetDeviceServices (135)
[2015.04.01-18.17.00:460][ 11]LogModuleManager: Shutting down and abandoning module DeviceManager (134)
[2015.04.01-18.17.00:460][ 11]LogModuleManager: Shutting down and abandoning module AutomationController (133)
[2015.04.01-18.17.00:460][ 11]LogModuleManager: Shutting down and abandoning module AutomationWindow (132)
[2015.04.01-18.17.00:460][ 11]LogModuleManager: Shutting down and abandoning module Layers (131)
[2015.04.01-18.17.00:460][ 11]LogModuleManager: Shutting down and abandoning module ComponentVisualizers (130)
[2015.04.01-18.17.00:460][ 11]LogModuleManager: Shutting down and abandoning module DetailCustomizations (129)
[2015.04.01-18.17.00:460][ 11]LogModuleManager: Shutting down and abandoning module PackagesDialog (128)
[2015.04.01-18.17.00:461][ 11]LogModuleManager: Shutting down and abandoning module AssetRegistry (127)
[2015.04.01-18.17.00:569][ 11]LogModuleManager: Shutting down and abandoning module Persona (126)
[2015.04.01-18.17.00:569][ 11]LogModuleManager: Shutting down and abandoning module SlateReflector (125)
[2015.04.01-18.17.00:569][ 11]LogModuleManager: Shutting down and abandoning module LevelEditor (124)
[2015.04.01-18.17.00:569][ 11]LogModuleManager: Shutting down and abandoning module Kismet (123)
[2015.04.01-18.17.00:569][ 11]LogModuleManager: Shutting down and abandoning module GraphEditor (122)
[2015.04.01-18.17.00:569][ 11]LogModuleManager: Shutting down and abandoning module ClassViewer (121)
[2015.04.01-18.17.00:569][ 11]LogModuleManager: Shutting down and abandoning module Toolbox (120)
[2015.04.01-18.17.00:569][ 11]LogModuleManager: Shutting down and abandoning module ModuleUI (119)
[2015.04.01-18.17.00:569][ 11]LogModuleManager: Shutting down and abandoning module MovieSceneTools (118)
[2015.04.01-18.17.00:569][ 11]LogModuleManager: Shutting down and abandoning module OutputLog (117)
[2015.04.01-18.17.00:569][ 11]LogModuleManager: Shutting down and abandoning module GammaUI (116)
[2015.04.01-18.17.00:569][ 11]LogModuleManager: Shutting down and abandoning module Documentation (115)
[2015.04.01-18.17.00:570][ 11]LogModuleManager: Shutting down and abandoning module GameLiveStreaming (114)
[2015.04.01-18.17.00:570][ 11]LogModuleManager: Shutting down and abandoning module StreamingPauseRendering (113)
[2015.04.01-18.17.00:570][ 11]LogModuleManager: Shutting down and abandoning module HTTP (112)
[2015.04.01-18.17.00:570][ 11]LogModuleManager: Shutting down and abandoning module AnalyticsET (111)
[2015.04.01-18.17.00:570][ 11]LogModuleManager: Shutting down and abandoning module Analytics (110)
[2015.04.01-18.17.00:570][ 11]LogModuleManager: Shutting down and abandoning module AITestSuite (109)
[2015.04.01-18.17.00:570][ 11]LogModuleManager: Shutting down and abandoning module GameplayDebugger (108)
[2015.04.01-18.17.00:570][ 11]LogModuleManager: Shutting down and abandoning module AIModule (107)
[2015.04.01-18.17.00:570][ 11]LogModuleManager: Shutting down and abandoning module ProfilerService (106)
[2015.04.01-18.17.00:666][ 11]LogModuleManager: Shutting down and abandoning module TaskGraph (105)
[2015.04.01-18.17.00:666][ 11]LogModuleManager: Shutting down and abandoning module SlateRemote (104)
[2015.04.01-18.17.00:666][ 11]LogModuleManager: Shutting down and abandoning module ScriptEditorPlugin (103)
[2015.04.01-18.17.00:666][ 11]LogModuleManager: Shutting down and abandoning module CustomMeshComponent (102)
[2015.04.01-18.17.00:666][ 11]LogModuleManager: Shutting down and abandoning module CableComponent (101)
[2015.04.01-18.17.00:666][ 11]LogModuleManager: Shutting down and abandoning module MessagingDebugger (100)
[2015.04.01-18.17.00:666][ 11]LogModuleManager: Shutting down and abandoning module MediaPlayerEditor (99)
[2015.04.01-18.17.00:666][ 11]LogModuleManager: Shutting down and abandoning module SpeedTreeImporter (98)
[2015.04.01-18.17.00:666][ 11]LogModuleManager: Shutting down and abandoning module PluginsEditor (97)
[2015.04.01-18.17.00:666][ 11]LogModuleManager: Shutting down and abandoning module MainFrame (96)
[2015.04.01-18.17.00:666][ 11]LogModuleManager: Shutting down and abandoning module EpicSurvey (95)
[2015.04.01-18.17.00:666][ 11]LogModuleManager: Shutting down and abandoning module DesktopPlatform (94)
[2015.04.01-18.17.00:666][ 11]LogModuleManager: Shutting down and abandoning module DirectoryWatcher (93)
[2015.04.01-18.17.00:666][ 11]LogModuleManager: Shutting down and abandoning module HotReload (92)
[2015.04.01-18.17.00:666][ 11]LogModuleManager: Shutting down and abandoning module VisualStudioSourceCodeAccess (91)
[2015.04.01-18.17.00:666][ 11]LogModuleManager: Shutting down and abandoning module UObjectPlugin (90)
[2015.04.01-18.17.00:666][ 11]LogModuleManager: Shutting down and abandoning module SubversionSourceControl (89)
[2015.04.01-18.17.00:666][ 11]LogModuleManager: Shutting down and abandoning module PerforceSourceControl (88)
[2015.04.01-18.17.00:666][ 11]LogModuleManager: Shutting down and abandoning module SourceControl (87)
[2015.04.01-18.17.00:666][ 11]LogModuleManager: Shutting down and abandoning module GitSourceControl (86)
[2015.04.01-18.17.00:666][ 11]LogModuleManager: Shutting down and abandoning module BlankPlugin (85)
[2015.04.01-18.17.00:666][ 11]LogModuleManager: Shutting down and abandoning module PaperTiledImporter (84)
[2015.04.01-18.17.00:666][ 11]LogModuleManager: Shutting down and abandoning module PaperJsonImporter (83)
[2015.04.01-18.17.00:666][ 11]LogModuleManager: Shutting down and abandoning module ContentBrowser (82)
[2015.04.01-18.17.00:667][ 11]LogModuleManager: Shutting down and abandoning module Paper2DEditor (81)
[2015.04.01-18.17.00:667][ 11]LogModuleManager: Shutting down and abandoning module ScriptPlugin (80)
[2015.04.01-18.17.00:667][ 11]LogModuleManager: Shutting down and abandoning module UdpMessaging (79)
[2015.04.01-18.17.00:768][ 11]LogModuleManager: Shutting down and abandoning module Paper2D (78)
[2015.04.01-18.17.00:768][ 11]LogModuleManager: Shutting down and abandoning module WindowsMoviePlayer (77)
[2015.04.01-18.17.00:768][ 11]LogModuleManager: Shutting down and abandoning module Media (76)
[2015.04.01-18.17.00:768][ 11]LogModuleManager: Shutting down and abandoning module WmfMedia (75)
[2015.04.01-18.17.00:768][ 11]LogModuleManager: Shutting down and abandoning module OnlineBlueprintSupport (74)
[2015.04.01-18.17.00:768][ 11]LogModuleManager: Shutting down and abandoning module PropertyEditor (73)
[2015.04.01-18.17.00:768][ 11]LogModuleManager: Shutting down and abandoning module BehaviorTreeEditor (72)
[2015.04.01-18.17.00:768][ 11]LogModuleManager: Shutting down and abandoning module FunctionalTesting (71)
[2015.04.01-18.17.00:768][ 11]LogModuleManager: Shutting down and abandoning module CollisionAnalyzer (70)
[2015.04.01-18.17.00:768][ 11]LogModuleManager: Shutting down and abandoning module WorkspaceMenuStructure (69)
[2015.04.01-18.17.00:768][ 11]LogModuleManager: Shutting down and abandoning module MessageLog (68)
[2015.04.01-18.17.00:768][ 11]LogModuleManager: Shutting down and abandoning module Sequencer (67)
[2015.04.01-18.17.00:768][ 11]LogModuleManager: Shutting down and abandoning module AssetTools (66)
[2015.04.01-18.17.00:768][ 11]LogModuleManager: Shutting down and abandoning module UMGEditor (65)
[2015.04.01-18.17.00:768][ 11]LogModuleManager: Shutting down and abandoning module UMG (64)
[2015.04.01-18.17.00:768][ 11]LogModuleManager: Shutting down and abandoning module Slate (63)
[2015.04.01-18.17.00:768][ 11]LogModuleManager: Shutting down and abandoning module EditorStyle (62)
[2015.04.01-18.17.00:773][ 11]LogModuleManager: Shutting down and abandoning module SessionServices (61)
[2015.04.01-18.17.00:773][ 11]LogModuleManager: Shutting down and abandoning module SourceCodeAccess (60)
[2015.04.01-18.17.00:773][ 11]LogModuleManager: Shutting down and abandoning module HeadMountedDisplay (59)
[2015.04.01-18.17.00:773][ 11]LogModuleManager: Shutting down and abandoning module XAudio2 (58)
[2015.04.01-18.17.00:773][ 11]LogModuleManager: Shutting down and abandoning module Networking (56)
[2015.04.01-18.17.00:773][ 11]LogModuleManager: Shutting down and abandoning module Core (55)
[2015.04.01-18.17.00:773][ 11]LogModuleManager: Shutting down and abandoning module KismetCompiler (54)
[2015.04.01-18.17.00:773][ 11]LogModuleManager: Shutting down and abandoning module PhysXFormats (53)
[2015.04.01-18.17.00:773][ 11]LogModuleManager: Shutting down and abandoning module MeshUtilities (52)
[2015.04.01-18.17.00:773][ 11]LogModuleManager: Shutting down and abandoning module DerivedDataCache (51)
[2015.04.01-18.17.00:867][ 11]LogDerivedDataCache: Shutdown
[2015.04.01-18.17.00:867][ 11]LogModuleManager: Shutting down and abandoning module ShaderFormatOpenGL (50)
[2015.04.01-18.17.00:867][ 11]LogModuleManager: Shutting down and abandoning module ShaderFormatD3D (49)
[2015.04.01-18.17.00:867][ 11]LogModuleManager: Shutting down and abandoning module MetalShaderFormat (48)
[2015.04.01-18.17.00:867][ 11]LogModuleManager: Shutting down and abandoning module TextureFormatUncompressed (47)
[2015.04.01-18.17.00:867][ 11]LogModuleManager: Shutting down and abandoning module TextureFormatPVR (46)
[2015.04.01-18.17.00:867][ 11]LogModuleManager: Shutting down and abandoning module TextureFormatIntelISPCTexComp (45)
[2015.04.01-18.17.00:867][ 11]LogModuleManager: Shutting down and abandoning module TextureFormatDXT (44)
[2015.04.01-18.17.00:867][ 11]LogModuleManager: Shutting down and abandoning module ImageWrapper (43)
[2015.04.01-18.17.00:867][ 11]LogModuleManager: Shutting down and abandoning module TextureFormatASTC (42)
[2015.04.01-18.17.00:867][ 11]LogModuleManager: Shutting down and abandoning module TextureFormatAndroid (41)
[2015.04.01-18.17.00:867][ 11]LogModuleManager: Shutting down and abandoning module AudioFormatOpus (40)
[2015.04.01-18.17.00:867][ 11]LogModuleManager: Shutting down and abandoning module AudioFormatOgg (39)
[2015.04.01-18.17.00:867][ 11]LogModuleManager: Shutting down and abandoning module AudioFormatADPCM (38)
[2015.04.01-18.17.00:867][ 11]LogModuleManager: Shutting down and abandoning module LinuxTargetPlatform (37)
[2015.04.01-18.17.00:867][ 11]LogModuleManager: Shutting down and abandoning module LinuxServerTargetPlatform (36)
[2015.04.01-18.17.00:867][ 11]LogModuleManager: Shutting down and abandoning module LinuxNoEditorTargetPlatform (35)
[2015.04.01-18.17.00:867][ 11]LogModuleManager: Shutting down and abandoning module Messaging (34)
[2015.04.01-18.17.00:867][ 11]LogModuleManager: Shutting down and abandoning module IOSTargetPlatform (33)
[2015.04.01-18.17.00:867][ 11]LogModuleManager: Shutting down and abandoning module HTML5TargetPlatform (32)
[2015.04.01-18.17.00:867][ 11]LogModuleManager: Shutting down and abandoning module Android_PVRTCTargetPlatform (31)
[2015.04.01-18.17.00:867][ 11]LogModuleManager: Shutting down and abandoning module Android_ETC2TargetPlatform (30)
[2015.04.01-18.17.00:867][ 11]LogModuleManager: Shutting down and abandoning module Android_ETC1TargetPlatform (29)
[2015.04.01-18.17.00:867][ 11]LogModuleManager: Shutting down and abandoning module Android_ES31TargetPlatform (28)
[2015.04.01-18.17.00:867][ 11]LogModuleManager: Shutting down and abandoning module Android_DXTTargetPlatform (27)
[2015.04.01-18.17.00:867][ 11]LogModuleManager: Shutting down and abandoning module Android_ATCTargetPlatform (26)
[2015.04.01-18.17.00:867][ 11]LogModuleManager: Shutting down and abandoning module AndroidTargetPlatform (25)
[2015.04.01-18.17.00:867][ 11]LogModuleManager: Shutting down and abandoning module WindowsTargetPlatform (24)
[2015.04.01-18.17.00:867][ 11]LogModuleManager: Shutting down and abandoning module WindowsServerTargetPlatform (23)
[2015.04.01-18.17.00:867][ 11]LogModuleManager: Shutting down and abandoning module WindowsNoEditorTargetPlatform (22)
[2015.04.01-18.17.00:867][ 11]LogModuleManager: Shutting down and abandoning module WindowsClientTargetPlatform (21)
[2015.04.01-18.17.00:867][ 11]LogModuleManager: Shutting down and abandoning module TargetPlatform (20)
[2015.04.01-18.17.00:867][ 11]LogModuleManager: Shutting down and abandoning module InputCore (19)
[2015.04.01-18.17.00:867][ 11]LogModuleManager: Shutting down and abandoning module Settings (18)
[2015.04.01-18.17.00:867][ 11]LogModuleManager: Shutting down and abandoning module OnlineSubsystem (16)
[2015.04.01-18.17.00:868][ 11]LogModuleManager: Shutting down and abandoning module OculusRift (15)
[2015.04.01-18.17.00:868][ 11]LogModuleManager: Shutting down and abandoning module ExampleDeviceProfileSelector (14)
[2015.04.01-18.17.00:868][ 11]LogModuleManager: Shutting down and abandoning module TextureCompressor (13)
[2015.04.01-18.17.00:868][ 11]LogModuleManager: Shutting down and abandoning module ShaderCore (12)
[2015.04.01-18.17.00:868][ 11]LogModuleManager: Shutting down and abandoning module Landscape (11)
[2015.04.01-18.17.00:868][ 11]LogModuleManager: Shutting down and abandoning module SlateRHIRenderer (10)
[2015.04.01-18.17.00:870][ 11]LogModuleManager: Shutting down and abandoning module OpenGLDrv (9)
[2015.04.01-18.17.00:870][ 11]LogModuleManager: Shutting down and abandoning module D3D11RHI (8)
[2015.04.01-18.17.00:870][ 11]LogModuleManager: Shutting down and abandoning module Renderer (7)
[2015.04.01-18.17.00:870][ 11]LogModuleManager: Shutting down and abandoning module Engine (6)
[2015.04.01-18.17.00:870][ 11]LogModuleManager: Shutting down and abandoning module CoreUObject (5)
[2015.04.01-18.17.00:870][ 11]LogModuleManager: Shutting down and abandoning module NetworkFile (4)
[2015.04.01-18.17.00:870][ 11]LogModuleManager: Shutting down and abandoning module StreamingFile (3)
[2015.04.01-18.17.00:870][ 11]LogModuleManager: Shutting down and abandoning module SandboxFile (2)
[2015.04.01-18.17.00:870][ 11]LogModuleManager: Shutting down and abandoning module PakFile (1)
[2015.04.01-18.17.00:871][ 11]LogExit: Exiting.
[2015.04.01-18.17.00:893][ 11]Log file closed, 04/01/15 20:17:00
