Log file open, 04/02/15 21:20:48
LogInit:Display: Running engine for game: ProjectT34mal2hoch3
LogInit: Version: 4.7.4-2497108+++depot+UE4-Releases+4.7
LogInit: API Version: 2455222
LogInit: Compiled (64-bit): Mar 31 2015 09:40:25
LogInit: Compiled with Visual C++: 18.00.21005.01
LogInit: Build Configuration: Development
LogInit: Branch Name: ++depot+UE4-Releases+4.7
LogInit: Command line: 
LogInit: Base directory: C:/Program Files/Epic Games/4.7/Engine/Binaries/Win64/
LogInit: Rocket: 1
[2015.04.02-19.20.48:929][  0]LogTaskGraph: Started task graph with 3 named threads and 4 total threads.
[2015.04.02-19.20.49:000][  0]LogOnline:Warning: No default platform service specified for OnlineSubsystem
[2015.04.02-19.20.49:092][  0]LogInit: Presizing for 0 objects not considered by GC, pre-allocating 0 bytes.
[2015.04.02-19.20.49:130][  0]LogInit: Object subsystem initialized
[2015.04.02-19.20.49:134][  0]LogConsoleResponse:Warning: Skipping Unknown console variable: 'TranslucentSortAxis = (X=0.000000,Y=-1.000000,Z=0.000000)'
[2015.04.02-19.20.49:134][  0]LogConsoleResponse:Warning:   Found in ini file 'C:/Users/Tim/Documents/Unreal Projects/Versuch1/ProjectT34mal2hoch3/Saved/Config/Windows/Engine.ini', in section '[/Script/Engine.RendererSettings]'
[2015.04.02-19.20.49:134][  0]LogConsoleResponse:Warning: Skipping Unknown console variable: 'UIScaleRule = ShortestSide'
[2015.04.02-19.20.49:134][  0]LogConsoleResponse:Warning:   Found in ini file 'C:/Users/Tim/Documents/Unreal Projects/Versuch1/ProjectT34mal2hoch3/Saved/Config/Windows/Engine.ini', in section '[/Script/Engine.RendererSettings]'
[2015.04.02-19.20.49:134][  0]LogConsoleResponse:Warning: Skipping Unknown console variable: 'UIScaleCurve = (EditorCurveData=(Keys=),ExternalCurve=None)'
[2015.04.02-19.20.49:134][  0]LogConsoleResponse:Warning:   Found in ini file 'C:/Users/Tim/Documents/Unreal Projects/Versuch1/ProjectT34mal2hoch3/Saved/Config/Windows/Engine.ini', in section '[/Script/Engine.RendererSettings]'
[2015.04.02-19.20.49:137][  0]LogInit: Selected Device Profile: [Windows]
[2015.04.02-19.20.49:137][  0]LogInit: Applying CVar settings loaded from the selected device profile: [Windows]
[2015.04.02-19.20.49:173][  0]LogInit: Computer: TIM-PC
[2015.04.02-19.20.49:173][  0]LogInit: User: Tim
[2015.04.02-19.20.49:173][  0]LogInit: CPU Page size=4096, Cores=2
[2015.04.02-19.20.49:173][  0]LogInit: High frequency timer resolution =3.117207 MHz
[2015.04.02-19.20.49:173][  0]LogMemory: Memory total: Physical=9.9GB (10GB approx) Virtual=8192.0GB
[2015.04.02-19.20.49:173][  0]LogMemory: Platform Memory Stats for Windows
[2015.04.02-19.20.49:173][  0]LogMemory: Process Physical Memory: 46.93 MB used, 46.93 MB peak
[2015.04.02-19.20.49:173][  0]LogMemory: Process Virtual Memory: 23.07 MB used, 23.07 MB peak
[2015.04.02-19.20.49:173][  0]LogMemory: Physical Memory: 3936.98 MB used, 10167.08 MB total
[2015.04.02-19.20.49:173][  0]LogMemory: Virtual Memory: 276.85 MB used, 8388608.00 MB total
[2015.04.02-19.20.49:324][  0]LogD3D11RHI: Found D3D11 adapter 0: NVIDIA GeForce GTX 770 (Feature Level 11_0)
[2015.04.02-19.20.49:324][  0]LogD3D11RHI: Adapter has 4027MB of dedicated video memory, 0MB of dedicated system memory, and 4827MB of shared system memory, 1 output[s]
[2015.04.02-19.20.49:324][  0]LogD3D11RHI: Chosen D3D11 Adapter Id = 0
[2015.04.02-19.20.49:340][  0]LogRHI: Texture pool is 1361 MB (70% of 1945 MB)
[2015.04.02-19.20.49:374][  0]LogD3D11RHI: Async texture creation enabled
[2015.04.02-19.20.49:863][  0]LogTextLocalizationManager: The requested culture ('de_DE') has no localization data; falling back to 'en' for localization and internationalization data.
[2015.04.02-19.20.50:065][  0]LogTextLocalizationManager:Warning: Loading localization resources contain conflicting entries for (Namespace:UICommands, Key:Save_ToolTip):
Resource: (C:/Program Files/Epic Games/4.7/Engine/Content/Localization/Editor/en/Editor.locres) Hash: (-29098895) String: (Saves the current level to disk)
Resource: (C:/Program Files/Epic Games/4.7/Engine/Content/Localization/Engine/en/Engine.locres) Hash: (-1280300587) String: (Save selected data to vlog file)
[2015.04.02-19.20.50:065][  0]LogTextLocalizationManager:Warning: Loading localization resources contain conflicting entries for (Namespace:ContentBrowser, Key:ImportAssetToolTip):
Resource: (C:/Program Files/Epic Games/4.7/Engine/Content/Localization/Editor/en/Editor.locres) Hash: (-630476809) String: (Import to {0}...)
Resource: (C:/Program Files/Epic Games/4.7/Engine/Content/Localization/Editor/en/Editor.locres) Hash: (1271782899) String: (Imports an asset from file to this folder.)
[2015.04.02-19.20.50:240][  0]LogContentStreaming: Texture pool size is 0.000000MB
[2015.04.02-19.20.57:373][  0]LogTargetPlatformManager:Display: Building Assets For Windows
[2015.04.02-19.20.59:430][  0]LogTargetPlatformManager:Display: Building Assets For Windows
[2015.04.02-19.20.59:672][  0]LogDerivedDataCache:Display: Max Cache Size: 512 MB
[2015.04.02-19.21.00:063][  0]LogDerivedDataCache: Loaded boot cache 0.39s 39MB C:/Users/Tim/AppData/Local/UnrealEngine/4.7/DerivedDataCache/Boot.ddc.
[2015.04.02-19.21.00:063][  0]LogDerivedDataCache:Display: Loaded Boot cache: C:/Users/Tim/AppData/Local/UnrealEngine/4.7/DerivedDataCache/Boot.ddc
[2015.04.02-19.21.00:063][  0]LogDerivedDataCache: FDerivedDataBackendGraph:  Pak pak cache file ../../../../../../Users/Tim/Documents/Unreal Projects/Versuch1/ProjectT34mal2hoch3/DerivedDataCache/DDC.ddp not found, will not use a pak cache.
[2015.04.02-19.21.00:063][  0]LogDerivedDataCache: Unable to find inner node Pak for hierarchical cache Hierarchy.
[2015.04.02-19.21.00:423][  0]LogDerivedDataCache:Display: Pak cache opened for reading ../../../Engine/DerivedDataCache/Compressed.ddp.
[2015.04.02-19.21.00:436][  0]LogDerivedDataCache: Using Local data cache path C:/Users/Tim/AppData/Local/UnrealEngine/Common/DerivedDataCache: Writable
[2015.04.02-19.21.03:086][  0]LogMeshUtilities: No automatic mesh reduction module available
[2015.04.02-19.21.03:086][  0]LogMeshUtilities: No automatic mesh merging module available
[2015.04.02-19.21.04:106][  0]LogInit: WinSock: version 1.1 (2.2), MaxSocks=32767, MaxUdp=65467
[2015.04.02-19.21.04:628][  0]LogSlate:Warning: Failed to load font data from '../../../Engine/Content/Slate/Fonts/Roboto-Italic.ttf'
[2015.04.02-19.21.23:907][  0]UdpMessaging: Initializing bridge on interface 0.0.0.0:0 to multicast group 230.0.0.1:6666.
[2015.04.02-19.21.24:764][  0]SourceControl: Info Source control is disabled
[2015.04.02-19.21.24:764][  0]SourceControl: Info Source control is disabled
[2015.04.02-19.21.24:764][  0]SourceControl: Info Source control is disabled
[2015.04.02-19.21.24:764][  0]LogSourceControl: RunCommandInternalRaw: 'git version'
[2015.04.02-19.21.24:765][  0]LogSourceControl: RunCommandInternalRaw: ExecProcess ReturnCode=2 OutResults=''
[2015.04.02-19.21.24:812][  0]SourceControl: Info Source control is disabled
[2015.04.02-19.21.25:855][  0]LogObj: 24232 objects as part of root set at end of initial load.
[2015.04.02-19.21.25:855][  0]LogUObjectAllocator: 5137176 out of 0 bytes used by permanent object pool.
[2015.04.02-19.21.26:094][  0]LogEngine: Initializing Engine...
[2015.04.02-19.21.28:531][  0]LogInit: XAudio2 using 'Lautsprecher/Kopfhörer (Realtek High Definition Audio)' : 2 channels at 48 kHz using 16 bits per sample (channel mask 0x3)
[2015.04.02-19.21.28:556][  0]LogInit: FAudioDevice initialized.
[2015.04.02-19.21.28:692][  0]LogAIModule: Creating AISystem for world NewWorld
[2015.04.02-19.21.28:750][  0]LogDerivedDataCache: Saved boot cache 0.06s 39MB C:/Users/Tim/AppData/Local/UnrealEngine/4.7/DerivedDataCache/Boot.ddc.
[2015.04.02-19.21.28:766][  0]LogInit: Texture streaming: Enabled
[2015.04.02-19.21.29:093][  0]LogAnalytics: Creating configured Analytics provider AnalyticsET
[2015.04.02-19.21.29:093][  0]LogAnalytics: ET APIKey = Rocket.Release. APIServer = http://et2.epicgames.com/ET2/. AppVersion = 4.7.4-2497108+++depot+UE4-Releases+4.7
[2015.04.02-19.21.29:093][  0]LogAnalytics: ET APIKey = Rocket.Release. DataRouterUploadURL = https://datarouter-public-service-gamedev.ol.epicgames.net/datarouter/api/v1/public/data. AppVersion = 4.7.4-2497108+++depot+UE4-Releases+4.7
[2015.04.02-19.21.29:093][  0]LogAnalytics: SetUserId c5fd52a24d6850d1c633029fc9284b73|9f6f6a0632e64490ab8dba32aeb92367|02faca1b-0e02-495b-954f-51d2c87ed7d6
[2015.04.02-19.21.29:094][  0]LogAnalytics: AnalyticsET::StartSession [Rocket.Release]
[2015.04.02-19.21.29:249][  0]LogInit: Transaction tracking system initialized
[2015.04.02-19.21.30:225][  0]BlueprintLog: New page: Editor Load
[2015.04.02-19.21.30:334][  0]LogAssetRegistry: FAssetRegistry took 0.0098 seconds to start up
[2015.04.02-19.21.30:335][  0]LogDirectoryWatcher:Warning: Failed to begin reading directory changes for ../../../Engine/Plugins/Experimental/CharacterAI/Content/. Error: 0
[2015.04.02-19.21.34:829][  0]LogTargetPlatformManager:Display: Building Assets For Windows
[2015.04.02-19.21.36:321][  0]LogTargetPlatformManager:Display: Building Assets For Windows
[2015.04.02-19.21.37:460][  0]LogLinker:Warning: Can't find file '/Game/FirstPersonBP/FirstPersonOverview'
[2015.04.02-19.21.37:461][  0]LogLinker:Warning: Can't find file '/Game/FirstPersonBP/FirstPersonOverview'
[2015.04.02-19.21.37:461][  0]LogUObjectGlobals:Warning: Failed to find object 'Class /Game/FirstPersonBP/FirstPersonOverview.FirstPersonOverview_C'
[2015.04.02-19.21.37:636][  0]LogSlate:Warning: Failed to load font data from '../../../Engine/Content/Editor/Slate/Fonts/Roboto-Regular.ttf'
[2015.04.02-19.21.37:637][  0]LogSlate:Warning: Failed to load font data from '../../../Engine/Content/Editor/Slate/Fonts/Roboto-Bold.ttf'
[2015.04.02-19.21.37:735][  0]LogConsoleResponse:Display: 
[2015.04.02-19.21.38:342][  0]LogCook:Display: Done creating registry. It took  0.00s.
[2015.04.02-19.21.39:366][  0]SourceControl: Info Source control is disabled
[2015.04.02-19.21.39:366][  0]Cmd: MAP LOAD FILE="../../../../../../Users/Tim/Documents/Unreal Projects/Versuch1/ProjectT34mal2hoch3/Content/FirstPersonBP/Maps/FirstPersonExampleMap.umap" TEMPLATE=0 SHOWPROGRESS=1 FEATURELEVEL=3
[2015.04.02-19.21.39:410][  0]LightingResults: New page: Lighting Build
[2015.04.02-19.21.39:441][  0]MapCheck: New page: Map Check
[2015.04.02-19.21.39:441][  0]LightingResults: New page: Lighting Build
[2015.04.02-19.21.39:474][  0]LogParticles: Destroying 0 GPU particle simulations for FXSystem 0x00000000118C2520
[2015.04.02-19.21.39:849][  0]LogLinker:Warning: Asset '../../../Engine/Content/EngineMeshes/Humanoid.uasset' has been saved with empty engine version. The asset will be loaded but may be incompatible.
[2015.04.02-19.21.45:309][  0]LogTexture:Display: Building textures: MetalBase0108_2_S (AutoDXT)
[2015.04.02-19.21.46:390][  0]LogTexture:Display: Building textures: MetalBase0108_2_S_NRM (BC5)
[2015.04.02-19.21.46:567][  0]LogMaterial: Missing cached shader map for material AmbossHMaterial, compiling. 
[2015.04.02-19.21.51:159][  0]LogEditorServer: Finished looking for orphan Actors (0.073 secs)
[2015.04.02-19.21.56:536][  0]LogAIModule: Creating AISystem for world FirstPersonExampleMap
[2015.04.02-19.21.56:538][  0]Cmd: MAP CHECKDEP
[2015.04.02-19.21.56:538][  0]MapCheck: New page: FirstPersonExampleMap - Apr 2, 2015, 11:21:56 PM
[2015.04.02-19.21.57:330][  0]MapCheck: Info Map check complete: 0 Error(s), 0 Warning(s), took 791.676ms to complete.
[2015.04.02-19.21.57:330][  0]LogFileHelpers: Loading map 'FirstPersonExampleMap' took 17.964
[2015.04.02-19.21.58:108][  0]LogCollectionManager: Loaded 0 collections in 0.004737 seconds
[2015.04.02-19.21.58:140][  0]LogContentBrowser: Native class hierarchy populated in 0.0316 seconds. Added 1696 classes and 261 folders.
[2015.04.02-19.21.58:499][  0]LogContentBrowser: Native class hierarchy updated for 'SceneOutliner' in 0.0081 seconds. Added 1 classes and 2 folders.
[2015.04.02-19.21.58:858][  0]LogCrashTracker: Crashtracker disabled due to settings.
[2015.04.02-19.21.58:861][  0]LogSlate:Warning: Failed to load font data from 'Veranda'
[2015.04.02-19.21.58:879][  0]LogUObjectGlobals:Warning: Failed to find object 'Class None.'
[2015.04.02-19.21.58:923][  0]LogLoad: Full Startup: 74.93 seconds (BP compile: 1.80 seconds)
[2015.04.02-19.21.59:020][  0]LogContentBrowser:Verbose: The content browser source was changed by the sources view to '/Game/Objects'
[2015.04.02-19.21.59:434][  0]LogRenderer:Warning: Reallocating scene render targets to support 32x32 (Frame:2).
[2015.04.02-19.21.59:762][  0]LogRenderer:Warning: Reallocating scene render targets to support 1208x576 (Frame:5).
[2015.04.02-19.22.04:619][  9]LogAssetRegistry: Asset discovery search completed in 34.2946 seconds
[2015.04.02-19.22.49:955][ 41]LogContentBrowser:Verbose: The content browser source was changed by the sources view to '/Game/Objects/Textures'
[2015.04.02-19.22.54:558][383]LogMaterial: Missing cached shader map for material AmbossHMaterial, compiling. 
[2015.04.02-19.22.54:598][383]LogActorComponent: UnregisterComponent: (/Engine/Transient.SkeletalMeshComponent_0) Not registered. Aborting.
[2015.04.02-19.22.54:677][383]LogActorComponent: UnregisterComponent: (/Engine/Transient.SkeletalMeshComponent_0) Not registered. Aborting.
[2015.04.02-19.22.54:677][383]LogActorComponent: RegisterComponentWithWorld: (/Engine/Transient.MaterialEditorMeshComponent_0) Already registered. Aborting.
[2015.04.02-19.22.54:678][383]LogActorComponent: UnregisterComponent: (/Engine/Transient.SkeletalMeshComponent_0) Not registered. Aborting.
[2015.04.02-19.22.54:678][383]LogActorComponent: RegisterComponentWithWorld: (/Engine/Transient.MaterialEditorMeshComponent_0) Already registered. Aborting.
[2015.04.02-19.22.54:779][383]LogMaterial: Missing cached shader map for material AmbossHMaterial, compiling. 
[2015.04.02-19.22.54:789][383]LogMaterial: 0.000054 seconds spent updating 1 materials, 1 interfaces, 0 instances, 0 with static permutations.
[2015.04.02-19.22.54:934][383]LogMaterial: Missing cached shader map for material FMatExpressionPreview MaterialExpressionTextureSample_0, compiling. 
[2015.04.02-19.22.54:938][383]LogMaterial: Missing cached shader map for material FMatExpressionPreview MaterialExpressionTextureSample_1, compiling. 
[2015.04.02-19.22.58:546][531]MaterialEditorStats: Info Base pass shader with only dynamic lighting: 45 instructions
[2015.04.02-19.22.58:546][531]MaterialEditorStats: Info Vertex shader: 33 instructions
[2015.04.02-19.22.58:546][531]MaterialEditorStats: Info Texture samplers: 1/16
[2015.04.02-19.23.11:017][549]LogMaterial: Missing cached shader map for material FMatExpressionPreview MaterialExpressionTextureCoordinate_0, compiling. 
[2015.04.02-19.23.34:980][643]LogMaterial: Missing cached shader map for material AmbossHMaterial, compiling. 
[2015.04.02-19.23.34:987][643]LogMaterial: 0.000081 seconds spent updating 1 materials, 1 interfaces, 0 instances, 0 with static permutations.
[2015.04.02-19.23.40:635][ 62]LogMaterial: Missing cached shader map for material AmbossHMaterial, compiling. 
[2015.04.02-19.23.40:647][ 62]LogMaterial: 0.000047 seconds spent updating 1 materials, 1 interfaces, 0 instances, 0 with static permutations.
[2015.04.02-19.23.45:115][408]MaterialEditorStats: Info Base pass shader with only dynamic lighting: 45 instructions
[2015.04.02-19.23.45:115][408]MaterialEditorStats: Info Vertex shader: 33 instructions
[2015.04.02-19.23.45:115][408]MaterialEditorStats: Info Texture samplers: 1/16
[2015.04.02-19.23.46:118][504]LogMaterial: Missing cached shader map for material AmbossHMaterial, compiling. 
[2015.04.02-19.23.46:125][504]LogMaterial: 0.000086 seconds spent updating 1 materials, 1 interfaces, 0 instances, 0 with static permutations.
[2015.04.02-19.23.49:671][748]MaterialEditorStats: Info Base pass shader with only dynamic lighting: 45 instructions
[2015.04.02-19.23.49:671][748]MaterialEditorStats: Info Vertex shader: 33 instructions
[2015.04.02-19.23.49:671][748]MaterialEditorStats: Info Texture samplers: 1/16
[2015.04.02-19.23.50:353][819]LogMaterial: Missing cached shader map for material AmbossHMaterial, compiling. 
[2015.04.02-19.23.50:362][819]LogMaterial: 0.000107 seconds spent updating 1 materials, 1 interfaces, 0 instances, 0 with static permutations.
[2015.04.02-19.23.53:451][ 25]MaterialEditorStats: Info Base pass shader with only dynamic lighting: 45 instructions
[2015.04.02-19.23.53:451][ 25]MaterialEditorStats: Info Vertex shader: 33 instructions
[2015.04.02-19.23.53:451][ 25]MaterialEditorStats: Info Texture samplers: 1/16
[2015.04.02-19.24.05:688][ 26]LogContentBrowser:Verbose: The content browser source was changed by the sources view to '/Game/Objects'
[2015.04.02-19.24.13:086][523]LogRenderer:Warning: Reallocating scene render targets to support 1432x928 (Frame:10550).
[2015.04.02-19.24.19:079][100]LogEditorViewport: Clicking on Actor (LMB): StaticMeshActor (Amboss)
[2015.04.02-19.24.45:305][962]LogMaterial: Missing cached shader map for material AmbossHMaterial, compiling. 
[2015.04.02-19.24.45:312][962]LogMaterial: 0.000097 seconds spent updating 1 materials, 1 interfaces, 0 instances, 0 with static permutations.
[2015.04.02-19.24.53:135][567]MaterialEditorStats: Info Base pass shader with only dynamic lighting: 45 instructions
[2015.04.02-19.24.53:135][567]MaterialEditorStats: Info Vertex shader: 33 instructions
[2015.04.02-19.24.53:135][567]MaterialEditorStats: Info Texture samplers: 1/16
[2015.04.02-19.25.00:118][220]LogMaterial: Missing cached shader map for material AmbossHMaterial, compiling. 
[2015.04.02-19.25.00:125][220]LogMaterial: 0.000092 seconds spent updating 1 materials, 1 interfaces, 0 instances, 0 with static permutations.
[2015.04.02-19.25.02:045][308]LogMaterial: Missing cached shader map for material AmbossHMaterial, compiling. 
[2015.04.02-19.25.02:056][308]LogMaterial: 0.000280 seconds spent updating 1 materials, 1 interfaces, 0 instances, 0 with static permutations.
[2015.04.02-19.25.06:382][558]MaterialEditorStats: Info Base pass shader with only dynamic lighting: 45 instructions
[2015.04.02-19.25.06:382][558]MaterialEditorStats: Info Vertex shader: 33 instructions
[2015.04.02-19.25.06:382][558]MaterialEditorStats: Info Texture samplers: 1/16
[2015.04.02-19.25.09:312][808]LogMaterialEditor: Saving and Compiling material AmbossHMaterial
[2015.04.02-19.25.11:420][808]LogMaterial: Missing cached shader map for material AmbossHMaterial, compiling. 
[2015.04.02-19.25.11:449][808]LogMaterial: 0.000088 seconds spent updating 1 materials, 1 interfaces, 0 instances, 0 with static permutations.
[2015.04.02-19.25.11:685][808]LogMaterial: Missing cached shader map for material AmbossHMaterial, compiling. 
[2015.04.02-19.25.11:805][808]LogMaterial: Missing cached shader map for material AmbossHMaterial, compiling. 
[2015.04.02-19.25.11:823][808]LogMaterial: 0.003625 seconds spent updating 1 materials, 1 interfaces, 0 instances, 0 with static permutations.
[2015.04.02-19.25.16:310][808]LogSavePackage: Save=170.924164ms
[2015.04.02-19.25.16:310][808]LogSavePackage: Moving '../../../../../../Users/Tim/Documents/Unreal Projects/Versuch1/ProjectT34mal2hoch3/Saved/AmbossHMaterial58A137FF480241C5269C159AD5C7520B.tmp' to '../../../../../../Users/Tim/Documents/Unreal Projects/Versuch1/ProjectT34mal2hoch3/Content/Objects/Textures/AmbossHMaterial.uasset'
[2015.04.02-19.25.16:336][808]MaterialEditorStats: Info Base pass shader with only dynamic lighting: 65 instructions
[2015.04.02-19.25.16:336][808]MaterialEditorStats: Info Vertex shader: 33 instructions
[2015.04.02-19.25.16:336][808]MaterialEditorStats: Info Texture samplers: 4/16
[2015.04.02-19.25.21:710][129]LogActorFactory: Actor Factory created Amboss
[2015.04.02-19.25.23:740][237]LogActorFactory: Actor Factory created Amboss
[2015.04.02-19.26.25:236][178]LogMaterial: Missing cached shader map for material AmbossHMaterial, compiling. 
[2015.04.02-19.26.25:243][178]LogMaterial: 0.000114 seconds spent updating 1 materials, 1 interfaces, 0 instances, 0 with static permutations.
[2015.04.02-19.26.27:614][297]LogMaterial: Missing cached shader map for material AmbossHMaterial, compiling. 
[2015.04.02-19.26.27:626][297]LogMaterial: 0.000101 seconds spent updating 1 materials, 1 interfaces, 0 instances, 0 with static permutations.
[2015.04.02-19.26.29:483][387]LogMaterialEditor: Saving and Compiling material AmbossHMaterial
[2015.04.02-19.26.32:047][387]LogMaterial: Missing cached shader map for material AmbossHMaterial, compiling. 
[2015.04.02-19.26.32:073][387]LogMaterial: 0.000098 seconds spent updating 1 materials, 1 interfaces, 0 instances, 0 with static permutations.
[2015.04.02-19.26.32:372][387]LogMaterial: Missing cached shader map for material AmbossHMaterial, compiling. 
[2015.04.02-19.26.32:402][387]LogMaterial: Missing cached shader map for material AmbossHMaterial, compiling. 
[2015.04.02-19.26.32:419][387]LogMaterial: 0.003506 seconds spent updating 1 materials, 1 interfaces, 0 instances, 0 with static permutations.
[2015.04.02-19.26.36:762][387]LogSavePackage: Save=168.434433ms
[2015.04.02-19.26.36:762][387]LogSavePackage: Moving '../../../../../../Users/Tim/Documents/Unreal Projects/Versuch1/ProjectT34mal2hoch3/Saved/AmbossHMaterial7C1329D04F4B774E11B3089C23548DFE.tmp' to '../../../../../../Users/Tim/Documents/Unreal Projects/Versuch1/ProjectT34mal2hoch3/Content/Objects/Textures/AmbossHMaterial.uasset'
[2015.04.02-19.26.36:785][387]MaterialEditorStats: Info Base pass shader with only dynamic lighting: 64 instructions
[2015.04.02-19.26.36:785][387]MaterialEditorStats: Info Vertex shader: 33 instructions
[2015.04.02-19.26.36:785][387]MaterialEditorStats: Info Texture samplers: 4/16
[2015.04.02-19.26.41:170][700]LogParticles: Destroying 0 GPU particle simulations for FXSystem 0x000000000C998E00
[2015.04.02-19.26.43:724][701]Cmd: QUIT_EDITOR
[2015.04.02-19.26.44:061][701]LogExit: Preparing to exit.
[2015.04.02-19.26.45:123][701]LogExit: Editor shut down
[2015.04.02-19.26.45:124][701]LogExit: Transaction tracking system shut down
[2015.04.02-19.26.45:126][701]LogParticles: Destroying 0 GPU particle simulations for FXSystem 0x000000000CFBD580
[2015.04.02-19.26.45:126][701]LogParticles: Destroying 0 GPU particle simulations for FXSystem 0x0000000016ECAFC0
[2015.04.02-19.26.45:126][701]LogParticles: Destroying 0 GPU particle simulations for FXSystem 0x00000000411E37E0
[2015.04.02-19.26.45:127][701]LogParticles: Destroying 0 GPU particle simulations for FXSystem 0x000000000B13EF20
[2015.04.02-19.26.45:135][701]LogParticles: Destroying 0 GPU particle simulations for FXSystem 0x0000000041AC89A0
[2015.04.02-19.26.45:413][701]LogExit: Object subsystem successfully closed.
[2015.04.02-19.26.45:503][701]LogModuleManager: Shutting down and abandoning module StaticMeshEditor (179)
[2015.04.02-19.26.45:503][701]LogModuleManager: Shutting down and abandoning module MaterialEditor (178)
[2015.04.02-19.26.45:503][701]LogModuleManager: Shutting down and abandoning module CrashTracker (177)
[2015.04.02-19.26.45:503][701]LogModuleManager: Shutting down and abandoning module SuperSearch (176)
[2015.04.02-19.26.45:503][701]LogModuleManager: Shutting down and abandoning module SceneOutliner (175)
[2015.04.02-19.26.45:503][701]LogModuleManager: Shutting down and abandoning module EditorWidgets (174)
[2015.04.02-19.26.45:503][701]LogModuleManager: Shutting down and abandoning module CollectionManager (173)
[2015.04.02-19.26.45:503][701]LogModuleManager: Shutting down and abandoning module StatsViewer (172)
[2015.04.02-19.26.45:503][701]LogModuleManager: Shutting down and abandoning module FoliageEdit (171)
[2015.04.02-19.26.45:504][701]LogModuleManager: Shutting down and abandoning module LandscapeEditor (170)
[2015.04.02-19.26.45:504][701]LogModuleManager: Shutting down and abandoning module MeshPaint (169)
[2015.04.02-19.26.45:504][701]LogModuleManager: Shutting down and abandoning module ActorPickerMode (168)
[2015.04.02-19.26.45:504][701]LogModuleManager: Shutting down and abandoning module GeometryMode (167)
[2015.04.02-19.26.45:504][701]LogModuleManager: Shutting down and abandoning module TextureAlignMode (166)
[2015.04.02-19.26.45:504][701]LogModuleManager: Shutting down and abandoning module BspMode (165)
[2015.04.02-19.26.45:504][701]LogModuleManager: Shutting down and abandoning module PlacementMode (164)
[2015.04.02-19.26.45:504][701]LogModuleManager: Shutting down and abandoning module AutomationWorker (163)
[2015.04.02-19.26.45:504][701]LogModuleManager: Shutting down and abandoning module CharacterAI (162)
[2015.04.02-19.26.45:504][701]LogModuleManager: Shutting down and abandoning module SmartSnapping (161)
[2015.04.02-19.26.45:504][701]LogModuleManager: Shutting down and abandoning module ViewportSnapping (160)
[2015.04.02-19.26.45:504][701]LogModuleManager: Shutting down and abandoning module LogVisualizer (159)
[2015.04.02-19.26.45:504][701]LogModuleManager: Shutting down and abandoning module GameProjectGeneration (158)
[2015.04.02-19.26.45:504][701]LogModuleManager: Shutting down and abandoning module IntroTutorials (157)
[2015.04.02-19.26.45:504][701]LogModuleManager: Shutting down and abandoning module EditorLiveStreaming (156)
[2015.04.02-19.26.45:504][701]LogModuleManager: Shutting down and abandoning module HardwareTargeting (155)
[2015.04.02-19.26.45:504][701]LogModuleManager: Shutting down and abandoning module DeviceProfileEditor (154)
[2015.04.02-19.26.45:504][701]LogModuleManager: Shutting down and abandoning module UndoHistory (153)
[2015.04.02-19.26.45:504][701]LogModuleManager: Shutting down and abandoning module GameplayTagsEditor (152)
[2015.04.02-19.26.45:504][701]LogModuleManager: Shutting down and abandoning module UserFeedback (151)
[2015.04.02-19.26.45:504][701]LogModuleManager: Shutting down and abandoning module XmlParser (150)
[2015.04.02-19.26.45:504][701]LogModuleManager: Shutting down and abandoning module Blutility (149)
[2015.04.02-19.26.45:504][701]LogModuleManager: Shutting down and abandoning module IOSPlatformEditor (148)
[2015.04.02-19.26.45:504][701]LogModuleManager: Shutting down and abandoning module IOSRuntimeSettings (147)
[2015.04.02-19.26.45:504][701]LogModuleManager: Shutting down and abandoning module AndroidDeviceDetection (146)
[2015.04.02-19.26.46:155][701]LogModuleManager: Shutting down and abandoning module AndroidPlatformEditor (145)
[2015.04.02-19.26.46:155][701]LogModuleManager: Shutting down and abandoning module AndroidRuntimeSettings (144)
[2015.04.02-19.26.46:155][701]LogModuleManager: Shutting down and abandoning module ProjectTargetPlatformEditor (143)
[2015.04.02-19.26.46:155][701]LogModuleManager: Shutting down and abandoning module ProjectSettingsViewer (142)
[2015.04.02-19.26.46:155][701]LogModuleManager: Shutting down and abandoning module InputBindingEditor (141)
[2015.04.02-19.26.46:155][701]LogModuleManager: Shutting down and abandoning module EditorSettingsViewer (140)
[2015.04.02-19.26.46:155][701]LogModuleManager: Shutting down and abandoning module SettingsEditor (139)
[2015.04.02-19.26.46:155][701]LogModuleManager: Shutting down and abandoning module ProjectLauncher (138)
[2015.04.02-19.26.46:155][701]LogModuleManager: Shutting down and abandoning module SessionFrontend (137)
[2015.04.02-19.26.46:155][701]LogModuleManager: Shutting down and abandoning module ProfilerClient (136)
[2015.04.02-19.26.46:155][701]LogModuleManager: Shutting down and abandoning module TargetDeviceServices (135)
[2015.04.02-19.26.46:155][701]LogModuleManager: Shutting down and abandoning module DeviceManager (134)
[2015.04.02-19.26.46:156][701]LogModuleManager: Shutting down and abandoning module AutomationController (133)
[2015.04.02-19.26.46:156][701]LogModuleManager: Shutting down and abandoning module AutomationWindow (132)
[2015.04.02-19.26.46:156][701]LogModuleManager: Shutting down and abandoning module Layers (131)
[2015.04.02-19.26.46:156][701]LogModuleManager: Shutting down and abandoning module ComponentVisualizers (130)
[2015.04.02-19.26.46:156][701]LogModuleManager: Shutting down and abandoning module DetailCustomizations (129)
[2015.04.02-19.26.46:156][701]LogModuleManager: Shutting down and abandoning module PackagesDialog (128)
[2015.04.02-19.26.46:156][701]LogModuleManager: Shutting down and abandoning module AssetRegistry (127)
[2015.04.02-19.26.46:235][701]LogModuleManager: Shutting down and abandoning module Persona (126)
[2015.04.02-19.26.46:236][701]LogModuleManager: Shutting down and abandoning module SlateReflector (125)
[2015.04.02-19.26.46:236][701]LogModuleManager: Shutting down and abandoning module LevelEditor (124)
[2015.04.02-19.26.46:237][701]LogModuleManager: Shutting down and abandoning module Kismet (123)
[2015.04.02-19.26.46:237][701]LogModuleManager: Shutting down and abandoning module GraphEditor (122)
[2015.04.02-19.26.46:237][701]LogModuleManager: Shutting down and abandoning module ClassViewer (121)
[2015.04.02-19.26.46:237][701]LogModuleManager: Shutting down and abandoning module Toolbox (120)
[2015.04.02-19.26.46:237][701]LogModuleManager: Shutting down and abandoning module ModuleUI (119)
[2015.04.02-19.26.46:237][701]LogModuleManager: Shutting down and abandoning module MovieSceneTools (118)
[2015.04.02-19.26.46:237][701]LogModuleManager: Shutting down and abandoning module OutputLog (117)
[2015.04.02-19.26.46:237][701]LogModuleManager: Shutting down and abandoning module GammaUI (116)
[2015.04.02-19.26.46:237][701]LogModuleManager: Shutting down and abandoning module Documentation (115)
[2015.04.02-19.26.46:238][701]LogModuleManager: Shutting down and abandoning module GameLiveStreaming (114)
[2015.04.02-19.26.46:238][701]LogModuleManager: Shutting down and abandoning module StreamingPauseRendering (113)
[2015.04.02-19.26.46:238][701]LogModuleManager: Shutting down and abandoning module HTTP (112)
[2015.04.02-19.26.46:238][701]LogModuleManager: Shutting down and abandoning module AnalyticsET (111)
[2015.04.02-19.26.46:238][701]LogModuleManager: Shutting down and abandoning module Analytics (110)
[2015.04.02-19.26.46:238][701]LogModuleManager: Shutting down and abandoning module AITestSuite (109)
[2015.04.02-19.26.46:238][701]LogModuleManager: Shutting down and abandoning module GameplayDebugger (108)
[2015.04.02-19.26.46:238][701]LogModuleManager: Shutting down and abandoning module AIModule (107)
[2015.04.02-19.26.46:238][701]LogModuleManager: Shutting down and abandoning module ProfilerService (106)
[2015.04.02-19.26.46:354][701]LogModuleManager: Shutting down and abandoning module TaskGraph (105)
[2015.04.02-19.26.46:354][701]LogModuleManager: Shutting down and abandoning module SlateRemote (104)
[2015.04.02-19.26.46:354][701]LogModuleManager: Shutting down and abandoning module ScriptEditorPlugin (103)
[2015.04.02-19.26.46:354][701]LogModuleManager: Shutting down and abandoning module CustomMeshComponent (102)
[2015.04.02-19.26.46:354][701]LogModuleManager: Shutting down and abandoning module CableComponent (101)
[2015.04.02-19.26.46:354][701]LogModuleManager: Shutting down and abandoning module MessagingDebugger (100)
[2015.04.02-19.26.46:354][701]LogModuleManager: Shutting down and abandoning module MediaPlayerEditor (99)
[2015.04.02-19.26.46:354][701]LogModuleManager: Shutting down and abandoning module SpeedTreeImporter (98)
[2015.04.02-19.26.46:354][701]LogModuleManager: Shutting down and abandoning module PluginsEditor (97)
[2015.04.02-19.26.46:354][701]LogModuleManager: Shutting down and abandoning module MainFrame (96)
[2015.04.02-19.26.46:354][701]LogModuleManager: Shutting down and abandoning module EpicSurvey (95)
[2015.04.02-19.26.46:354][701]LogModuleManager: Shutting down and abandoning module DesktopPlatform (94)
[2015.04.02-19.26.46:354][701]LogModuleManager: Shutting down and abandoning module DirectoryWatcher (93)
[2015.04.02-19.26.46:355][701]LogModuleManager: Shutting down and abandoning module HotReload (92)
[2015.04.02-19.26.46:355][701]LogModuleManager: Shutting down and abandoning module VisualStudioSourceCodeAccess (91)
[2015.04.02-19.26.46:355][701]LogModuleManager: Shutting down and abandoning module UObjectPlugin (90)
[2015.04.02-19.26.46:355][701]LogModuleManager: Shutting down and abandoning module SubversionSourceControl (89)
[2015.04.02-19.26.46:355][701]LogModuleManager: Shutting down and abandoning module PerforceSourceControl (88)
[2015.04.02-19.26.46:355][701]LogModuleManager: Shutting down and abandoning module SourceControl (87)
[2015.04.02-19.26.46:355][701]LogModuleManager: Shutting down and abandoning module GitSourceControl (86)
[2015.04.02-19.26.46:355][701]LogModuleManager: Shutting down and abandoning module BlankPlugin (85)
[2015.04.02-19.26.46:355][701]LogModuleManager: Shutting down and abandoning module PaperTiledImporter (84)
[2015.04.02-19.26.46:355][701]LogModuleManager: Shutting down and abandoning module PaperJsonImporter (83)
[2015.04.02-19.26.46:355][701]LogModuleManager: Shutting down and abandoning module ContentBrowser (82)
[2015.04.02-19.26.46:356][701]LogModuleManager: Shutting down and abandoning module Paper2DEditor (81)
[2015.04.02-19.26.46:356][701]LogModuleManager: Shutting down and abandoning module ScriptPlugin (80)
[2015.04.02-19.26.46:356][701]LogModuleManager: Shutting down and abandoning module UdpMessaging (79)
[2015.04.02-19.26.46:456][701]LogModuleManager: Shutting down and abandoning module Paper2D (78)
[2015.04.02-19.26.46:456][701]LogModuleManager: Shutting down and abandoning module WindowsMoviePlayer (77)
[2015.04.02-19.26.46:456][701]LogModuleManager: Shutting down and abandoning module Media (76)
[2015.04.02-19.26.46:456][701]LogModuleManager: Shutting down and abandoning module WmfMedia (75)
[2015.04.02-19.26.46:456][701]LogModuleManager: Shutting down and abandoning module OnlineBlueprintSupport (74)
[2015.04.02-19.26.46:456][701]LogModuleManager: Shutting down and abandoning module PropertyEditor (73)
[2015.04.02-19.26.46:456][701]LogModuleManager: Shutting down and abandoning module BehaviorTreeEditor (72)
[2015.04.02-19.26.46:456][701]LogModuleManager: Shutting down and abandoning module FunctionalTesting (71)
[2015.04.02-19.26.46:456][701]LogModuleManager: Shutting down and abandoning module CollisionAnalyzer (70)
[2015.04.02-19.26.46:456][701]LogModuleManager: Shutting down and abandoning module WorkspaceMenuStructure (69)
[2015.04.02-19.26.46:456][701]LogModuleManager: Shutting down and abandoning module MessageLog (68)
[2015.04.02-19.26.46:456][701]LogModuleManager: Shutting down and abandoning module Sequencer (67)
[2015.04.02-19.26.46:456][701]LogModuleManager: Shutting down and abandoning module AssetTools (66)
[2015.04.02-19.26.46:457][701]LogModuleManager: Shutting down and abandoning module UMGEditor (65)
[2015.04.02-19.26.46:457][701]LogModuleManager: Shutting down and abandoning module UMG (64)
[2015.04.02-19.26.46:457][701]LogModuleManager: Shutting down and abandoning module Slate (63)
[2015.04.02-19.26.46:457][701]LogModuleManager: Shutting down and abandoning module EditorStyle (62)
[2015.04.02-19.26.46:466][701]LogModuleManager: Shutting down and abandoning module SessionServices (61)
[2015.04.02-19.26.46:466][701]LogModuleManager: Shutting down and abandoning module SourceCodeAccess (60)
[2015.04.02-19.26.46:466][701]LogModuleManager: Shutting down and abandoning module HeadMountedDisplay (59)
[2015.04.02-19.26.46:466][701]LogModuleManager: Shutting down and abandoning module XAudio2 (58)
[2015.04.02-19.26.46:466][701]LogModuleManager: Shutting down and abandoning module Networking (56)
[2015.04.02-19.26.46:466][701]LogModuleManager: Shutting down and abandoning module Core (55)
[2015.04.02-19.26.46:466][701]LogModuleManager: Shutting down and abandoning module KismetCompiler (54)
[2015.04.02-19.26.46:466][701]LogModuleManager: Shutting down and abandoning module PhysXFormats (53)
[2015.04.02-19.26.46:466][701]LogModuleManager: Shutting down and abandoning module MeshUtilities (52)
[2015.04.02-19.26.46:466][701]LogModuleManager: Shutting down and abandoning module DerivedDataCache (51)
[2015.04.02-19.26.46:501][701]LogDerivedDataCache: Shutdown
[2015.04.02-19.26.46:501][701]LogModuleManager: Shutting down and abandoning module ShaderFormatOpenGL (50)
[2015.04.02-19.26.46:501][701]LogModuleManager: Shutting down and abandoning module ShaderFormatD3D (49)
[2015.04.02-19.26.46:501][701]LogModuleManager: Shutting down and abandoning module MetalShaderFormat (48)
[2015.04.02-19.26.46:501][701]LogModuleManager: Shutting down and abandoning module TextureFormatUncompressed (47)
[2015.04.02-19.26.46:501][701]LogModuleManager: Shutting down and abandoning module TextureFormatPVR (46)
[2015.04.02-19.26.46:501][701]LogModuleManager: Shutting down and abandoning module TextureFormatIntelISPCTexComp (45)
[2015.04.02-19.26.46:501][701]LogModuleManager: Shutting down and abandoning module TextureFormatDXT (44)
[2015.04.02-19.26.46:501][701]LogModuleManager: Shutting down and abandoning module ImageWrapper (43)
[2015.04.02-19.26.46:501][701]LogModuleManager: Shutting down and abandoning module TextureFormatASTC (42)
[2015.04.02-19.26.46:501][701]LogModuleManager: Shutting down and abandoning module TextureFormatAndroid (41)
[2015.04.02-19.26.46:501][701]LogModuleManager: Shutting down and abandoning module AudioFormatOpus (40)
[2015.04.02-19.26.46:501][701]LogModuleManager: Shutting down and abandoning module AudioFormatOgg (39)
[2015.04.02-19.26.46:501][701]LogModuleManager: Shutting down and abandoning module AudioFormatADPCM (38)
[2015.04.02-19.26.46:501][701]LogModuleManager: Shutting down and abandoning module LinuxTargetPlatform (37)
[2015.04.02-19.26.46:501][701]LogModuleManager: Shutting down and abandoning module LinuxServerTargetPlatform (36)
[2015.04.02-19.26.46:501][701]LogModuleManager: Shutting down and abandoning module LinuxNoEditorTargetPlatform (35)
[2015.04.02-19.26.46:501][701]LogModuleManager: Shutting down and abandoning module Messaging (34)
[2015.04.02-19.26.46:501][701]LogModuleManager: Shutting down and abandoning module IOSTargetPlatform (33)
[2015.04.02-19.26.46:501][701]LogModuleManager: Shutting down and abandoning module HTML5TargetPlatform (32)
[2015.04.02-19.26.46:501][701]LogModuleManager: Shutting down and abandoning module Android_PVRTCTargetPlatform (31)
[2015.04.02-19.26.46:501][701]LogModuleManager: Shutting down and abandoning module Android_ETC2TargetPlatform (30)
[2015.04.02-19.26.46:501][701]LogModuleManager: Shutting down and abandoning module Android_ETC1TargetPlatform (29)
[2015.04.02-19.26.46:501][701]LogModuleManager: Shutting down and abandoning module Android_ES31TargetPlatform (28)
[2015.04.02-19.26.46:501][701]LogModuleManager: Shutting down and abandoning module Android_DXTTargetPlatform (27)
[2015.04.02-19.26.46:501][701]LogModuleManager: Shutting down and abandoning module Android_ATCTargetPlatform (26)
[2015.04.02-19.26.46:501][701]LogModuleManager: Shutting down and abandoning module AndroidTargetPlatform (25)
[2015.04.02-19.26.46:501][701]LogModuleManager: Shutting down and abandoning module WindowsTargetPlatform (24)
[2015.04.02-19.26.46:501][701]LogModuleManager: Shutting down and abandoning module WindowsServerTargetPlatform (23)
[2015.04.02-19.26.46:501][701]LogModuleManager: Shutting down and abandoning module WindowsNoEditorTargetPlatform (22)
[2015.04.02-19.26.46:501][701]LogModuleManager: Shutting down and abandoning module WindowsClientTargetPlatform (21)
[2015.04.02-19.26.46:501][701]LogModuleManager: Shutting down and abandoning module TargetPlatform (20)
[2015.04.02-19.26.46:501][701]LogModuleManager: Shutting down and abandoning module InputCore (19)
[2015.04.02-19.26.46:501][701]LogModuleManager: Shutting down and abandoning module Settings (18)
[2015.04.02-19.26.46:501][701]LogModuleManager: Shutting down and abandoning module OnlineSubsystem (16)
[2015.04.02-19.26.46:501][701]LogModuleManager: Shutting down and abandoning module OculusRift (15)
[2015.04.02-19.26.46:501][701]LogModuleManager: Shutting down and abandoning module ExampleDeviceProfileSelector (14)
[2015.04.02-19.26.46:501][701]LogModuleManager: Shutting down and abandoning module TextureCompressor (13)
[2015.04.02-19.26.46:501][701]LogModuleManager: Shutting down and abandoning module ShaderCore (12)
[2015.04.02-19.26.46:501][701]LogModuleManager: Shutting down and abandoning module Landscape (11)
[2015.04.02-19.26.46:501][701]LogModuleManager: Shutting down and abandoning module SlateRHIRenderer (10)
[2015.04.02-19.26.46:505][701]LogModuleManager: Shutting down and abandoning module OpenGLDrv (9)
[2015.04.02-19.26.46:505][701]LogModuleManager: Shutting down and abandoning module D3D11RHI (8)
[2015.04.02-19.26.46:505][701]LogModuleManager: Shutting down and abandoning module Renderer (7)
[2015.04.02-19.26.46:505][701]LogModuleManager: Shutting down and abandoning module Engine (6)
[2015.04.02-19.26.46:505][701]LogModuleManager: Shutting down and abandoning module CoreUObject (5)
[2015.04.02-19.26.46:505][701]LogModuleManager: Shutting down and abandoning module NetworkFile (4)
[2015.04.02-19.26.46:505][701]LogModuleManager: Shutting down and abandoning module StreamingFile (3)
[2015.04.02-19.26.46:505][701]LogModuleManager: Shutting down and abandoning module SandboxFile (2)
[2015.04.02-19.26.46:505][701]LogModuleManager: Shutting down and abandoning module PakFile (1)
[2015.04.02-19.26.46:506][701]LogExit: Exiting.
[2015.04.02-19.26.46:529][701]Log file closed, 04/02/15 21:26:46
