Log file open, 03/31/15 00:38:31
LogInit:Display: Running engine for game: ProjectT34mal2hoch3
LogInit: Version: 4.7.3-2479750+++depot+UE4-Releases+4.7
LogInit: API Version: 2455222
LogInit: Compiled (64-bit): Mar 15 2015 23:20:45
LogInit: Compiled with Visual C++: 18.00.21005.01
LogInit: Build Configuration: Development
LogInit: Branch Name: ++depot+UE4-Releases+4.7
LogInit: Command line: 
LogInit: Base directory: C:/Program Files/Epic Games/4.7/Engine/Binaries/Win64/
LogInit: Rocket: 1
[2015.03.30-22.38.31:912][  0]LogTaskGraph: Started task graph with 3 named threads and 4 total threads.
[2015.03.30-22.38.31:965][  0]LogOnline:Warning: No default platform service specified for OnlineSubsystem
[2015.03.30-22.38.32:012][  0]LogInit: Presizing for 0 objects not considered by GC, pre-allocating 0 bytes.
[2015.03.30-22.38.32:031][  0]LogInit: Object subsystem initialized
[2015.03.30-22.38.32:035][  0]LogConsoleResponse:Warning: Skipping Unknown console variable: 'TranslucentSortAxis = (X=0.000000,Y=-1.000000,Z=0.000000)'
[2015.03.30-22.38.32:035][  0]LogConsoleResponse:Warning:   Found in ini file 'C:/Users/Tim/Documents/Unreal Projects/Versuch1/ProjectT34mal2hoch3/Saved/Config/Windows/Engine.ini', in section '[/Script/Engine.RendererSettings]'
[2015.03.30-22.38.32:035][  0]LogConsoleResponse:Warning: Skipping Unknown console variable: 'UIScaleRule = ShortestSide'
[2015.03.30-22.38.32:035][  0]LogConsoleResponse:Warning:   Found in ini file 'C:/Users/Tim/Documents/Unreal Projects/Versuch1/ProjectT34mal2hoch3/Saved/Config/Windows/Engine.ini', in section '[/Script/Engine.RendererSettings]'
[2015.03.30-22.38.32:035][  0]LogConsoleResponse:Warning: Skipping Unknown console variable: 'UIScaleCurve = (EditorCurveData=(Keys=),ExternalCurve=None)'
[2015.03.30-22.38.32:035][  0]LogConsoleResponse:Warning:   Found in ini file 'C:/Users/Tim/Documents/Unreal Projects/Versuch1/ProjectT34mal2hoch3/Saved/Config/Windows/Engine.ini', in section '[/Script/Engine.RendererSettings]'
[2015.03.30-22.38.32:036][  0]LogInit: Selected Device Profile: [Windows]
[2015.03.30-22.38.32:036][  0]LogInit: Applying CVar settings loaded from the selected device profile: [Windows]
[2015.03.30-22.38.32:052][  0]LogInit: Computer: TIM-PC
[2015.03.30-22.38.32:052][  0]LogInit: User: Tim
[2015.03.30-22.38.32:052][  0]LogInit: CPU Page size=4096, Cores=2
[2015.03.30-22.38.32:052][  0]LogInit: High frequency timer resolution =3.118437 MHz
[2015.03.30-22.38.32:052][  0]LogMemory: Memory total: Physical=9.9GB (10GB approx) Virtual=8192.0GB
[2015.03.30-22.38.32:053][  0]LogMemory: Platform Memory Stats for Windows
[2015.03.30-22.38.32:053][  0]LogMemory: Process Physical Memory: 46.94 MB used, 46.94 MB peak
[2015.03.30-22.38.32:053][  0]LogMemory: Process Virtual Memory: 23.07 MB used, 23.07 MB peak
[2015.03.30-22.38.32:053][  0]LogMemory: Physical Memory: 4141.43 MB used, 10167.08 MB total
[2015.03.30-22.38.32:053][  0]LogMemory: Virtual Memory: 276.61 MB used, 8388608.00 MB total
[2015.03.30-22.38.32:137][  0]LogD3D11RHI: Found D3D11 adapter 0: NVIDIA GeForce GTX 770 (Feature Level 11_0)
[2015.03.30-22.38.32:137][  0]LogD3D11RHI: Adapter has 4027MB of dedicated video memory, 0MB of dedicated system memory, and 4827MB of shared system memory, 1 output[s]
[2015.03.30-22.38.32:137][  0]LogD3D11RHI: Chosen D3D11 Adapter Id = 0
[2015.03.30-22.38.32:152][  0]LogRHI: Texture pool is 1361 MB (70% of 1945 MB)
[2015.03.30-22.38.32:175][  0]LogD3D11RHI: Async texture creation enabled
[2015.03.30-22.38.32:305][  0]LogTextLocalizationManager: The requested culture ('de_DE') has no localization data; falling back to 'en' for localization and internationalization data.
[2015.03.30-22.38.32:518][  0]LogTextLocalizationManager:Warning: Loading localization resources contain conflicting entries for (Namespace:UICommands, Key:Save_ToolTip):
Resource: (C:/Program Files/Epic Games/4.7/Engine/Content/Localization/Editor/en/Editor.locres) Hash: (-29098895) String: (Saves the current level to disk)
Resource: (C:/Program Files/Epic Games/4.7/Engine/Content/Localization/Engine/en/Engine.locres) Hash: (-1280300587) String: (Save selected data to vlog file)
[2015.03.30-22.38.32:518][  0]LogTextLocalizationManager:Warning: Loading localization resources contain conflicting entries for (Namespace:ContentBrowser, Key:ImportAssetToolTip):
Resource: (C:/Program Files/Epic Games/4.7/Engine/Content/Localization/Editor/en/Editor.locres) Hash: (-630476809) String: (Import to {0}...)
Resource: (C:/Program Files/Epic Games/4.7/Engine/Content/Localization/Editor/en/Editor.locres) Hash: (1271782899) String: (Imports an asset from file to this folder.)
[2015.03.30-22.38.32:733][  0]LogContentStreaming: Texture pool size is 0.000000MB
[2015.03.30-22.38.38:908][  0]LogTargetPlatformManager:Display: Building Assets For Windows
[2015.03.30-22.38.40:268][  0]LogTargetPlatformManager:Display: Building Assets For Windows
[2015.03.30-22.38.40:445][  0]LogDerivedDataCache:Display: Max Cache Size: 512 MB
[2015.03.30-22.38.40:563][  0]LogDerivedDataCache: Loaded boot cache 0.12s 39MB C:/Users/Tim/AppData/Local/UnrealEngine/4.7/DerivedDataCache/Boot.ddc.
[2015.03.30-22.38.40:563][  0]LogDerivedDataCache:Display: Loaded Boot cache: C:/Users/Tim/AppData/Local/UnrealEngine/4.7/DerivedDataCache/Boot.ddc
[2015.03.30-22.38.40:564][  0]LogDerivedDataCache: FDerivedDataBackendGraph:  Pak pak cache file ../../../../../../Users/Tim/Documents/Unreal Projects/Versuch1/ProjectT34mal2hoch3/DerivedDataCache/DDC.ddp not found, will not use a pak cache.
[2015.03.30-22.38.40:564][  0]LogDerivedDataCache: Unable to find inner node Pak for hierarchical cache Hierarchy.
[2015.03.30-22.38.40:768][  0]LogDerivedDataCache:Display: Pak cache opened for reading ../../../Engine/DerivedDataCache/Compressed.ddp.
[2015.03.30-22.38.40:780][  0]LogDerivedDataCache: Using Local data cache path C:/Users/Tim/AppData/Local/UnrealEngine/Common/DerivedDataCache: Writable
[2015.03.30-22.38.41:841][  0]LogMeshUtilities: No automatic mesh reduction module available
[2015.03.30-22.38.41:841][  0]LogMeshUtilities: No automatic mesh merging module available
[2015.03.30-22.38.42:697][  0]LogInit: WinSock: version 1.1 (2.2), MaxSocks=32767, MaxUdp=65467
[2015.03.30-22.38.42:945][  0]LogSlate:Warning: Failed to load font data from '../../../Engine/Content/Slate/Fonts/Roboto-Italic.ttf'
[2015.03.30-22.38.45:708][  0]UdpMessaging: Initializing bridge on interface 0.0.0.0:0 to multicast group 230.0.0.1:6666.
[2015.03.30-22.38.46:263][  0]SourceControl: Info Source control is disabled
[2015.03.30-22.38.46:263][  0]SourceControl: Info Source control is disabled
[2015.03.30-22.38.46:263][  0]SourceControl: Info Source control is disabled
[2015.03.30-22.38.46:263][  0]LogSourceControl: RunCommandInternalRaw: 'git version'
[2015.03.30-22.38.46:263][  0]LogSourceControl: RunCommandInternalRaw: ExecProcess ReturnCode=2 OutResults=''
[2015.03.30-22.38.46:304][  0]SourceControl: Info Source control is disabled
[2015.03.30-22.38.46:890][  0]LogObj: 24231 objects as part of root set at end of initial load.
[2015.03.30-22.38.46:890][  0]LogUObjectAllocator: 5136440 out of 0 bytes used by permanent object pool.
[2015.03.30-22.38.47:150][  0]LogEngine: Initializing Engine...
[2015.03.30-22.38.50:491][  0]LogInit: XAudio2 using 'Lautsprecher/Kopfhörer (Realtek High Definition Audio)' : 2 channels at 48 kHz using 16 bits per sample (channel mask 0x3)
[2015.03.30-22.38.50:527][  0]LogInit: FAudioDevice initialized.
[2015.03.30-22.38.50:638][  0]LogAIModule: Creating AISystem for world NewWorld
[2015.03.30-22.38.50:688][  0]LogDerivedDataCache: Saved boot cache 0.05s 39MB C:/Users/Tim/AppData/Local/UnrealEngine/4.7/DerivedDataCache/Boot.ddc.
[2015.03.30-22.38.50:708][  0]LogInit: Texture streaming: Enabled
[2015.03.30-22.38.50:971][  0]LogAnalytics: Creating configured Analytics provider AnalyticsET
[2015.03.30-22.38.50:971][  0]LogAnalytics: ET APIKey = Rocket.Release. APIServer = http://et2.epicgames.com/ET2/. AppVersion = 4.7.3-2479750+++depot+UE4-Releases+4.7
[2015.03.30-22.38.50:971][  0]LogAnalytics: ET APIKey = Rocket.Release. DataRouterUploadURL = https://datarouter-public-service-gamedev.ol.epicgames.net/datarouter/api/v1/public/data. AppVersion = 4.7.3-2479750+++depot+UE4-Releases+4.7
[2015.03.30-22.38.50:971][  0]LogAnalytics: SetUserId c5fd52a24d6850d1c633029fc9284b73|9f6f6a0632e64490ab8dba32aeb92367|02faca1b-0e02-495b-954f-51d2c87ed7d6
[2015.03.30-22.38.50:971][  0]LogAnalytics: AnalyticsET::StartSession [Rocket.Release]
[2015.03.30-22.38.51:040][  0]LogInit: Transaction tracking system initialized
[2015.03.30-22.38.51:595][  0]BlueprintLog: New page: Editor Load
[2015.03.30-22.38.51:690][  0]LogAssetRegistry: FAssetRegistry took 0.0102 seconds to start up
[2015.03.30-22.38.51:692][  0]LogDirectoryWatcher:Warning: Failed to begin reading directory changes for ../../../Engine/Plugins/Experimental/CharacterAI/Content/. Error: 0
[2015.03.30-22.38.53:374][  0]LogTargetPlatformManager:Display: Building Assets For Windows
[2015.03.30-22.38.54:218][  0]LogTargetPlatformManager:Display: Building Assets For Windows
[2015.03.30-22.38.55:100][  0]LogLinker:Warning: Can't find file '/Game/FirstPersonBP/FirstPersonOverview'
[2015.03.30-22.38.55:100][  0]LogLinker:Warning: Can't find file '/Game/FirstPersonBP/FirstPersonOverview'
[2015.03.30-22.38.55:100][  0]LogUObjectGlobals:Warning: Failed to find object 'Class /Game/FirstPersonBP/FirstPersonOverview.FirstPersonOverview_C'
[2015.03.30-22.38.55:199][  0]LogSlate:Warning: Failed to load font data from '../../../Engine/Content/Editor/Slate/Fonts/Roboto-Regular.ttf'
[2015.03.30-22.38.55:201][  0]LogSlate:Warning: Failed to load font data from '../../../Engine/Content/Editor/Slate/Fonts/Roboto-Bold.ttf'
[2015.03.30-22.38.55:211][  0]LogConsoleResponse:Display: 
[2015.03.30-22.38.55:635][  0]LogCook:Display: Done creating registry. It took  0.00s.
[2015.03.30-22.38.56:164][  0]SourceControl: Info Source control is disabled
[2015.03.30-22.38.56:164][  0]Cmd: MAP LOAD FILE="../../../../../../Users/Tim/Documents/Unreal Projects/Versuch1/ProjectT34mal2hoch3/Content/FirstPersonBP/Maps/FirstPersonExampleMap.umap" TEMPLATE=0 SHOWPROGRESS=1 FEATURELEVEL=3
[2015.03.30-22.38.56:165][  0]LightingResults: New page: Lighting Build
[2015.03.30-22.38.56:203][  0]MapCheck: New page: Map Check
[2015.03.30-22.38.56:203][  0]LightingResults: New page: Lighting Build
[2015.03.30-22.38.56:234][  0]LogParticles: Destroying 0 GPU particle simulations for FXSystem 0x000000001666A520
[2015.03.30-22.38.56:253][  0]LogLinker:Warning: Asset '../../../Engine/Content/EngineMeshes/Humanoid.uasset' has been saved with empty engine version. The asset will be loaded but may be incompatible.
[2015.03.30-22.39.00:857][  0]LogEditorServer: Finished looking for orphan Actors (0.000 secs)
[2015.03.30-22.39.02:779][  0]LogAIModule: Creating AISystem for world FirstPersonExampleMap
[2015.03.30-22.39.02:781][  0]Cmd: MAP CHECKDEP
[2015.03.30-22.39.02:781][  0]MapCheck: New page: FirstPersonExampleMap - Mar 31, 2015, 2:39:02 AM
[2015.03.30-22.39.03:068][  0]MapCheck: Info Map check complete: 0 Error(s), 0 Warning(s), took 286.689ms to complete.
[2015.03.30-22.39.03:068][  0]LogFileHelpers: Loading map 'FirstPersonExampleMap' took 6.902
[2015.03.30-22.39.03:351][  0]LogCollectionManager: Loaded 0 collections in 0.004003 seconds
[2015.03.30-22.39.03:389][  0]LogContentBrowser: Native class hierarchy populated in 0.0381 seconds. Added 1696 classes and 261 folders.
[2015.03.30-22.39.03:498][  0]LogContentBrowser: Native class hierarchy updated for 'SceneOutliner' in 0.0098 seconds. Added 1 classes and 2 folders.
[2015.03.30-22.39.03:629][  0]LogCrashTracker: Crashtracker disabled due to settings.
[2015.03.30-22.39.03:631][  0]LogSlate:Warning: Failed to load font data from 'Veranda'
[2015.03.30-22.39.03:643][  0]LogUObjectGlobals:Warning: Failed to find object 'Class None.'
[2015.03.30-22.39.03:678][  0]LogLoad: Full Startup: 36.04 seconds (BP compile: 2.16 seconds)
[2015.03.30-22.39.04:033][  0]LogContentBrowser:Verbose: The content browser source was changed by the sources view to '/Game/FirstPersonBP/Blueprints'
[2015.03.30-22.39.04:251][  0]LogRenderer:Warning: Reallocating scene render targets to support 32x32 (Frame:2).
[2015.03.30-22.39.04:442][  0]LogRenderer:Warning: Reallocating scene render targets to support 1208x576 (Frame:4).
[2015.03.30-22.39.07:495][  9]LogAssetRegistry: Asset discovery search completed in 15.8090 seconds
[2015.03.30-22.39.29:003][428]Cmd: MAP LOAD FILE="../../../Engine/Content/Maps/Templates/Template_Default.umap" TEMPLATE=1 SHOWPROGRESS=1 FEATURELEVEL=3
[2015.03.30-22.39.29:110][428]LightingResults: New page: Lighting Build
[2015.03.30-22.39.29:249][428]LoadErrors: New page: Loading map: Template_Default.umap
[2015.03.30-22.39.29:251][428]MapCheck: New page: Map Check
[2015.03.30-22.39.29:251][428]LightingResults: New page: Lighting Build
[2015.03.30-22.39.29:252][428]LogActorComponent: UnregisterComponent: (/Engine/Transient.ProjectileMovementComponent_40__A6522401) Not registered. Aborting.
[2015.03.30-22.39.29:252][428]LogActorComponent: UnregisterComponent: (/Engine/Transient.CharMoveComp) Not registered. Aborting.
[2015.03.30-22.39.29:309][428]LogParticles: Destroying 0 GPU particle simulations for FXSystem 0x000000000D5018A0
[2015.03.30-22.39.29:746][428]LogEditorServer: Finished looking for orphan Actors (0.000 secs)
[2015.03.30-22.39.29:757][428]LogAIModule: Creating AISystem for world Untitled_1
[2015.03.30-22.39.29:808][428]Cmd: MAP CHECKDEP
[2015.03.30-22.39.29:808][428]MapCheck: New page: Untitled_1 - Mar 31, 2015, 2:39:29 AM
[2015.03.30-22.39.30:125][428]MapCheck: Info Map check complete: 0 Error(s), 0 Warning(s), took 316.374ms to complete.
[2015.03.30-22.39.30:125][428]LogFileHelpers: Loading map 'Template_Default' took 1.125
[2015.03.30-22.41.52:001][292]LogEditorViewport: Clicking on Actor (LMB): StaticMeshActor (Floor)
[2015.03.30-22.42.10:975][737]LogEditorViewport: Clicking on Component (LMB): StaticMeshComponent (StaticMeshComponent0)
[2015.03.30-22.42.33:841][285]LogSCSEditor: Calling UpdateTree() from Tick().
[2015.03.30-22.42.45:663][569]LogEditorViewport: Clicking on Actor (context menu): StaticMeshActor (Floor)
[2015.03.30-22.42.47:297][602]LogEditorViewport: Clicking on Actor (LMB): StaticMeshActor (Floor)
[2015.03.30-22.42.47:951][616]LogEditorViewport: Clicking on Actor (LMB): StaticMeshActor (Floor)
[2015.03.30-22.42.54:578][777]LogEditorViewport: Clicking on Actor (context menu): StaticMeshActor (Floor)
[2015.03.30-22.43.12:833][ 77]LogContentBrowser:Verbose: The content browser source was changed by the sources view to 'None'
[2015.03.30-22.43.12:834][ 77]LogContentBrowser:Verbose: The content browser source was changed by the sources view to '/Game'
[2015.03.30-22.43.14:558][ 99]LogRenderer:Warning: Reallocating scene render targets to support 1208x904 (Frame:5340).
[2015.03.30-22.45.13:169][196]LogObjectTools:Warning: ForceReplaceReferences replaced references for a transient object 'DEADCLASS_Actor_Blueprint_C_1' or package '/Engine/Transient'.
[2015.03.30-22.45.13:169][196]LogObjectTools:Warning: ForceReplaceReferences replaced references for a transient object 'DEADCLASS_Actor_Blueprint_C_0' or package '/Engine/Transient'.
[2015.03.30-22.45.13:170][196]LogObjectTools:Warning: ForceReplaceReferences replaced references for a transient object 'REINST_SKEL_Actor_Blueprint_C_98' or package '/Engine/Transient'.
[2015.03.30-22.45.13:170][196]LogObjectTools:Warning: ForceReplaceReferences replaced references for a transient object 'REINST_Actor_Blueprint_C_97' or package '/Engine/Transient'.
[2015.03.30-22.45.13:257][196]LogParticles: Destroying 0 GPU particle simulations for FXSystem 0x000000000D275E40
[2015.03.30-22.47.45:987][752]LogFactory: FactoryCreateBinary: StaticMesh with FbxFactory (0 0 ../../../../../../Users/Tim/Documents/Unreal Projects/tree02.fbx)
[2015.03.30-22.47.46:136][752]LogFbx: ItemName: GlobalSettings, ItemCount : 1
[2015.03.30-22.47.46:136][752]LogFbx: ItemName: Geometry, ItemCount : 2
[2015.03.30-22.47.46:136][752]LogFbx: ItemName: Model, ItemCount : 2
[2015.03.30-22.47.46:136][752]LogFbx: ItemName: Material, ItemCount : 1
[2015.03.30-22.47.59:658][752]LogFbx: Loading FBX Scene from ../../../../../../Users/Tim/Documents/Unreal Projects/tree02.fbx
[2015.03.30-22.47.59:689][752]LogFbx: FBX Scene Loaded Succesfully
[2015.03.30-22.47.59:697][752]LogLinker:Warning: Can't find file '/Game/Material_001'
[2015.03.30-22.47.59:698][752]LogLinker:Warning: Can't find file '/Game/Material_001'
[2015.03.30-22.47.59:698][752]LogUObjectGlobals:Warning: Failed to find object 'MaterialInterface /Game/Material_001.Material_001'
[2015.03.30-22.47.59:722][752]LogMaterial: Missing cached shader map for material Material_001, compiling. 
[2015.03.30-22.47.59:774][752]LogFbx:Warning: Triangulating static mesh leaves
[2015.03.30-22.48.04:798][752]LogFbx:Warning: Triangulating static mesh Plane
[2015.03.30-22.48.04:812][752]LogFbx: == Initial material list:
[2015.03.30-22.48.04:812][752]LogFbx: 0: Material.001
[2015.03.30-22.48.04:812][752]LogFbx: 1: None
[2015.03.30-22.48.04:812][752]LogFbx: == After sorting:
[2015.03.30-22.48.04:812][752]LogFbx: 0: Material.001
[2015.03.30-22.48.04:812][752]LogFbx: 1: None
[2015.03.30-22.48.04:812][752]LogFbx: == Mapping table:
[2015.03.30-22.48.04:812][752]LogFbx:   sort 0 -> 0
[2015.03.30-22.48.04:812][752]LogFbx:   sort 1 -> 1
[2015.03.30-22.48.04:909][752]LogStaticMesh: Building static mesh tree02...
[2015.03.30-22.48.06:086][752]LogStaticMesh: Built static mesh [1176.162598ms] /Game/tree02.tree02
[2015.03.30-22.48.06:354][752]FBXImport:Warning: Warning Warning: No smoothing group information was found in this FBX scene.  Please make sure to enable the 'Export Smoothing Groups' option in the FBX Exporter plug-in before exporting the file.  Even for tools that don't support smoothing groups, the FBX Exporter will generate appropriate smoothing data at export-time so that correct vertex normals can be inferred while importing. 
[2015.03.30-22.48.06:610][752]LogContentBrowser:Verbose: The content browser source was changed by the sources view to 'None'
[2015.03.30-22.48.06:611][752]LogContentBrowser:Verbose: The content browser source was changed by the sources view to '/Game'
[2015.03.30-22.48.12:280][838]LogActorFactory: Actor Factory created tree02
[2015.03.30-22.48.13:153][853]LogActorFactory: Actor Factory created tree02
[2015.03.30-22.48.36:244][398]LogMaterial: Missing cached shader map for material Material_001, compiling. 
[2015.03.30-22.48.36:306][398]LogActorComponent: UnregisterComponent: (/Engine/Transient.SkeletalMeshComponent_0) Not registered. Aborting.
[2015.03.30-22.48.36:408][398]LogActorComponent: UnregisterComponent: (/Engine/Transient.SkeletalMeshComponent_0) Not registered. Aborting.
[2015.03.30-22.48.36:408][398]LogActorComponent: RegisterComponentWithWorld: (/Engine/Transient.MaterialEditorMeshComponent_0) Already registered. Aborting.
[2015.03.30-22.48.36:446][398]LogMaterial: Missing cached shader map for material Material_001, compiling. 
[2015.03.30-22.48.36:464][398]LogMaterial: 0.000263 seconds spent updating 1 materials, 1 interfaces, 0 instances, 0 with static permutations.
[2015.03.30-22.48.36:570][398]LogMaterial: Missing cached shader map for material FMatExpressionPreview MaterialExpressionVectorParameter_0, compiling. 
[2015.03.30-22.48.53:560][619]LogPlayLevel: PIE:  No blueprints needed recompiling
[2015.03.30-22.48.53:560][619]PIE: New page: PIE session: Untitled_1 (Mar 31, 2015, 2:48:53 AM)
[2015.03.30-22.48.53:578][619]LogPlayLevel: PIE: StaticDuplicateObject took: (0.003290s)
[2015.03.30-22.48.53:579][619]LogPlayLevel: PIE: World Init took: (0.001089s)
[2015.03.30-22.48.53:579][619]LogPlayLevel: PIE: Created PIE world by copying editor world from /Temp/Untitled_1.Untitled_1 to /Temp/UEDPIE_0_Untitled_1.Untitled_1 (0.004683s)
[2015.03.30-22.48.53:892][619]LogWorld: Game class is 'FirstPersonGameMode_C'
[2015.03.30-22.48.53:897][619]LogAIModule: Creating AISystem for world Untitled_1
[2015.03.30-22.48.53:903][619]LogWorld: Bringing World /Temp/UEDPIE_0_Untitled_1.Untitled_1 up for play (max tick rate 0) at 2015.03.31-00.48