Log file open, 03/31/15 22:06:45
LogInit:Display: Running engine for game: ProjectT34mal2hoch3
LogInit: Version: 4.7.3-2479750+++depot+UE4-Releases+4.7
LogInit: API Version: 2455222
LogInit: Compiled (64-bit): Mar 15 2015 23:20:45
LogInit: Compiled with Visual C++: 18.00.21005.01
LogInit: Build Configuration: Development
LogInit: Branch Name: ++depot+UE4-Releases+4.7
LogInit: Command line: 
LogInit: Base directory: C:/Program Files/Epic Games/4.7/Engine/Binaries/Win64/
LogInit: Rocket: 1
[2015.03.31-20.06.45:568][  0]LogTaskGraph: Started task graph with 3 named threads and 4 total threads.
[2015.03.31-20.06.45:639][  0]LogOnline:Warning: No default platform service specified for OnlineSubsystem
[2015.03.31-20.06.45:730][  0]LogInit: Presizing for 0 objects not considered by GC, pre-allocating 0 bytes.
[2015.03.31-20.06.45:753][  0]LogInit: Object subsystem initialized
[2015.03.31-20.06.45:756][  0]LogConsoleResponse:Warning: Skipping Unknown console variable: 'TranslucentSortAxis = (X=0.000000,Y=-1.000000,Z=0.000000)'
[2015.03.31-20.06.45:756][  0]LogConsoleResponse:Warning:   Found in ini file 'C:/Users/Tim/Documents/Unreal Projects/Versuch1/ProjectT34mal2hoch3/Saved/Config/Windows/Engine.ini', in section '[/Script/Engine.RendererSettings]'
[2015.03.31-20.06.45:756][  0]LogConsoleResponse:Warning: Skipping Unknown console variable: 'UIScaleRule = ShortestSide'
[2015.03.31-20.06.45:756][  0]LogConsoleResponse:Warning:   Found in ini file 'C:/Users/Tim/Documents/Unreal Projects/Versuch1/ProjectT34mal2hoch3/Saved/Config/Windows/Engine.ini', in section '[/Script/Engine.RendererSettings]'
[2015.03.31-20.06.45:756][  0]LogConsoleResponse:Warning: Skipping Unknown console variable: 'UIScaleCurve = (EditorCurveData=(Keys=),ExternalCurve=None)'
[2015.03.31-20.06.45:756][  0]LogConsoleResponse:Warning:   Found in ini file 'C:/Users/Tim/Documents/Unreal Projects/Versuch1/ProjectT34mal2hoch3/Saved/Config/Windows/Engine.ini', in section '[/Script/Engine.RendererSettings]'
[2015.03.31-20.06.45:757][  0]LogInit: Selected Device Profile: [Windows]
[2015.03.31-20.06.45:757][  0]LogInit: Applying CVar settings loaded from the selected device profile: [Windows]
[2015.03.31-20.06.45:770][  0]LogInit: Computer: TIM-PC
[2015.03.31-20.06.45:770][  0]LogInit: User: Tim
[2015.03.31-20.06.45:770][  0]LogInit: CPU Page size=4096, Cores=2
[2015.03.31-20.06.45:770][  0]LogInit: High frequency timer resolution =3.117197 MHz
[2015.03.31-20.06.45:771][  0]LogMemory: Memory total: Physical=9.9GB (10GB approx) Virtual=8192.0GB
[2015.03.31-20.06.45:771][  0]LogMemory: Platform Memory Stats for Windows
[2015.03.31-20.06.45:771][  0]LogMemory: Process Physical Memory: 47.08 MB used, 47.08 MB peak
[2015.03.31-20.06.45:771][  0]LogMemory: Process Virtual Memory: 25.15 MB used, 25.15 MB peak
[2015.03.31-20.06.45:771][  0]LogMemory: Physical Memory: 4805.07 MB used, 10167.08 MB total
[2015.03.31-20.06.45:771][  0]LogMemory: Virtual Memory: 278.67 MB used, 8388608.00 MB total
[2015.03.31-20.06.45:901][  0]LogD3D11RHI: Found D3D11 adapter 0: NVIDIA GeForce GTX 770 (Feature Level 11_0)
[2015.03.31-20.06.45:901][  0]LogD3D11RHI: Adapter has 4027MB of dedicated video memory, 0MB of dedicated system memory, and 4827MB of shared system memory, 1 output[s]
[2015.03.31-20.06.45:901][  0]LogD3D11RHI: Chosen D3D11 Adapter Id = 0
[2015.03.31-20.06.45:910][  0]LogRHI: Texture pool is 1361 MB (70% of 1945 MB)
[2015.03.31-20.06.45:928][  0]LogD3D11RHI: Async texture creation enabled
[2015.03.31-20.06.46:278][  0]LogTextLocalizationManager: The requested culture ('de_DE') has no localization data; falling back to 'en' for localization and internationalization data.
[2015.03.31-20.06.46:540][  0]LogTextLocalizationManager:Warning: Loading localization resources contain conflicting entries for (Namespace:UICommands, Key:Save_ToolTip):
Resource: (C:/Program Files/Epic Games/4.7/Engine/Content/Localization/Editor/en/Editor.locres) Hash: (-29098895) String: (Saves the current level to disk)
Resource: (C:/Program Files/Epic Games/4.7/Engine/Content/Localization/Engine/en/Engine.locres) Hash: (-1280300587) String: (Save selected data to vlog file)
[2015.03.31-20.06.46:541][  0]LogTextLocalizationManager:Warning: Loading localization resources contain conflicting entries for (Namespace:ContentBrowser, Key:ImportAssetToolTip):
Resource: (C:/Program Files/Epic Games/4.7/Engine/Content/Localization/Editor/en/Editor.locres) Hash: (-630476809) String: (Import to {0}...)
Resource: (C:/Program Files/Epic Games/4.7/Engine/Content/Localization/Editor/en/Editor.locres) Hash: (1271782899) String: (Imports an asset from file to this folder.)
[2015.03.31-20.06.46:710][  0]LogContentStreaming: Texture pool size is 0.000000MB
[2015.03.31-20.06.51:547][  0]LogTargetPlatformManager:Display: Building Assets For Windows
[2015.03.31-20.06.53:161][  0]LogTargetPlatformManager:Display: Building Assets For Windows
[2015.03.31-20.06.53:328][  0]LogDerivedDataCache:Display: Max Cache Size: 512 MB
[2015.03.31-20.06.53:417][  0]LogDerivedDataCache: Loaded boot cache 0.09s 39MB C:/Users/Tim/AppData/Local/UnrealEngine/4.7/DerivedDataCache/Boot.ddc.
[2015.03.31-20.06.53:418][  0]LogDerivedDataCache:Display: Loaded Boot cache: C:/Users/Tim/AppData/Local/UnrealEngine/4.7/DerivedDataCache/Boot.ddc
[2015.03.31-20.06.53:418][  0]LogDerivedDataCache: FDerivedDataBackendGraph:  Pak pak cache file ../../../../../../Users/Tim/Documents/Unreal Projects/Versuch1/ProjectT34mal2hoch3/DerivedDataCache/DDC.ddp not found, will not use a pak cache.
[2015.03.31-20.06.53:418][  0]LogDerivedDataCache: Unable to find inner node Pak for hierarchical cache Hierarchy.
[2015.03.31-20.06.53:620][  0]LogDerivedDataCache:Display: Pak cache opened for reading ../../../Engine/DerivedDataCache/Compressed.ddp.
[2015.03.31-20.06.53:634][  0]LogDerivedDataCache: Using Local data cache path C:/Users/Tim/AppData/Local/UnrealEngine/Common/DerivedDataCache: Writable
[2015.03.31-20.06.54:507][  0]LogMeshUtilities: No automatic mesh reduction module available
[2015.03.31-20.06.54:507][  0]LogMeshUtilities: No automatic mesh merging module available
[2015.03.31-20.06.55:376][  0]LogInit: WinSock: version 1.1 (2.2), MaxSocks=32767, MaxUdp=65467
[2015.03.31-20.06.55:610][  0]LogSlate:Warning: Failed to load font data from '../../../Engine/Content/Slate/Fonts/Roboto-Italic.ttf'
[2015.03.31-20.06.57:372][  0]UdpMessaging: Initializing bridge on interface 0.0.0.0:0 to multicast group 230.0.0.1:6666.
[2015.03.31-20.06.57:960][  0]SourceControl: Info Source control is disabled
[2015.03.31-20.06.57:960][  0]SourceControl: Info Source control is disabled
[2015.03.31-20.06.57:960][  0]SourceControl: Info Source control is disabled
[2015.03.31-20.06.57:960][  0]LogSourceControl: RunCommandInternalRaw: 'git version'
[2015.03.31-20.06.57:960][  0]LogSourceControl: RunCommandInternalRaw: ExecProcess ReturnCode=2 OutResults=''
[2015.03.31-20.06.57:984][  0]SourceControl: Info Source control is disabled
[2015.03.31-20.06.58:590][  0]LogObj: 24231 objects as part of root set at end of initial load.
[2015.03.31-20.06.58:590][  0]LogUObjectAllocator: 5136440 out of 0 bytes used by permanent object pool.
[2015.03.31-20.06.58:791][  0]LogEngine: Initializing Engine...
[2015.03.31-20.07.02:049][  0]LogInit: XAudio2 using 'Lautsprecher/Kopfhörer (Realtek High Definition Audio)' : 2 channels at 48 kHz using 16 bits per sample (channel mask 0x3)
[2015.03.31-20.07.02:072][  0]LogInit: FAudioDevice initialized.
[2015.03.31-20.07.02:170][  0]LogAIModule: Creating AISystem for world NewWorld
[2015.03.31-20.07.02:207][  0]LogDerivedDataCache: Saved boot cache 0.04s 39MB C:/Users/Tim/AppData/Local/UnrealEngine/4.7/DerivedDataCache/Boot.ddc.
[2015.03.31-20.07.02:220][  0]LogInit: Texture streaming: Enabled
[2015.03.31-20.07.02:410][  0]LogAnalytics: Creating configured Analytics provider AnalyticsET
[2015.03.31-20.07.02:410][  0]LogAnalytics: ET APIKey = Rocket.Release. APIServer = http://et2.epicgames.com/ET2/. AppVersion = 4.7.3-2479750+++depot+UE4-Releases+4.7
[2015.03.31-20.07.02:410][  0]LogAnalytics: ET APIKey = Rocket.Release. DataRouterUploadURL = https://datarouter-public-service-gamedev.ol.epicgames.net/datarouter/api/v1/public/data. AppVersion = 4.7.3-2479750+++depot+UE4-Releases+4.7
[2015.03.31-20.07.02:410][  0]LogAnalytics: SetUserId c5fd52a24d6850d1c633029fc9284b73|9f6f6a0632e64490ab8dba32aeb92367|02faca1b-0e02-495b-954f-51d2c87ed7d6
[2015.03.31-20.07.02:410][  0]LogAnalytics: AnalyticsET::StartSession [Rocket.Release]
[2015.03.31-20.07.02:494][  0]LogInit: Transaction tracking system initialized
[2015.03.31-20.07.03:068][  0]BlueprintLog: New page: Editor Load
[2015.03.31-20.07.03:147][  0]LogAssetRegistry: FAssetRegistry took 0.0098 seconds to start up
[2015.03.31-20.07.03:148][  0]LogDirectoryWatcher:Warning: Failed to begin reading directory changes for ../../../Engine/Plugins/Experimental/CharacterAI/Content/. Error: 0
[2015.03.31-20.07.04:650][  0]LogTargetPlatformManager:Display: Building Assets For Windows
[2015.03.31-20.07.05:343][  0]LogTargetPlatformManager:Display: Building Assets For Windows
[2015.03.31-20.07.06:131][  0]LogLinker:Warning: Can't find file '/Game/FirstPersonBP/FirstPersonOverview'
[2015.03.31-20.07.06:132][  0]LogLinker:Warning: Can't find file '/Game/FirstPersonBP/FirstPersonOverview'
[2015.03.31-20.07.06:132][  0]LogUObjectGlobals:Warning: Failed to find object 'Class /Game/FirstPersonBP/FirstPersonOverview.FirstPersonOverview_C'
[2015.03.31-20.07.06:246][  0]LogSlate:Warning: Failed to load font data from '../../../Engine/Content/Editor/Slate/Fonts/Roboto-Regular.ttf'
[2015.03.31-20.07.06:247][  0]LogSlate:Warning: Failed to load font data from '../../../Engine/Content/Editor/Slate/Fonts/Roboto-Bold.ttf'
[2015.03.31-20.07.06:256][  0]LogConsoleResponse:Display: 
[2015.03.31-20.07.06:554][  0]LogCook:Display: Done creating registry. It took  0.00s.
[2015.03.31-20.07.07:068][  0]SourceControl: Info Source control is disabled
[2015.03.31-20.07.15:280][  0]Cmd: MAP LOAD FILE="../../../../../../Users/Tim/Documents/Unreal Projects/Versuch1/ProjectT34mal2hoch3/Content/FirstPersonBP/Maps/FirstPersonExampleMap.umap" TEMPLATE=0 SHOWPROGRESS=1 FEATURELEVEL=3
[2015.03.31-20.07.15:281][  0]LightingResults: New page: Lighting Build
[2015.03.31-20.07.15:348][  0]MapCheck: New page: Map Check
[2015.03.31-20.07.15:348][  0]LightingResults: New page: Lighting Build
[2015.03.31-20.07.15:374][  0]LogParticles: Destroying 0 GPU particle simulations for FXSystem 0x00000000166AE520
[2015.03.31-20.07.15:400][  0]LogLinker:Warning: Asset '../../../Engine/Content/EngineMeshes/Humanoid.uasset' has been saved with empty engine version. The asset will be loaded but may be incompatible.
[2015.03.31-20.07.20:402][  0]LogEditorServer: Finished looking for orphan Actors (0.000 secs)
[2015.03.31-20.07.21:677][  0]LogAIModule: Creating AISystem for world FirstPersonExampleMap
[2015.03.31-20.07.21:680][  0]Cmd: MAP CHECKDEP
[2015.03.31-20.07.21:680][  0]MapCheck: New page: FirstPersonExampleMap - Apr 1, 2015, 12:07:21 AM
[2015.03.31-20.07.21:939][  0]MapCheck: Info Map check complete: 0 Error(s), 0 Warning(s), took 258.899ms to complete.
[2015.03.31-20.07.21:940][  0]LogFileHelpers: Loading map 'FirstPersonExampleMap' took 6.660
[2015.03.31-20.07.22:209][  0]LogStats:Warning: MetaData mismatch. Did you assign a stat to two groups? New //STATGROUP_Threads//SplashScreenThread///Thread_29b4_0///////STATCAT_Advanced//// old //STATGROUP_Threads//SplashScreenThread///Thread_204c_0///////STATCAT_Advanced////
[2015.03.31-20.07.22:209][  0]LogCollectionManager: Loaded 0 collections in 0.008385 seconds
[2015.03.31-20.07.22:234][  0]LogContentBrowser: Native class hierarchy populated in 0.0251 seconds. Added 1696 classes and 261 folders.
[2015.03.31-20.07.22:330][  0]LogContentBrowser: Native class hierarchy updated for 'SceneOutliner' in 0.0064 seconds. Added 1 classes and 2 folders.
[2015.03.31-20.07.22:446][  0]LogCrashTracker: Crashtracker disabled due to settings.
[2015.03.31-20.07.22:448][  0]LogSlate:Warning: Failed to load font data from 'Veranda'
[2015.03.31-20.07.22:459][  0]LogUObjectGlobals:Warning: Failed to find object 'Class None.'
[2015.03.31-20.07.22:487][  0]LogLoad: Full Startup: 40.07 seconds (BP compile: 1.55 seconds)
[2015.03.31-20.07.22:514][  0]LogContentBrowser:Verbose: The content browser source was changed by the sources view to '/Game/FirstPersonBP/Blueprints'
[2015.03.31-20.07.22:698][  0]LogRenderer:Warning: Reallocating scene render targets to support 32x32 (Frame:2).
[2015.03.31-20.07.22:827][  0]LogRenderer:Warning: Reallocating scene render targets to support 1208x576 (Frame:3).
[2015.03.31-20.07.23:332][  8]LogAssetRegistry: Asset discovery search completed in 20.1951 seconds
[2015.03.31-20.08.53:012][701]LogFactory: FactoryCreateBinary: StaticMesh with FbxFactory (0 0 ../../../../../../Users/Tim/Documents/Unreal Projects/Amboss.fbx)
[2015.03.31-20.08.53:090][701]LogFbx: ItemName: GlobalSettings, ItemCount : 1
[2015.03.31-20.08.53:090][701]LogFbx: ItemName: Geometry, ItemCount : 1
[2015.03.31-20.08.53:090][701]LogFbx: ItemName: Model, ItemCount : 1
[2015.03.31-20.08.59:722][701]LogFbx: Loading FBX Scene from ../../../../../../Users/Tim/Documents/Unreal Projects/Amboss.fbx
[2015.03.31-20.08.59:738][701]LogFbx: FBX Scene Loaded Succesfully
[2015.03.31-20.08.59:743][701]LogFbx:Warning: Triangulating static mesh W??rfel
[2015.03.31-20.08.59:922][701]LogFbx: == Initial material list:
[2015.03.31-20.08.59:922][701]LogFbx: 0: None
[2015.03.31-20.08.59:922][701]LogFbx: == After sorting:
[2015.03.31-20.08.59:922][701]LogFbx: 0: None
[2015.03.31-20.08.59:922][701]LogFbx: == Mapping table:
[2015.03.31-20.08.59:922][701]LogFbx:   sort 0 -> 0
[2015.03.31-20.08.59:938][701]LogStaticMesh: Building static mesh Amboss...
[2015.03.31-20.08.59:963][701]LogStaticMesh: Built static mesh [40.029552ms] /Game/FirstPersonBP/Blueprints/Amboss.Amboss
[2015.03.31-20.08.59:988][701]FBXImport:Warning: Warning Warning: No smoothing group information was found in this FBX scene.  Please make sure to enable the 'Export Smoothing Groups' option in the FBX Exporter plug-in before exporting the file.  Even for tools that don't support smoothing groups, the FBX Exporter will generate appropriate smoothing data at export-time so that correct vertex normals can be inferred while importing. 
[2015.03.31-20.08.59:988][701]FBXImport:Warning: Warning Warning: The imported mesh is very small. This is most likely an issue with the units used when exporting to FBX. 
[2015.03.31-20.09.00:035][701]LogContentBrowser:Verbose: The content browser source was changed by the sources view to 'None'
[2015.03.31-20.09.00:035][701]LogContentBrowser:Verbose: The content browser source was changed by the sources view to '/Game/FirstPersonBP/Blueprints'
[2015.03.31-20.09.11:646][481]LogActorFactory: Actor Factory created Amboss
[2015.03.31-20.09.12:152][512]LogActorFactory: Actor Factory created Amboss
[2015.03.31-20.10.04:040][206]LogPlayLevel: PIE:  No blueprints needed recompiling
[2015.03.31-20.10.04:040][206]PIE: New page: PIE session: FirstPersonExampleMap (Apr 1, 2015, 12:10:04 AM)
[2015.03.31-20.10.04:090][206]LogPlayLevel: PIE: StaticDuplicateObject took: (0.048730s)
[2015.03.31-20.10.04:091][206]LogPlayLevel: PIE: World Init took: (0.001381s)
[2015.03.31-20.10.04:092][206]LogPlayLevel: PIE: Created PIE world by copying editor world from /Game/FirstPersonBP/Maps/FirstPersonExampleMap.FirstPersonExampleMap to /Game/FirstPersonBP/Maps/UEDPIE_0_FirstPersonExampleMap.FirstPersonExampleMap (0.050482s)
[2015.03.31-20.10.04:349][206]LogWorld: Game class is 'FirstPersonGameMode_C'
[2015.03.31-20.10.04:352][206]LogAIModule: Creating AISystem for world FirstPersonExampleMap
[2015.03.31-20.10.04:370][206]LogWorld: Bringing World /Game/FirstPersonBP/Maps/UEDPIE_0_FirstPersonExampleMap.FirstPersonExampleMap up for play (max tick rate 0) at 2015.03.31-22.10.04
[2015.03.31-20.10.04:372][206]LogWorld: Bringing up level for play took: 0.019372
[2015.03.31-20.10.04:377][206]PIE: Info Play in editor start time for /Game/FirstPersonBP/Maps/UEDPIE_0_FirstPersonExampleMap -0.019
[2015.03.31-20.10.24:592][618]LogActorComponent: UnregisterComponent: (/Engine/Transient.ProjectileMovementComponent_40__A6522401) Not registered. Aborting.
[2015.03.31-20.10.24:592][618]LogActorComponent: UnregisterComponent: (/Engine/Transient.CharMoveComp) Not registered. Aborting.
[2015.03.31-20.10.24:631][618]LogParticles: Destroying 0 GPU particle simulations for FXSystem 0x00000000144ADDA0
[2015.03.31-20.12.29:432][527]LogActorComponent: UnregisterComponent: (/Engine/Transient.ProjectileMovementComponent_40__A6522401) Not registered. Aborting.
[2015.03.31-20.12.29:432][527]LogActorComponent: UnregisterComponent: (/Engine/Transient.CharMoveComp) Not registered. Aborting.
[2015.03.31-20.12.36:419][605]LogFactory: FactoryCreateBinary: StaticMesh with FbxFactory (0 0 ../../../../../../Users/Tim/Documents/Unreal Projects/Amboss.fbx)
[2015.03.31-20.12.36:422][605]LogFbx: ItemName: GlobalSettings, ItemCount : 1
[2015.03.31-20.12.36:422][605]LogFbx: ItemName: Geometry, ItemCount : 1
[2015.03.31-20.12.36:422][605]LogFbx: ItemName: Model, ItemCount : 1
[2015.03.31-20.12.40:508][605]LogFbx: Loading FBX Scene from ../../../../../../Users/Tim/Documents/Unreal Projects/Amboss.fbx
[2015.03.31-20.12.40:519][605]LogFbx: FBX Scene Loaded Succesfully
[2015.03.31-20.12.40:523][605]LogFbx:Warning: Triangulating static mesh W??rfel
[2015.03.31-20.12.40:664][605]LogFbx: == Initial material list:
[2015.03.31-20.12.40:664][605]LogFbx: 0: None
[2015.03.31-20.12.40:664][605]LogFbx: == After sorting:
[2015.03.31-20.12.40:664][605]LogFbx: 0: None
[2015.03.31-20.12.40:664][605]LogFbx: == Mapping table:
[2015.03.31-20.12.40:664][605]LogFbx:   sort 0 -> 0
[2015.03.31-20.12.40:679][605]LogStaticMesh: Building static mesh Amboss...
[2015.03.31-20.12.40:696][605]LogStaticMesh: Built static mesh [31.653437ms] /Game/FirstPersonBP/Blueprints/Amboss.Amboss
[2015.03.31-20.12.40:704][605]FBXImport:Warning: Warning Warning: No smoothing group information was found in this FBX scene.  Please make sure to enable the 'Export Smoothing Groups' option in the FBX Exporter plug-in before exporting the file.  Even for tools that don't support smoothing groups, the FBX Exporter will generate appropriate smoothing data at export-time so that correct vertex normals can be inferred while importing. 
[2015.03.31-20.12.40:704][605]FBXImport:Warning: Warning Warning: The imported mesh is very small. This is most likely an issue with the units used when exporting to FBX. 
[2015.03.31-20.12.40:747][605]LogContentBrowser:Verbose: The content browser source was changed by the sources view to 'None'
[2015.03.31-20.12.40:748][605]LogContentBrowser:Verbose: The content browser source was changed by the sources view to '/Game/FirstPersonBP/Blueprints'
[2015.03.31-20.13.03:821][845]LogActorFactory: Actor Factory created Amboss
[2015.03.31-20.13.04:833][894]LogActorFactory: Actor Factory created Amboss
[2015.03.31-20.13.33:918][452]Cmd: SELECT NONE
[2015.03.31-20.13.34:934][524]LogActorComponent: UnregisterComponent: (/Engine/Transient.ProjectileMovementComponent_40__A6522401) Not registered. Aborting.
[2015.03.31-20.13.34:934][524]LogActorComponent: UnregisterComponent: (/Engine/Transient.CharMoveComp) Not registered. Aborting.
[2015.03.31-20.13.37:544][525]Cmd: QUIT_EDITOR
[2015.03.31-20.13.38:041][525]LogExit: Preparing to exit.
[2015.03.31-20.13.38:671][525]LogExit: Editor shut down
[2015.03.31-20.13.38:671][525]LogExit: Transaction tracking system shut down
[2015.03.31-20.13.38:674][525]LogParticles: Destroying 0 GPU particle simulations for FXSystem 0x0000000019F5D800
[2015.03.31-20.13.38:675][525]LogParticles: Destroying 0 GPU particle simulations for FXSystem 0x000000001B6BE980
[2015.03.31-20.13.38:675][525]LogParticles: Destroying 0 GPU particle simulations for FXSystem 0x000000001B55BB00
[2015.03.31-20.13.38:938][525]LogParticles: Destroying 0 GPU particle simulations for FXSystem 0x00000000144AE840
[2015.03.31-20.13.38:938][525]LogParticles: Destroying 0 GPU particle simulations for FXSystem 0x000000001B6D4AE0
[2015.03.31-20.13.38:938][525]LogExit: Object subsystem successfully closed.
[2015.03.31-20.13.39:038][525]LogModuleManager: Shutting down and abandoning module CrashTracker (177)
[2015.03.31-20.13.39:038][525]LogModuleManager: Shutting down and abandoning module SuperSearch (176)
[2015.03.31-20.13.39:038][525]LogModuleManager: Shutting down and abandoning module SceneOutliner (175)
[2015.03.31-20.13.39:038][525]LogModuleManager: Shutting down and abandoning module EditorWidgets (174)
[2015.03.31-20.13.39:038][525]LogModuleManager: Shutting down and abandoning module CollectionManager (173)
[2015.03.31-20.13.39:038][525]LogModuleManager: Shutting down and abandoning module StatsViewer (172)
[2015.03.31-20.13.39:038][525]LogModuleManager: Shutting down and abandoning module FoliageEdit (171)
[2015.03.31-20.13.39:038][525]LogModuleManager: Shutting down and abandoning module LandscapeEditor (170)
[2015.03.31-20.13.39:038][525]LogModuleManager: Shutting down and abandoning module MeshPaint (169)
[2015.03.31-20.13.39:038][525]LogModuleManager: Shutting down and abandoning module ActorPickerMode (168)
[2015.03.31-20.13.39:038][525]LogModuleManager: Shutting down and abandoning module GeometryMode (167)
[2015.03.31-20.13.39:038][525]LogModuleManager: Shutting down and abandoning module TextureAlignMode (166)
[2015.03.31-20.13.39:038][525]LogModuleManager: Shutting down and abandoning module BspMode (165)
[2015.03.31-20.13.39:038][525]LogModuleManager: Shutting down and abandoning module PlacementMode (164)
[2015.03.31-20.13.39:038][525]LogModuleManager: Shutting down and abandoning module AutomationWorker (163)
[2015.03.31-20.13.39:038][525]LogModuleManager: Shutting down and abandoning module CharacterAI (162)
[2015.03.31-20.13.39:038][525]LogModuleManager: Shutting down and abandoning module SmartSnapping (161)
[2015.03.31-20.13.39:038][525]LogModuleManager: Shutting down and abandoning module ViewportSnapping (160)
[2015.03.31-20.13.39:038][525]LogModuleManager: Shutting down and abandoning module LogVisualizer (159)
[2015.03.31-20.13.39:039][525]LogModuleManager: Shutting down and abandoning module GameProjectGeneration (158)
[2015.03.31-20.13.39:039][525]LogModuleManager: Shutting down and abandoning module IntroTutorials (157)
[2015.03.31-20.13.39:039][525]LogModuleManager: Shutting down and abandoning module EditorLiveStreaming (156)
[2015.03.31-20.13.39:039][525]LogModuleManager: Shutting down and abandoning module HardwareTargeting (155)
[2015.03.31-20.13.39:039][525]LogModuleManager: Shutting down and abandoning module DeviceProfileEditor (154)
[2015.03.31-20.13.39:039][525]LogModuleManager: Shutting down and abandoning module UndoHistory (153)
[2015.03.31-20.13.39:039][525]LogModuleManager: Shutting down and abandoning module GameplayTagsEditor (152)
[2015.03.31-20.13.39:039][525]LogModuleManager: Shutting down and abandoning module UserFeedback (151)
[2015.03.31-20.13.39:039][525]LogModuleManager: Shutting down and abandoning module XmlParser (150)
[2015.03.31-20.13.39:039][525]LogModuleManager: Shutting down and abandoning module Blutility (149)
[2015.03.31-20.13.39:039][525]LogModuleManager: Shutting down and abandoning module IOSPlatformEditor (148)
[2015.03.31-20.13.39:039][525]LogModuleManager: Shutting down and abandoning module IOSRuntimeSettings (147)
[2015.03.31-20.13.39:039][525]LogModuleManager: Shutting down and abandoning module AndroidDeviceDetection (146)
[2015.03.31-20.13.39:671][525]LogModuleManager: Shutting down and abandoning module AndroidPlatformEditor (145)
[2015.03.31-20.13.39:671][525]LogModuleManager: Shutting down and abandoning module AndroidRuntimeSettings (144)
[2015.03.31-20.13.39:671][525]LogModuleManager: Shutting down and abandoning module ProjectTargetPlatformEditor (143)
[2015.03.31-20.13.39:671][525]LogModuleManager: Shutting down and abandoning module ProjectSettingsViewer (142)
[2015.03.31-20.13.39:671][525]LogModuleManager: Shutting down and abandoning module InputBindingEditor (141)
[2015.03.31-20.13.39:671][525]LogModuleManager: Shutting down and abandoning module EditorSettingsViewer (140)
[2015.03.31-20.13.39:671][525]LogModuleManager: Shutting down and abandoning module SettingsEditor (139)
[2015.03.31-20.13.39:672][525]LogModuleManager: Shutting down and abandoning module ProjectLauncher (138)
[2015.03.31-20.13.39:672][525]LogModuleManager: Shutting down and abandoning module SessionFrontend (137)
[2015.03.31-20.13.39:672][525]LogModuleManager: Shutting down and abandoning module ProfilerClient (136)
[2015.03.31-20.13.39:672][525]LogModuleManager: Shutting down and abandoning module TargetDeviceServices (135)
[2015.03.31-20.13.39:672][525]LogModuleManager: Shutting down and abandoning module DeviceManager (134)
[2015.03.31-20.13.39:672][525]LogModuleManager: Shutting down and abandoning module AutomationController (133)
[2015.03.31-20.13.39:672][525]LogModuleManager: Shutting down and abandoning module AutomationWindow (132)
[2015.03.31-20.13.39:672][525]LogModuleManager: Shutting down and abandoning module Layers (131)
[2015.03.31-20.13.39:672][525]LogModuleManager: Shutting down and abandoning module ComponentVisualizers (130)
[2015.03.31-20.13.39:672][525]LogModuleManager: Shutting down and abandoning module DetailCustomizations (129)
[2015.03.31-20.13.39:672][525]LogModuleManager: Shutting down and abandoning module PackagesDialog (128)
[2015.03.31-20.13.39:673][525]LogModuleManager: Shutting down and abandoning module AssetRegistry (127)
[2015.03.31-20.13.39:795][525]LogModuleManager: Shutting down and abandoning module Persona (126)
[2015.03.31-20.13.39:796][525]LogModuleManager: Shutting down and abandoning module SlateReflector (125)
[2015.03.31-20.13.39:796][525]LogModuleManager: Shutting down and abandoning module LevelEditor (124)
[2015.03.31-20.13.39:798][525]LogModuleManager: Shutting down and abandoning module Kismet (123)
[2015.03.31-20.13.39:798][525]LogModuleManager: Shutting down and abandoning module GraphEditor (122)
[2015.03.31-20.13.39:798][525]LogModuleManager: Shutting down and abandoning module ClassViewer (121)
[2015.03.31-20.13.39:798][525]LogModuleManager: Shutting down and abandoning module Toolbox (120)
[2015.03.31-20.13.39:798][525]LogModuleManager: Shutting down and abandoning module ModuleUI (119)
[2015.03.31-20.13.39:798][525]LogModuleManager: Shutting down and abandoning module MovieSceneTools (118)
[2015.03.31-20.13.39:798][525]LogModuleManager: Shutting down and abandoning module OutputLog (117)
[2015.03.31-20.13.39:798][525]LogModuleManager: Shutting down and abandoning module GammaUI (116)
[2015.03.31-20.13.39:798][525]LogModuleManager: Shutting down and abandoning module Documentation (115)
[2015.03.31-20.13.39:798][525]LogModuleManager: Shutting down and abandoning module GameLiveStreaming (114)
[2015.03.31-20.13.39:798][525]LogModuleManager: Shutting down and abandoning module StreamingPauseRendering (113)
[2015.03.31-20.13.39:798][525]LogModuleManager: Shutting down and abandoning module HTTP (112)
[2015.03.31-20.13.39:799][525]LogModuleManager: Shutting down and abandoning module AnalyticsET (111)
[2015.03.31-20.13.39:799][525]LogModuleManager: Shutting down and abandoning module Analytics (110)
[2015.03.31-20.13.39:799][525]LogModuleManager: Shutting down and abandoning module AITestSuite (109)
[2015.03.31-20.13.39:799][525]LogModuleManager: Shutting down and abandoning module GameplayDebugger (108)
[2015.03.31-20.13.39:799][525]LogModuleManager: Shutting down and abandoning module AIModule (107)
[2015.03.31-20.13.39:799][525]LogModuleManager: Shutting down and abandoning module ProfilerService (106)
[2015.03.31-20.13.40:015][525]LogModuleManager: Shutting down and abandoning module TaskGraph (105)
[2015.03.31-20.13.40:015][525]LogModuleManager: Shutting down and abandoning module SlateRemote (104)
[2015.03.31-20.13.40:015][525]LogModuleManager: Shutting down and abandoning module ScriptEditorPlugin (103)
[2015.03.31-20.13.40:015][525]LogModuleManager: Shutting down and abandoning module CustomMeshComponent (102)
[2015.03.31-20.13.40:015][525]LogModuleManager: Shutting down and abandoning module CableComponent (101)
[2015.03.31-20.13.40:015][525]LogModuleManager: Shutting down and abandoning module MessagingDebugger (100)
[2015.03.31-20.13.40:015][525]LogModuleManager: Shutting down and abandoning module MediaPlayerEditor (99)
[2015.03.31-20.13.40:015][525]LogModuleManager: Shutting down and abandoning module SpeedTreeImporter (98)
[2015.03.31-20.13.40:015][525]LogModuleManager: Shutting down and abandoning module PluginsEditor (97)
[2015.03.31-20.13.40:015][525]LogModuleManager: Shutting down and abandoning module MainFrame (96)
[2015.03.31-20.13.40:015][525]LogModuleManager: Shutting down and abandoning module EpicSurvey (95)
[2015.03.31-20.13.40:015][525]LogModuleManager: Shutting down and abandoning module DesktopPlatform (94)
[2015.03.31-20.13.40:015][525]LogModuleManager: Shutting down and abandoning module DirectoryWatcher (93)
[2015.03.31-20.13.40:016][525]LogModuleManager: Shutting down and abandoning module HotReload (92)
[2015.03.31-20.13.40:016][525]LogModuleManager: Shutting down and abandoning module VisualStudioSourceCodeAccess (91)
[2015.03.31-20.13.40:016][525]LogModuleManager: Shutting down and abandoning module UObjectPlugin (90)
[2015.03.31-20.13.40:016][525]LogModuleManager: Shutting down and abandoning module SubversionSourceControl (89)
[2015.03.31-20.13.40:016][525]LogModuleManager: Shutting down and abandoning module PerforceSourceControl (88)
[2015.03.31-20.13.40:016][525]LogModuleManager: Shutting down and abandoning module SourceControl (87)
[2015.03.31-20.13.40:016][525]LogModuleManager: Shutting down and abandoning module GitSourceControl (86)
[2015.03.31-20.13.40:016][525]LogModuleManager: Shutting down and abandoning module BlankPlugin (85)
[2015.03.31-20.13.40:016][525]LogModuleManager: Shutting down and abandoning module PaperTiledImporter (84)
[2015.03.31-20.13.40:016][525]LogModuleManager: Shutting down and abandoning module PaperJsonImporter (83)
[2015.03.31-20.13.40:016][525]LogModuleManager: Shutting down and abandoning module ContentBrowser (82)
[2015.03.31-20.13.40:017][525]LogModuleManager: Shutting down and abandoning module Paper2DEditor (81)
[2015.03.31-20.13.40:017][525]LogModuleManager: Shutting down and abandoning module ScriptPlugin (80)
[2015.03.31-20.13.40:017][525]LogModuleManager: Shutting down and abandoning module UdpMessaging (79)
[2015.03.31-20.13.40:117][525]LogModuleManager: Shutting down and abandoning module Paper2D (78)
[2015.03.31-20.13.40:117][525]LogModuleManager: Shutting down and abandoning module WindowsMoviePlayer (77)
[2015.03.31-20.13.40:119][525]LogModuleManager: Shutting down and abandoning module Media (76)
[2015.03.31-20.13.40:119][525]LogModuleManager: Shutting down and abandoning module WmfMedia (75)
[2015.03.31-20.13.40:120][525]LogModuleManager: Shutting down and abandoning module OnlineBlueprintSupport (74)
[2015.03.31-20.13.40:120][525]LogModuleManager: Shutting down and abandoning module PropertyEditor (73)
[2015.03.31-20.13.40:120][525]LogModuleManager: Shutting down and abandoning module BehaviorTreeEditor (72)
[2015.03.31-20.13.40:120][525]LogModuleManager: Shutting down and abandoning module FunctionalTesting (71)
[2015.03.31-20.13.40:120][525]LogModuleManager: Shutting down and abandoning module CollisionAnalyzer (70)
[2015.03.31-20.13.40:120][525]LogModuleManager: Shutting down and abandoning module WorkspaceMenuStructure (69)
[2015.03.31-20.13.40:120][525]LogModuleManager: Shutting down and abandoning module MessageLog (68)
[2015.03.31-20.13.40:120][525]LogModuleManager: Shutting down and abandoning module Sequencer (67)
[2015.03.31-20.13.40:120][525]LogModuleManager: Shutting down and abandoning module AssetTools (66)
[2015.03.31-20.13.40:120][525]LogModuleManager: Shutting down and abandoning module UMGEditor (65)
[2015.03.31-20.13.40:120][525]LogModuleManager: Shutting down and abandoning module UMG (64)
[2015.03.31-20.13.40:120][525]LogModuleManager: Shutting down and abandoning module Slate (63)
[2015.03.31-20.13.40:120][525]LogModuleManager: Shutting down and abandoning module EditorStyle (62)
[2015.03.31-20.13.40:133][525]LogModuleManager: Shutting down and abandoning module SessionServices (61)
[2015.03.31-20.13.40:133][525]LogModuleManager: Shutting down and abandoning module SourceCodeAccess (60)
[2015.03.31-20.13.40:133][525]LogModuleManager: Shutting down and abandoning module HeadMountedDisplay (59)
[2015.03.31-20.13.40:133][525]LogModuleManager: Shutting down and abandoning module XAudio2 (58)
[2015.03.31-20.13.40:133][525]LogModuleManager: Shutting down and abandoning module Networking (56)
[2015.03.31-20.13.40:133][525]LogModuleManager: Shutting down and abandoning module Core (55)
[2015.03.31-20.13.40:133][525]LogModuleManager: Shutting down and abandoning module KismetCompiler (54)
[2015.03.31-20.13.40:133][525]LogModuleManager: Shutting down and abandoning module PhysXFormats (53)
[2015.03.31-20.13.40:133][525]LogModuleManager: Shutting down and abandoning module MeshUtilities (52)
[2015.03.31-20.13.40:133][525]LogModuleManager: Shutting down and abandoning module DerivedDataCache (51)
[2015.03.31-20.13.40:182][525]LogDerivedDataCache: Shutdown
[2015.03.31-20.13.40:182][525]LogModuleManager: Shutting down and abandoning module ShaderFormatOpenGL (50)
[2015.03.31-20.13.40:182][525]LogModuleManager: Shutting down and abandoning module ShaderFormatD3D (49)
[2015.03.31-20.13.40:182][525]LogModuleManager: Shutting down and abandoning module MetalShaderFormat (48)
[2015.03.31-20.13.40:182][525]LogModuleManager: Shutting down and abandoning module TextureFormatUncompressed (47)
[2015.03.31-20.13.40:182][525]LogModuleManager: Shutting down and abandoning module TextureFormatPVR (46)
[2015.03.31-20.13.40:182][525]LogModuleManager: Shutting down and abandoning module TextureFormatIntelISPCTexComp (45)
[2015.03.31-20.13.40:182][525]LogModuleManager: Shutting down and abandoning module TextureFormatDXT (44)
[2015.03.31-20.13.40:182][525]LogModuleManager: Shutting down and abandoning module ImageWrapper (43)
[2015.03.31-20.13.40:182][525]LogModuleManager: Shutting down and abandoning module TextureFormatASTC (42)
[2015.03.31-20.13.40:182][525]LogModuleManager: Shutting down and abandoning module TextureFormatAndroid (41)
[2015.03.31-20.13.40:182][525]LogModuleManager: Shutting down and abandoning module AudioFormatOpus (40)
[2015.03.31-20.13.40:182][525]LogModuleManager: Shutting down and abandoning module AudioFormatOgg (39)
[2015.03.31-20.13.40:182][525]LogModuleManager: Shutting down and abandoning module AudioFormatADPCM (38)
[2015.03.31-20.13.40:182][525]LogModuleManager: Shutting down and abandoning module LinuxTargetPlatform (37)
[2015.03.31-20.13.40:182][525]LogModuleManager: Shutting down and abandoning module LinuxServerTargetPlatform (36)
[2015.03.31-20.13.40:182][525]LogModuleManager: Shutting down and abandoning module LinuxNoEditorTargetPlatform (35)
[2015.03.31-20.13.40:182][525]LogModuleManager: Shutting down and abandoning module Messaging (34)
[2015.03.31-20.13.40:182][525]LogModuleManager: Shutting down and abandoning module IOSTargetPlatform (33)
[2015.03.31-20.13.40:182][525]LogModuleManager: Shutting down and abandoning module HTML5TargetPlatform (32)
[2015.03.31-20.13.40:182][525]LogModuleManager: Shutting down and abandoning module Android_PVRTCTargetPlatform (31)
[2015.03.31-20.13.40:182][525]LogModuleManager: Shutting down and abandoning module Android_ETC2TargetPlatform (30)
[2015.03.31-20.13.40:182][525]LogModuleManager: Shutting down and abandoning module Android_ETC1TargetPlatform (29)
[2015.03.31-20.13.40:182][525]LogModuleManager: Shutting down and abandoning module Android_ES31TargetPlatform (28)
[2015.03.31-20.13.40:182][525]LogModuleManager: Shutting down and abandoning module Android_DXTTargetPlatform (27)
[2015.03.31-20.13.40:182][525]LogModuleManager: Shutting down and abandoning module Android_ATCTargetPlatform (26)
[2015.03.31-20.13.40:182][525]LogModuleManager: Shutting down and abandoning module AndroidTargetPlatform (25)
[2015.03.31-20.13.40:182][525]LogModuleManager: Shutting down and abandoning module WindowsTargetPlatform (24)
[2015.03.31-20.13.40:182][525]LogModuleManager: Shutting down and abandoning module WindowsServerTargetPlatform (23)
[2015.03.31-20.13.40:183][525]LogModuleManager: Shutting down and abandoning module WindowsNoEditorTargetPlatform (22)
[2015.03.31-20.13.40:183][525]LogModuleManager: Shutting down and abandoning module WindowsClientTargetPlatform (21)
[2015.03.31-20.13.40:183][525]LogModuleManager: Shutting down and abandoning module TargetPlatform (20)
[2015.03.31-20.13.40:183][525]LogModuleManager: Shutting down and abandoning module InputCore (19)
[2015.03.31-20.13.40:183][525]LogModuleManager: Shutting down and abandoning module Settings (18)
[2015.03.31-20.13.40:183][525]LogModuleManager: Shutting down and abandoning module OnlineSubsystem (16)
[2015.03.31-20.13.40:183][525]LogModuleManager: Shutting down and abandoning module OculusRift (15)
[2015.03.31-20.13.40:183][525]LogModuleManager: Shutting down and abandoning module ExampleDeviceProfileSelector (14)
[2015.03.31-20.13.40:183][525]LogModuleManager: Shutting down and abandoning module TextureCompressor (13)
[2015.03.31-20.13.40:183][525]LogModuleManager: Shutting down and abandoning module ShaderCore (12)
[2015.03.31-20.13.40:183][525]LogModuleManager: Shutting down and abandoning module Landscape (11)
[2015.03.31-20.13.40:183][525]LogModuleManager: Shutting down and abandoning module SlateRHIRenderer (10)
[2015.03.31-20.13.40:188][525]LogModuleManager: Shutting down and abandoning module OpenGLDrv (9)
[2015.03.31-20.13.40:188][525]LogModuleManager: Shutting down and abandoning module D3D11RHI (8)
[2015.03.31-20.13.40:188][525]LogModuleManager: Shutting down and abandoning module Renderer (7)
[2015.03.31-20.13.40:188][525]LogModuleManager: Shutting down and abandoning module Engine (6)
[2015.03.31-20.13.40:188][525]LogModuleManager: Shutting down and abandoning module CoreUObject (5)
[2015.03.31-20.13.40:188][525]LogModuleManager: Shutting down and abandoning module NetworkFile (4)
[2015.03.31-20.13.40:188][525]LogModuleManager: Shutting down and abandoning module StreamingFile (3)
[2015.03.31-20.13.40:188][525]LogModuleManager: Shutting down and abandoning module SandboxFile (2)
[2015.03.31-20.13.40:188][525]LogModuleManager: Shutting down and abandoning module PakFile (1)
[2015.03.31-20.13.40:188][525]LogExit: Exiting.
[2015.03.31-20.13.40:219][525]Log file closed, 03/31/15 22:13:40
