Log file open, 04/01/15 00:24:21
LogInit:Display: Running engine for game: ProjectT34mal2hoch3
LogInit: Version: 4.7.3-2479750+++depot+UE4-Releases+4.7
LogInit: API Version: 2455222
LogInit: Compiled (64-bit): Mar 15 2015 23:20:45
LogInit: Compiled with Visual C++: 18.00.21005.01
LogInit: Build Configuration: Development
LogInit: Branch Name: ++depot+UE4-Releases+4.7
LogInit: Command line: 
LogInit: Base directory: C:/Program Files/Epic Games/4.7/Engine/Binaries/Win64/
LogInit: Rocket: 1
[2015.03.31-22.24.21:319][  0]LogTaskGraph: Started task graph with 3 named threads and 4 total threads.
[2015.03.31-22.24.21:370][  0]LogOnline:Warning: No default platform service specified for OnlineSubsystem
[2015.03.31-22.24.21:415][  0]LogInit: Presizing for 0 objects not considered by GC, pre-allocating 0 bytes.
[2015.03.31-22.24.21:432][  0]LogInit: Object subsystem initialized
[2015.03.31-22.24.21:436][  0]LogConsoleResponse:Warning: Skipping Unknown console variable: 'TranslucentSortAxis = (X=0.000000,Y=-1.000000,Z=0.000000)'
[2015.03.31-22.24.21:436][  0]LogConsoleResponse:Warning:   Found in ini file 'C:/Users/Tim/Documents/Unreal Projects/Versuch1/ProjectT34mal2hoch3/Saved/Config/Windows/Engine.ini', in section '[/Script/Engine.RendererSettings]'
[2015.03.31-22.24.21:436][  0]LogConsoleResponse:Warning: Skipping Unknown console variable: 'UIScaleRule = ShortestSide'
[2015.03.31-22.24.21:436][  0]LogConsoleResponse:Warning:   Found in ini file 'C:/Users/Tim/Documents/Unreal Projects/Versuch1/ProjectT34mal2hoch3/Saved/Config/Windows/Engine.ini', in section '[/Script/Engine.RendererSettings]'
[2015.03.31-22.24.21:436][  0]LogConsoleResponse:Warning: Skipping Unknown console variable: 'UIScaleCurve = (EditorCurveData=(Keys=),ExternalCurve=None)'
[2015.03.31-22.24.21:436][  0]LogConsoleResponse:Warning:   Found in ini file 'C:/Users/Tim/Documents/Unreal Projects/Versuch1/ProjectT34mal2hoch3/Saved/Config/Windows/Engine.ini', in section '[/Script/Engine.RendererSettings]'
[2015.03.31-22.24.21:437][  0]LogInit: Selected Device Profile: [Windows]
[2015.03.31-22.24.21:437][  0]LogInit: Applying CVar settings loaded from the selected device profile: [Windows]
[2015.03.31-22.24.21:459][  0]LogInit: Computer: TIM-PC
[2015.03.31-22.24.21:459][  0]LogInit: User: Tim
[2015.03.31-22.24.21:459][  0]LogInit: CPU Page size=4096, Cores=2
[2015.03.31-22.24.21:459][  0]LogInit: High frequency timer resolution =3.117197 MHz
[2015.03.31-22.24.21:459][  0]LogMemory: Memory total: Physical=9.9GB (10GB approx) Virtual=8192.0GB
[2015.03.31-22.24.21:459][  0]LogMemory: Platform Memory Stats for Windows
[2015.03.31-22.24.21:459][  0]LogMemory: Process Physical Memory: 46.93 MB used, 46.93 MB peak
[2015.03.31-22.24.21:459][  0]LogMemory: Process Virtual Memory: 23.09 MB used, 23.09 MB peak
[2015.03.31-22.24.21:459][  0]LogMemory: Physical Memory: 5208.92 MB used, 10167.08 MB total
[2015.03.31-22.24.21:459][  0]LogMemory: Virtual Memory: 276.61 MB used, 8388608.00 MB total
[2015.03.31-22.24.21:518][  0]LogD3D11RHI: Found D3D11 adapter 0: NVIDIA GeForce GTX 770 (Feature Level 11_0)
[2015.03.31-22.24.21:518][  0]LogD3D11RHI: Adapter has 4027MB of dedicated video memory, 0MB of dedicated system memory, and 4827MB of shared system memory, 1 output[s]
[2015.03.31-22.24.21:518][  0]LogD3D11RHI: Chosen D3D11 Adapter Id = 0
[2015.03.31-22.24.21:527][  0]LogRHI: Texture pool is 1361 MB (70% of 1945 MB)
[2015.03.31-22.24.21:542][  0]LogD3D11RHI: Async texture creation enabled
[2015.03.31-22.24.21:648][  0]LogTextLocalizationManager: The requested culture ('de_DE') has no localization data; falling back to 'en' for localization and internationalization data.
[2015.03.31-22.24.21:771][  0]LogTextLocalizationManager:Warning: Loading localization resources contain conflicting entries for (Namespace:UICommands, Key:Save_ToolTip):
Resource: (C:/Program Files/Epic Games/4.7/Engine/Content/Localization/Editor/en/Editor.locres) Hash: (-29098895) String: (Saves the current level to disk)
Resource: (C:/Program Files/Epic Games/4.7/Engine/Content/Localization/Engine/en/Engine.locres) Hash: (-1280300587) String: (Save selected data to vlog file)
[2015.03.31-22.24.21:771][  0]LogTextLocalizationManager:Warning: Loading localization resources contain conflicting entries for (Namespace:ContentBrowser, Key:ImportAssetToolTip):
Resource: (C:/Program Files/Epic Games/4.7/Engine/Content/Localization/Editor/en/Editor.locres) Hash: (-630476809) String: (Import to {0}...)
Resource: (C:/Program Files/Epic Games/4.7/Engine/Content/Localization/Editor/en/Editor.locres) Hash: (1271782899) String: (Imports an asset from file to this folder.)
[2015.03.31-22.24.21:891][  0]LogContentStreaming: Texture pool size is 0.000000MB
[2015.03.31-22.24.25:751][  0]LogTargetPlatformManager:Display: Building Assets For Windows
[2015.03.31-22.24.26:736][  0]LogTargetPlatformManager:Display: Building Assets For Windows
[2015.03.31-22.24.26:870][  0]LogDerivedDataCache:Display: Max Cache Size: 512 MB
[2015.03.31-22.24.26:949][  0]LogDerivedDataCache: Loaded boot cache 0.08s 39MB C:/Users/Tim/AppData/Local/UnrealEngine/4.7/DerivedDataCache/Boot.ddc.
[2015.03.31-22.24.26:949][  0]LogDerivedDataCache:Display: Loaded Boot cache: C:/Users/Tim/AppData/Local/UnrealEngine/4.7/DerivedDataCache/Boot.ddc
[2015.03.31-22.24.26:949][  0]LogDerivedDataCache: FDerivedDataBackendGraph:  Pak pak cache file ../../../../../../Users/Tim/Documents/Unreal Projects/Versuch1/ProjectT34mal2hoch3/DerivedDataCache/DDC.ddp not found, will not use a pak cache.
[2015.03.31-22.24.26:949][  0]LogDerivedDataCache: Unable to find inner node Pak for hierarchical cache Hierarchy.
[2015.03.31-22.24.27:111][  0]LogDerivedDataCache:Display: Pak cache opened for reading ../../../Engine/DerivedDataCache/Compressed.ddp.
[2015.03.31-22.24.27:124][  0]LogDerivedDataCache: Using Local data cache path C:/Users/Tim/AppData/Local/UnrealEngine/Common/DerivedDataCache: Writable
[2015.03.31-22.24.27:668][  0]LogMeshUtilities: No automatic mesh reduction module available
[2015.03.31-22.24.27:668][  0]LogMeshUtilities: No automatic mesh merging module available
[2015.03.31-22.24.28:325][  0]LogInit: WinSock: version 1.1 (2.2), MaxSocks=32767, MaxUdp=65467
[2015.03.31-22.24.28:507][  0]LogSlate:Warning: Failed to load font data from '../../../Engine/Content/Slate/Fonts/Roboto-Italic.ttf'
[2015.03.31-22.24.29:949][  0]UdpMessaging: Initializing bridge on interface 0.0.0.0:0 to multicast group 230.0.0.1:6666.
[2015.03.31-22.24.30:335][  0]SourceControl: Info Source control is disabled
[2015.03.31-22.24.30:336][  0]SourceControl: Info Source control is disabled
[2015.03.31-22.24.30:336][  0]SourceControl: Info Source control is disabled
[2015.03.31-22.24.30:336][  0]LogSourceControl: RunCommandInternalRaw: 'git version'
[2015.03.31-22.24.30:336][  0]LogSourceControl: RunCommandInternalRaw: ExecProcess ReturnCode=2 OutResults=''
[2015.03.31-22.24.30:360][  0]SourceControl: Info Source control is disabled
[2015.03.31-22.24.30:784][  0]LogObj: 24231 objects as part of root set at end of initial load.
[2015.03.31-22.24.30:784][  0]LogUObjectAllocator: 5136440 out of 0 bytes used by permanent object pool.
[2015.03.31-22.24.30:921][  0]LogEngine: Initializing Engine...
[2015.03.31-22.24.33:188][  0]LogInit: XAudio2 using 'Lautsprecher/Kopfhörer (Realtek High Definition Audio)' : 2 channels at 48 kHz using 16 bits per sample (channel mask 0x3)
[2015.03.31-22.24.33:210][  0]LogInit: FAudioDevice initialized.
[2015.03.31-22.24.33:301][  0]LogAIModule: Creating AISystem for world NewWorld
[2015.03.31-22.24.33:343][  0]LogDerivedDataCache: Saved boot cache 0.04s 39MB C:/Users/Tim/AppData/Local/UnrealEngine/4.7/DerivedDataCache/Boot.ddc.
[2015.03.31-22.24.33:357][  0]LogInit: Texture streaming: Enabled
[2015.03.31-22.24.33:538][  0]LogAnalytics: Creating configured Analytics provider AnalyticsET
[2015.03.31-22.24.33:538][  0]LogAnalytics: ET APIKey = Rocket.Release. APIServer = http://et2.epicgames.com/ET2/. AppVersion = 4.7.3-2479750+++depot+UE4-Releases+4.7
[2015.03.31-22.24.33:538][  0]LogAnalytics: ET APIKey = Rocket.Release. DataRouterUploadURL = https://datarouter-public-service-gamedev.ol.epicgames.net/datarouter/api/v1/public/data. AppVersion = 4.7.3-2479750+++depot+UE4-Releases+4.7
[2015.03.31-22.24.33:539][  0]LogAnalytics: SetUserId c5fd52a24d6850d1c633029fc9284b73|9f6f6a0632e64490ab8dba32aeb92367|02faca1b-0e02-495b-954f-51d2c87ed7d6
[2015.03.31-22.24.33:539][  0]LogAnalytics: AnalyticsET::StartSession [Rocket.Release]
[2015.03.31-22.24.33:588][  0]LogInit: Transaction tracking system initialized
[2015.03.31-22.24.33:982][  0]BlueprintLog: New page: Editor Load
[2015.03.31-22.24.34:051][  0]LogAssetRegistry: FAssetRegistry took 0.0094 seconds to start up
[2015.03.31-22.24.34:052][  0]LogDirectoryWatcher:Warning: Failed to begin reading directory changes for ../../../Engine/Plugins/Experimental/CharacterAI/Content/. Error: 0
[2015.03.31-22.24.35:226][  0]LogTargetPlatformManager:Display: Building Assets For Windows
[2015.03.31-22.24.35:843][  0]LogTargetPlatformManager:Display: Building Assets For Windows
[2015.03.31-22.24.36:510][  0]LogLinker:Warning: Can't find file '/Game/FirstPersonBP/FirstPersonOverview'
[2015.03.31-22.24.36:510][  0]LogLinker:Warning: Can't find file '/Game/FirstPersonBP/FirstPersonOverview'
[2015.03.31-22.24.36:510][  0]LogUObjectGlobals:Warning: Failed to find object 'Class /Game/FirstPersonBP/FirstPersonOverview.FirstPersonOverview_C'
[2015.03.31-22.24.36:584][  0]LogSlate:Warning: Failed to load font data from '../../../Engine/Content/Editor/Slate/Fonts/Roboto-Regular.ttf'
[2015.03.31-22.24.36:585][  0]LogSlate:Warning: Failed to load font data from '../../../Engine/Content/Editor/Slate/Fonts/Roboto-Bold.ttf'
[2015.03.31-22.24.36:592][  0]LogConsoleResponse:Display: 
[2015.03.31-22.24.36:862][  0]LogCook:Display: Done creating registry. It took  0.00s.
[2015.03.31-22.24.37:217][  0]SourceControl: Info Source control is disabled
[2015.03.31-22.24.37:217][  0]Cmd: MAP LOAD FILE="../../../../../../Users/Tim/Documents/Unreal Projects/Versuch1/ProjectT34mal2hoch3/Content/FirstPersonBP/Maps/FirstPersonExampleMap.umap" TEMPLATE=0 SHOWPROGRESS=1 FEATURELEVEL=3
[2015.03.31-22.24.37:219][  0]LightingResults: New page: Lighting Build
[2015.03.31-22.24.37:248][  0]MapCheck: New page: Map Check
[2015.03.31-22.24.37:248][  0]LightingResults: New page: Lighting Build
[2015.03.31-22.24.37:275][  0]LogParticles: Destroying 0 GPU particle simulations for FXSystem 0x00000000167CA520
[2015.03.31-22.24.37:291][  0]LogLinker:Warning: Asset '../../../Engine/Content/EngineMeshes/Humanoid.uasset' has been saved with empty engine version. The asset will be loaded but may be incompatible.
[2015.03.31-22.24.40:087][  0]LogEditorServer: Finished looking for orphan Actors (0.000 secs)
[2015.03.31-22.24.41:441][  0]LogAIModule: Creating AISystem for world FirstPersonExampleMap
[2015.03.31-22.24.41:442][  0]Cmd: MAP CHECKDEP
[2015.03.31-22.24.41:443][  0]MapCheck: New page: FirstPersonExampleMap - Apr 1, 2015, 2:24:41 AM
[2015.03.31-22.24.41:666][  0]MapCheck: Info Map check complete: 0 Error(s), 0 Warning(s), took 222.908ms to complete.
[2015.03.31-22.24.41:666][  0]LogFileHelpers: Loading map 'FirstPersonExampleMap' took 4.448
[2015.03.31-22.24.41:895][  0]LogCollectionManager: Loaded 0 collections in 0.003724 seconds
[2015.03.31-22.24.41:919][  0]LogContentBrowser: Native class hierarchy populated in 0.0242 seconds. Added 1696 classes and 261 folders.
[2015.03.31-22.24.42:009][  0]LogContentBrowser: Native class hierarchy updated for 'SceneOutliner' in 0.0071 seconds. Added 1 classes and 2 folders.
[2015.03.31-22.24.42:119][  0]LogCrashTracker: Crashtracker disabled due to settings.
[2015.03.31-22.24.42:121][  0]LogSlate:Warning: Failed to load font data from 'Veranda'
[2015.03.31-22.24.42:130][  0]LogUObjectGlobals:Warning: Failed to find object 'Class None.'
[2015.03.31-22.24.42:158][  0]LogLoad: Full Startup: 23.79 seconds (BP compile: 1.28 seconds)
[2015.03.31-22.24.42:185][  0]LogContentBrowser:Verbose: The content browser source was changed by the sources view to '/Game/Objects'
[2015.03.31-22.24.42:364][  0]LogRenderer:Warning: Reallocating scene render targets to support 32x32 (Frame:2).
[2015.03.31-22.24.42:568][  0]LogRenderer:Warning: Reallocating scene render targets to support 1208x576 (Frame:5).
[2015.03.31-22.24.43:188][  8]LogAssetRegistry: Asset discovery search completed in 9.1465 seconds
[2015.03.31-22.24.52:710][579]LogPlayLevel: PIE:  No blueprints needed recompiling
[2015.03.31-22.24.52:711][579]PIE: New page: PIE session: FirstPersonExampleMap (Apr 1, 2015, 2:24:52 AM)
[2015.03.31-22.24.52:763][579]LogPlayLevel: PIE: StaticDuplicateObject took: (0.051440s)
[2015.03.31-22.24.52:769][579]LogPlayLevel: PIE: World Init took: (0.006040s)
[2015.03.31-22.24.52:769][579]LogPlayLevel: PIE: Created PIE world by copying editor world from /Game/FirstPersonBP/Maps/FirstPersonExampleMap.FirstPersonExampleMap to /Game/FirstPersonBP/Maps/UEDPIE_0_FirstPersonExampleMap.FirstPersonExampleMap (0.058243s)
[2015.03.31-22.24.53:111][579]LogWorld: Game class is 'FirstPersonGameMode_C'
[2015.03.31-22.24.53:115][579]LogAIModule: Creating AISystem for world FirstPersonExampleMap
[2015.03.31-22.24.53:135][579]LogWorld: Bringing World /Game/FirstPersonBP/Maps/UEDPIE_0_FirstPersonExampleMap.FirstPersonExampleMap up for play (max tick rate 0) at 2015.04.01-00.24.53
[2015.03.31-22.24.53:137][579]LogWorld: Bringing up level for play took: 0.021417
[2015.03.31-22.24.53:141][579]PIE: Info Play in editor start time for /Game/FirstPersonBP/Maps/UEDPIE_0_FirstPersonExampleMap 0.671
[2015.03.31-22.25.01:607][ 93]LogParticles: Destroying 0 GPU particle simulations for FXSystem 0x0000000015BC16C0
[2015.03.31-22.25.04:436][227]Cmd: QUIT_EDITOR
[2015.03.31-22.25.04:858][227]LogExit: Preparing to exit.
[2015.03.31-22.25.05:006][227]LogExit: Editor shut down
[2015.03.31-22.25.05:007][227]LogExit: Transaction tracking system shut down
[2015.03.31-22.25.05:009][227]LogParticles: Destroying 0 GPU particle simulations for FXSystem 0x000000000D110C20
[2015.03.31-22.25.05:009][227]LogParticles: Destroying 0 GPU particle simulations for FXSystem 0x000000003D3E8680
[2015.03.31-22.25.05:009][227]LogParticles: Destroying 0 GPU particle simulations for FXSystem 0x0000000041151260
[2015.03.31-22.25.05:308][227]LogExit: Object subsystem successfully closed.
[2015.03.31-22.25.05:403][227]LogModuleManager: Shutting down and abandoning module CrashTracker (177)
[2015.03.31-22.25.05:403][227]LogModuleManager: Shutting down and abandoning module SuperSearch (176)
[2015.03.31-22.25.05:403][227]LogModuleManager: Shutting down and abandoning module SceneOutliner (175)
[2015.03.31-22.25.05:403][227]LogModuleManager: Shutting down and abandoning module EditorWidgets (174)
[2015.03.31-22.25.05:403][227]LogModuleManager: Shutting down and abandoning module CollectionManager (173)
[2015.03.31-22.25.05:403][227]LogModuleManager: Shutting down and abandoning module StatsViewer (172)
[2015.03.31-22.25.05:403][227]LogModuleManager: Shutting down and abandoning module FoliageEdit (171)
[2015.03.31-22.25.05:403][227]LogModuleManager: Shutting down and abandoning module LandscapeEditor (170)
[2015.03.31-22.25.05:403][227]LogModuleManager: Shutting down and abandoning module MeshPaint (169)
[2015.03.31-22.25.05:403][227]LogModuleManager: Shutting down and abandoning module ActorPickerMode (168)
[2015.03.31-22.25.05:403][227]LogModuleManager: Shutting down and abandoning module GeometryMode (167)
[2015.03.31-22.25.05:403][227]LogModuleManager: Shutting down and abandoning module TextureAlignMode (166)
[2015.03.31-22.25.05:403][227]LogModuleManager: Shutting down and abandoning module BspMode (165)
[2015.03.31-22.25.05:403][227]LogModuleManager: Shutting down and abandoning module PlacementMode (164)
[2015.03.31-22.25.05:403][227]LogModuleManager: Shutting down and abandoning module AutomationWorker (163)
[2015.03.31-22.25.05:403][227]LogModuleManager: Shutting down and abandoning module CharacterAI (162)
[2015.03.31-22.25.05:403][227]LogModuleManager: Shutting down and abandoning module SmartSnapping (161)
[2015.03.31-22.25.05:403][227]LogModuleManager: Shutting down and abandoning module ViewportSnapping (160)
[2015.03.31-22.25.05:403][227]LogModuleManager: Shutting down and abandoning module LogVisualizer (159)
[2015.03.31-22.25.05:403][227]LogModuleManager: Shutting down and abandoning module GameProjectGeneration (158)
[2015.03.31-22.25.05:403][227]LogModuleManager: Shutting down and abandoning module IntroTutorials (157)
[2015.03.31-22.25.05:403][227]LogModuleManager: Shutting down and abandoning module EditorLiveStreaming (156)
[2015.03.31-22.25.05:403][227]LogModuleManager: Shutting down and abandoning module HardwareTargeting (155)
[2015.03.31-22.25.05:403][227]LogModuleManager: Shutting down and abandoning module DeviceProfileEditor (154)
[2015.03.31-22.25.05:403][227]LogModuleManager: Shutting down and abandoning module UndoHistory (153)
[2015.03.31-22.25.05:403][227]LogModuleManager: Shutting down and abandoning module GameplayTagsEditor (152)
[2015.03.31-22.25.05:403][227]LogModuleManager: Shutting down and abandoning module UserFeedback (151)
[2015.03.31-22.25.05:403][227]LogModuleManager: Shutting down and abandoning module XmlParser (150)
[2015.03.31-22.25.05:404][227]LogModuleManager: Shutting down and abandoning module Blutility (149)
[2015.03.31-22.25.05:404][227]LogModuleManager: Shutting down and abandoning module IOSPlatformEditor (148)
[2015.03.31-22.25.05:404][227]LogModuleManager: Shutting down and abandoning module IOSRuntimeSettings (147)
[2015.03.31-22.25.05:404][227]LogModuleManager: Shutting down and abandoning module AndroidDeviceDetection (146)
[2015.03.31-22.25.06:066][227]LogModuleManager: Shutting down and abandoning module AndroidPlatformEditor (145)
[2015.03.31-22.25.06:066][227]LogModuleManager: Shutting down and abandoning module AndroidRuntimeSettings (144)
[2015.03.31-22.25.06:066][227]LogModuleManager: Shutting down and abandoning module ProjectTargetPlatformEditor (143)
[2015.03.31-22.25.06:066][227]LogModuleManager: Shutting down and abandoning module ProjectSettingsViewer (142)
[2015.03.31-22.25.06:066][227]LogModuleManager: Shutting down and abandoning module InputBindingEditor (141)
[2015.03.31-22.25.06:066][227]LogModuleManager: Shutting down and abandoning module EditorSettingsViewer (140)
[2015.03.31-22.25.06:066][227]LogModuleManager: Shutting down and abandoning module SettingsEditor (139)
[2015.03.31-22.25.06:066][227]LogModuleManager: Shutting down and abandoning module ProjectLauncher (138)
[2015.03.31-22.25.06:066][227]LogModuleManager: Shutting down and abandoning module SessionFrontend (137)
[2015.03.31-22.25.06:066][227]LogModuleManager: Shutting down and abandoning module ProfilerClient (136)
[2015.03.31-22.25.06:066][227]LogModuleManager: Shutting down and abandoning module TargetDeviceServices (135)
[2015.03.31-22.25.06:066][227]LogModuleManager: Shutting down and abandoning module DeviceManager (134)
[2015.03.31-22.25.06:067][227]LogModuleManager: Shutting down and abandoning module AutomationController (133)
[2015.03.31-22.25.06:067][227]LogModuleManager: Shutting down and abandoning module AutomationWindow (132)
[2015.03.31-22.25.06:067][227]LogModuleManager: Shutting down and abandoning module Layers (131)
[2015.03.31-22.25.06:067][227]LogModuleManager: Shutting down and abandoning module ComponentVisualizers (130)
[2015.03.31-22.25.06:067][227]LogModuleManager: Shutting down and abandoning module DetailCustomizations (129)
[2015.03.31-22.25.06:067][227]LogModuleManager: Shutting down and abandoning module PackagesDialog (128)
[2015.03.31-22.25.06:067][227]LogModuleManager: Shutting down and abandoning module AssetRegistry (127)
[2015.03.31-22.25.06:147][227]LogModuleManager: Shutting down and abandoning module Persona (126)
[2015.03.31-22.25.06:147][227]LogModuleManager: Shutting down and abandoning module SlateReflector (125)
[2015.03.31-22.25.06:147][227]LogModuleManager: Shutting down and abandoning module LevelEditor (124)
[2015.03.31-22.25.06:150][227]LogModuleManager: Shutting down and abandoning module Kismet (123)
[2015.03.31-22.25.06:150][227]LogModuleManager: Shutting down and abandoning module GraphEditor (122)
[2015.03.31-22.25.06:150][227]LogModuleManager: Shutting down and abandoning module ClassViewer (121)
[2015.03.31-22.25.06:150][227]LogModuleManager: Shutting down and abandoning module Toolbox (120)
[2015.03.31-22.25.06:150][227]LogModuleManager: Shutting down and abandoning module ModuleUI (119)
[2015.03.31-22.25.06:150][227]LogModuleManager: Shutting down and abandoning module MovieSceneTools (118)
[2015.03.31-22.25.06:150][227]LogModuleManager: Shutting down and abandoning module OutputLog (117)
[2015.03.31-22.25.06:150][227]LogModuleManager: Shutting down and abandoning module GammaUI (116)
[2015.03.31-22.25.06:150][227]LogModuleManager: Shutting down and abandoning module Documentation (115)
[2015.03.31-22.25.06:150][227]LogModuleManager: Shutting down and abandoning module GameLiveStreaming (114)
[2015.03.31-22.25.06:150][227]LogModuleManager: Shutting down and abandoning module StreamingPauseRendering (113)
[2015.03.31-22.25.06:150][227]LogModuleManager: Shutting down and abandoning module HTTP (112)
[2015.03.31-22.25.06:150][227]LogModuleManager: Shutting down and abandoning module AnalyticsET (111)
[2015.03.31-22.25.06:150][227]LogModuleManager: Shutting down and abandoning module Analytics (110)
[2015.03.31-22.25.06:150][227]LogModuleManager: Shutting down and abandoning module AITestSuite (109)
[2015.03.31-22.25.06:150][227]LogModuleManager: Shutting down and abandoning module GameplayDebugger (108)
[2015.03.31-22.25.06:150][227]LogModuleManager: Shutting down and abandoning module AIModule (107)
[2015.03.31-22.25.06:150][227]LogModuleManager: Shutting down and abandoning module ProfilerService (106)
[2015.03.31-22.25.06:295][227]LogModuleManager: Shutting down and abandoning module TaskGraph (105)
[2015.03.31-22.25.06:295][227]LogModuleManager: Shutting down and abandoning module SlateRemote (104)
[2015.03.31-22.25.06:295][227]LogModuleManager: Shutting down and abandoning module ScriptEditorPlugin (103)
[2015.03.31-22.25.06:295][227]LogModuleManager: Shutting down and abandoning module CustomMeshComponent (102)
[2015.03.31-22.25.06:295][227]LogModuleManager: Shutting down and abandoning module CableComponent (101)
[2015.03.31-22.25.06:295][227]LogModuleManager: Shutting down and abandoning module MessagingDebugger (100)
[2015.03.31-22.25.06:295][227]LogModuleManager: Shutting down and abandoning module MediaPlayerEditor (99)
[2015.03.31-22.25.06:295][227]LogModuleManager: Shutting down and abandoning module SpeedTreeImporter (98)
[2015.03.31-22.25.06:295][227]LogModuleManager: Shutting down and abandoning module PluginsEditor (97)
[2015.03.31-22.25.06:295][227]LogModuleManager: Shutting down and abandoning module MainFrame (96)
[2015.03.31-22.25.06:295][227]LogModuleManager: Shutting down and abandoning module EpicSurvey (95)
[2015.03.31-22.25.06:295][227]LogModuleManager: Shutting down and abandoning module DesktopPlatform (94)
[2015.03.31-22.25.06:295][227]LogModuleManager: Shutting down and abandoning module DirectoryWatcher (93)
[2015.03.31-22.25.06:296][227]LogModuleManager: Shutting down and abandoning module HotReload (92)
[2015.03.31-22.25.06:296][227]LogModuleManager: Shutting down and abandoning module VisualStudioSourceCodeAccess (91)
[2015.03.31-22.25.06:296][227]LogModuleManager: Shutting down and abandoning module UObjectPlugin (90)
[2015.03.31-22.25.06:296][227]LogModuleManager: Shutting down and abandoning module SubversionSourceControl (89)
[2015.03.31-22.25.06:296][227]LogModuleManager: Shutting down and abandoning module PerforceSourceControl (88)
[2015.03.31-22.25.06:296][227]LogModuleManager: Shutting down and abandoning module SourceControl (87)
[2015.03.31-22.25.06:296][227]LogModuleManager: Shutting down and abandoning module GitSourceControl (86)
[2015.03.31-22.25.06:296][227]LogModuleManager: Shutting down and abandoning module BlankPlugin (85)
[2015.03.31-22.25.06:296][227]LogModuleManager: Shutting down and abandoning module PaperTiledImporter (84)
[2015.03.31-22.25.06:296][227]LogModuleManager: Shutting down and abandoning module PaperJsonImporter (83)
[2015.03.31-22.25.06:296][227]LogModuleManager: Shutting down and abandoning module ContentBrowser (82)
[2015.03.31-22.25.06:297][227]LogModuleManager: Shutting down and abandoning module Paper2DEditor (81)
[2015.03.31-22.25.06:297][227]LogModuleManager: Shutting down and abandoning module ScriptPlugin (80)
[2015.03.31-22.25.06:297][227]LogModuleManager: Shutting down and abandoning module UdpMessaging (79)
[2015.03.31-22.25.06:397][227]LogModuleManager: Shutting down and abandoning module Paper2D (78)
[2015.03.31-22.25.06:397][227]LogModuleManager: Shutting down and abandoning module WindowsMoviePlayer (77)
[2015.03.31-22.25.06:399][227]LogModuleManager: Shutting down and abandoning module Media (76)
[2015.03.31-22.25.06:399][227]LogModuleManager: Shutting down and abandoning module WmfMedia (75)
[2015.03.31-22.25.06:400][227]LogModuleManager: Shutting down and abandoning module OnlineBlueprintSupport (74)
[2015.03.31-22.25.06:400][227]LogModuleManager: Shutting down and abandoning module PropertyEditor (73)
[2015.03.31-22.25.06:400][227]LogModuleManager: Shutting down and abandoning module BehaviorTreeEditor (72)
[2015.03.31-22.25.06:400][227]LogModuleManager: Shutting down and abandoning module FunctionalTesting (71)
[2015.03.31-22.25.06:400][227]LogModuleManager: Shutting down and abandoning module CollisionAnalyzer (70)
[2015.03.31-22.25.06:400][227]LogModuleManager: Shutting down and abandoning module WorkspaceMenuStructure (69)
[2015.03.31-22.25.06:400][227]LogModuleManager: Shutting down and abandoning module MessageLog (68)
[2015.03.31-22.25.06:400][227]LogModuleManager: Shutting down and abandoning module Sequencer (67)
[2015.03.31-22.25.06:400][227]LogModuleManager: Shutting down and abandoning module AssetTools (66)
[2015.03.31-22.25.06:400][227]LogModuleManager: Shutting down and abandoning module UMGEditor (65)
[2015.03.31-22.25.06:400][227]LogModuleManager: Shutting down and abandoning module UMG (64)
[2015.03.31-22.25.06:400][227]LogModuleManager: Shutting down and abandoning module Slate (63)
[2015.03.31-22.25.06:400][227]LogModuleManager: Shutting down and abandoning module EditorStyle (62)
[2015.03.31-22.25.06:409][227]LogModuleManager: Shutting down and abandoning module SessionServices (61)
[2015.03.31-22.25.06:409][227]LogModuleManager: Shutting down and abandoning module SourceCodeAccess (60)
[2015.03.31-22.25.06:409][227]LogModuleManager: Shutting down and abandoning module HeadMountedDisplay (59)
[2015.03.31-22.25.06:409][227]LogModuleManager: Shutting down and abandoning module XAudio2 (58)
[2015.03.31-22.25.06:409][227]LogModuleManager: Shutting down and abandoning module Networking (56)
[2015.03.31-22.25.06:409][227]LogModuleManager: Shutting down and abandoning module Core (55)
[2015.03.31-22.25.06:409][227]LogModuleManager: Shutting down and abandoning module KismetCompiler (54)
[2015.03.31-22.25.06:409][227]LogModuleManager: Shutting down and abandoning module PhysXFormats (53)
[2015.03.31-22.25.06:409][227]LogModuleManager: Shutting down and abandoning module MeshUtilities (52)
[2015.03.31-22.25.06:409][227]LogModuleManager: Shutting down and abandoning module DerivedDataCache (51)
[2015.03.31-22.25.06:671][227]LogDerivedDataCache: Shutdown
[2015.03.31-22.25.06:671][227]LogModuleManager: Shutting down and abandoning module ShaderFormatOpenGL (50)
[2015.03.31-22.25.06:671][227]LogModuleManager: Shutting down and abandoning module ShaderFormatD3D (49)
[2015.03.31-22.25.06:671][227]LogModuleManager: Shutting down and abandoning module MetalShaderFormat (48)
[2015.03.31-22.25.06:671][227]LogModuleManager: Shutting down and abandoning module TextureFormatUncompressed (47)
[2015.03.31-22.25.06:671][227]LogModuleManager: Shutting down and abandoning module TextureFormatPVR (46)
[2015.03.31-22.25.06:671][227]LogModuleManager: Shutting down and abandoning module TextureFormatIntelISPCTexComp (45)
[2015.03.31-22.25.06:671][227]LogModuleManager: Shutting down and abandoning module TextureFormatDXT (44)
[2015.03.31-22.25.06:671][227]LogModuleManager: Shutting down and abandoning module ImageWrapper (43)
[2015.03.31-22.25.06:671][227]LogModuleManager: Shutting down and abandoning module TextureFormatASTC (42)
[2015.03.31-22.25.06:672][227]LogModuleManager: Shutting down and abandoning module TextureFormatAndroid (41)
[2015.03.31-22.25.06:672][227]LogModuleManager: Shutting down and abandoning module AudioFormatOpus (40)
[2015.03.31-22.25.06:672][227]LogModuleManager: Shutting down and abandoning module AudioFormatOgg (39)
[2015.03.31-22.25.06:672][227]LogModuleManager: Shutting down and abandoning module AudioFormatADPCM (38)
[2015.03.31-22.25.06:672][227]LogModuleManager: Shutting down and abandoning module LinuxTargetPlatform (37)
[2015.03.31-22.25.06:672][227]LogModuleManager: Shutting down and abandoning module LinuxServerTargetPlatform (36)
[2015.03.31-22.25.06:672][227]LogModuleManager: Shutting down and abandoning module LinuxNoEditorTargetPlatform (35)
[2015.03.31-22.25.06:672][227]LogModuleManager: Shutting down and abandoning module Messaging (34)
[2015.03.31-22.25.06:672][227]LogModuleManager: Shutting down and abandoning module IOSTargetPlatform (33)
[2015.03.31-22.25.06:672][227]LogModuleManager: Shutting down and abandoning module HTML5TargetPlatform (32)
[2015.03.31-22.25.06:672][227]LogModuleManager: Shutting down and abandoning module Android_PVRTCTargetPlatform (31)
[2015.03.31-22.25.06:672][227]LogModuleManager: Shutting down and abandoning module Android_ETC2TargetPlatform (30)
[2015.03.31-22.25.06:672][227]LogModuleManager: Shutting down and abandoning module Android_ETC1TargetPlatform (29)
[2015.03.31-22.25.06:672][227]LogModuleManager: Shutting down and abandoning module Android_ES31TargetPlatform (28)
[2015.03.31-22.25.06:672][227]LogModuleManager: Shutting down and abandoning module Android_DXTTargetPlatform (27)
[2015.03.31-22.25.06:672][227]LogModuleManager: Shutting down and abandoning module Android_ATCTargetPlatform (26)
[2015.03.31-22.25.06:672][227]LogModuleManager: Shutting down and abandoning module AndroidTargetPlatform (25)
[2015.03.31-22.25.06:672][227]LogModuleManager: Shutting down and abandoning module WindowsTargetPlatform (24)
[2015.03.31-22.25.06:672][227]LogModuleManager: Shutting down and abandoning module WindowsServerTargetPlatform (23)
[2015.03.31-22.25.06:672][227]LogModuleManager: Shutting down and abandoning module WindowsNoEditorTargetPlatform (22)
[2015.03.31-22.25.06:672][227]LogModuleManager: Shutting down and abandoning module WindowsClientTargetPlatform (21)
[2015.03.31-22.25.06:672][227]LogModuleManager: Shutting down and abandoning module TargetPlatform (20)
[2015.03.31-22.25.06:672][227]LogModuleManager: Shutting down and abandoning module InputCore (19)
[2015.03.31-22.25.06:672][227]LogModuleManager: Shutting down and abandoning module Settings (18)
[2015.03.31-22.25.06:672][227]LogModuleManager: Shutting down and abandoning module OnlineSubsystem (16)
[2015.03.31-22.25.06:672][227]LogModuleManager: Shutting down and abandoning module OculusRift (15)
[2015.03.31-22.25.06:672][227]LogModuleManager: Shutting down and abandoning module ExampleDeviceProfileSelector (14)
[2015.03.31-22.25.06:672][227]LogModuleManager: Shutting down and abandoning module TextureCompressor (13)
[2015.03.31-22.25.06:672][227]LogModuleManager: Shutting down and abandoning module ShaderCore (12)
[2015.03.31-22.25.06:672][227]LogModuleManager: Shutting down and abandoning module Landscape (11)
[2015.03.31-22.25.06:672][227]LogModuleManager: Shutting down and abandoning module SlateRHIRenderer (10)
[2015.03.31-22.25.06:676][227]LogModuleManager: Shutting down and abandoning module OpenGLDrv (9)
[2015.03.31-22.25.06:676][227]LogModuleManager: Shutting down and abandoning module D3D11RHI (8)
[2015.03.31-22.25.06:676][227]LogModuleManager: Shutting down and abandoning module Renderer (7)
[2015.03.31-22.25.06:676][227]LogModuleManager: Shutting down and abandoning module Engine (6)
[2015.03.31-22.25.06:676][227]LogModuleManager: Shutting down and abandoning module CoreUObject (5)
[2015.03.31-22.25.06:677][227]LogModuleManager: Shutting down and abandoning module NetworkFile (4)
[2015.03.31-22.25.06:677][227]LogModuleManager: Shutting down and abandoning module StreamingFile (3)
[2015.03.31-22.25.06:677][227]LogModuleManager: Shutting down and abandoning module SandboxFile (2)
[2015.03.31-22.25.06:677][227]LogModuleManager: Shutting down and abandoning module PakFile (1)
[2015.03.31-22.25.06:677][227]LogExit: Exiting.
[2015.03.31-22.25.06:684][227]Log file closed, 04/01/15 00:25:06
